#
# There is insufficient memory for the Java Runtime Environment to continue.
# Native memory allocation (mmap) failed to map 130023424 bytes. Error detail: G1 virtual space
# Possible reasons:
#   The system is out of physical RAM or swap space
#   This process is running with CompressedOops enabled, and the Java Heap may be blocking the growth of the native heap
# Possible solutions:
#   Reduce memory load on the system
#   Increase physical memory or swap space
#   Check if swap backing store is full
#   Decrease Java heap size (-Xmx/-Xms)
#   Decrease number of Java threads
#   Decrease Java thread stack sizes (-Xss)
#   Set larger code cache with -XX:ReservedCodeCacheSize=
#   JVM is running with Unscaled Compressed Oops mode in which the Java heap is
#     placed in the first 4GB address space. The Java Heap base address is the
#     maximum limit for the native heap growth. Please use -XX:HeapBaseMinAddress
#     to set the Java Heap base and to place the Java Heap above 4GB virtual address.
# This output file may be truncated or incomplete.
#
#  Out of Memory Error (os_windows.cpp:3554), pid=19864, tid=30584
#
# JRE version:  (25.0.1+8) (build )
# Java VM: OpenJDK 64-Bit Server VM (25.0.1+8-LTS, mixed mode, sharing, tiered, compressed oops, compressed class ptrs, g1 gc, windows-amd64)
# No core dump will be written. Minidumps are not enabled by default on client versions of Windows
#

---------------  S U M M A R Y ------------

Command Line: --enable-native-access=ALL-UNNAMED 

Host: Intel(R) Core(TM) i3-1005G1 CPU @ 1.20GHz, 4 cores, 7G,  Windows 11 , 64 bit Build 26100 (10.0.26100.7920)
Time: Thu Apr  9 11:21:00 2026 SE Asia Standard Time elapsed time: 0.066189 seconds (0d 0h 0m 0s)

---------------  T H R E A D  ---------------

Current thread (0x0000021d093ed080):  JavaThread "Unknown thread" [_thread_in_vm, id=30584, stack(0x000000f5b6700000,0x000000f5b6800000) (1024K)]

Stack: [0x000000f5b6700000,0x000000f5b6800000]
Native frames: (J=compiled Java code, j=interpreted, Vv=VM code, C=native code)
V  [jvm.dll+0x7a8379]  (no source info available)
V  [jvm.dll+0x7729fd]  (no source info available)
V  [jvm.dll+0x9f57b3]  (no source info available)
V  [jvm.dll+0x9f7da1]  (no source info available)
V  [jvm.dll+0x9f84a3]  (no source info available)
V  [jvm.dll+0x2fcd26]  (no source info available)
V  [jvm.dll+0x7a45a5]  (no source info available)
V  [jvm.dll+0x797a07]  (no source info available)
V  [jvm.dll+0x3f4cb8]  (no source info available)
V  [jvm.dll+0x3fcbf6]  (no source info available)
V  [jvm.dll+0x3e938e]  (no source info available)
V  [jvm.dll+0x3e9648]  (no source info available)
V  [jvm.dll+0x3c0b15]  (no source info available)
V  [jvm.dll+0x3c179e]  (no source info available)
V  [jvm.dll+0x9bbc74]  (no source info available)
V  [jvm.dll+0x459892]  (no source info available)
V  [jvm.dll+0x99faa2]  (no source info available)
V  [jvm.dll+0x4fa061]  (no source info available)
V  [jvm.dll+0x4fb951]  (no source info available)
C  [jli.dll+0x53fa]  (no source info available)
C  [ucrtbase.dll+0x37b0]  (no source info available)
C  [KERNEL32.DLL+0x2e8d7]  (no source info available)
C  [ntdll.dll+0x8c48c]  (no source info available)

Lock stack of current Java thread (top to bottom):


---------------  P R O C E S S  ---------------

Threads class SMR info:
_java_thread_list=0x00007fffcb26df88, length=0, elements={
}

Java Threads: ( => current thread )
Total: 0

Other Threads:
  0x0000021d0b7c2180 WorkerThread "GC Thread#0"                     [id=5988, stack(0x000000f5b6800000,0x000000f5b6900000) (1024K)]
  0x0000021d0b7da650 ConcurrentGCThread "G1 Main Marker"            [id=25456, stack(0x000000f5b6900000,0x000000f5b6a00000) (1024K)]
  0x0000021d0b7dd400 WorkerThread "G1 Conc#0"                       [id=14172, stack(0x000000f5b6a00000,0x000000f5b6b00000) (1024K)]

[error occurred during error reporting (printing all threads), id 0xc0000005, EXCEPTION_ACCESS_VIOLATION (0xc0000005) at pc=0x00007fffca89538a]
VM state: not at safepoint (not fully initialized)

VM Mutex/Monitor currently owned by a thread:  ([mutex/lock_event])
[0x00007fffcb2f64e8] Heap_lock - owner thread: 0x0000021d093ed080

Heap address: 0x0000000084000000, size: 1984 MB, Compressed Oops mode: 32-bit

CDS archive(s) mapped at: [0x0000000000000000-0x0000000000000000-0x0000000000000000), size 0, SharedBaseAddress: 0x0000000800000000, ArchiveRelocationMode: 1.
UseCompressedClassPointers 1, UseCompactObjectHeaders 0
Narrow klass pointer bits 32, Max shift 3
Narrow klass base: 0xffffffffffffffff, Narrow klass shift: -1
Encoding Range: [0xffffffffffffffff - 0x000000007fffffff), (2147483648 bytes)
Klass Range:    [0x0000000000000000 - 0x0000000000000000), (0 bytes)
Klass ID Range:  [4294967295 - 0) (1)
No protection zone.

GC Precious Log:
 CardTable entry size: 512
 Card Set container configuration: InlinePtr #cards 5 size 8 Array Of Cards #cards 10 size 36 Howl #buckets 4 coarsen threshold 1843 Howl Bitmap #cards 512 size 80 coarsen threshold 460 Card regions per heap region 1 cards per card region 2048

Heap:
 garbage-first heap   total reserved 2031616K, committed 0K, used 0K [0x0000000084000000, 0x0000000100000000)
  region size 1024K, 0 young (0K), 0 survivors (0K)

Heap Regions: E=young(eden), S=young(survivor), O=old, HS=humongous(starts), HC=humongous(continues), CS=collection set, F=free, TAMS=top-at-mark-start, PB=parsable bottom

Card table byte_map: [0x0000021d23640000,0x0000021d23a20000] _byte_map_base: 0x0000021d23220000

Marking Bits: (CMBitMap*) 0x0000021d0b7c2910
 Bits: [0x0000021d23a20000, 0x0000021d25920000)

GC Heap Usage History (0 events):
No events

Metaspace Usage History (0 events):
No events

Dll operation events (1 events):
Event: 0.018 Loaded shared library C:\Program Files\Apache NetBeans\jdk\bin\java.dll

Deoptimization events (0 events):
No events

Classes loaded (0 events):
No events

Classes unloaded (0 events):
No events

Classes redefined (0 events):
No events

Internal exceptions (0 events):
No events

VM Operations (0 events):
No events

Memory protections (0 events):
No events

Nmethod flushes (0 events):
No events

Events (0 events):
No events


Dynamic libraries:
0x00007ff6ba830000 - 0x00007ff6ba83e000 	C:\Program Files\Apache NetBeans\jdk\bin\java.exe
0x00007ff844ec0000 - 0x00007ff845127000 	C:\WINDOWS\SYSTEM32\ntdll.dll
0x00007ff8441d0000 - 0x00007ff844299000 	C:\WINDOWS\System32\KERNEL32.DLL
0x00007ff841c90000 - 0x00007ff842081000 	C:\WINDOWS\System32\KERNELBASE.dll
0x00007ff8422a0000 - 0x00007ff8423eb000 	C:\WINDOWS\System32\ucrtbase.dll
0x00007ff82abd0000 - 0x00007ff82abe6000 	C:\Program Files\Apache NetBeans\jdk\bin\jli.dll
0x00007ff8442b0000 - 0x00007ff844475000 	C:\WINDOWS\System32\USER32.dll
0x00007ff8421c0000 - 0x00007ff8421e7000 	C:\WINDOWS\System32\win32u.dll
0x00007ff844e50000 - 0x00007ff844e7b000 	C:\WINDOWS\System32\GDI32.dll
0x00007ff842090000 - 0x00007ff8421bb000 	C:\WINDOWS\System32\gdi32full.dll
0x00007ff841b20000 - 0x00007ff841bc3000 	C:\WINDOWS\System32\msvcp_win.dll
0x00007ff82ae40000 - 0x00007ff82ae5e000 	C:\Program Files\Apache NetBeans\jdk\bin\VCRUNTIME140.dll
0x00007ff82e010000 - 0x00007ff82e2a3000 	C:\WINDOWS\WinSxS\amd64_microsoft.windows.common-controls_6595b64144ccf1df_6.0.26100.8037_none_3e092faae333b53b\COMCTL32.dll
0x00007ff842f20000 - 0x00007ff842fc9000 	C:\WINDOWS\System32\msvcrt.dll
0x00007ff843740000 - 0x00007ff843771000 	C:\WINDOWS\System32\IMM32.DLL
0x00007ff82d810000 - 0x00007ff82d81c000 	C:\Program Files\Apache NetBeans\jdk\bin\vcruntime140_1.dll
0x00007ff80c770000 - 0x00007ff80c7fd000 	C:\Program Files\Apache NetBeans\jdk\bin\msvcp140.dll
0x00007fffca4c0000 - 0x00007fffcb3e6000 	C:\Program Files\Apache NetBeans\jdk\bin\server\jvm.dll
0x00007ff844000000 - 0x00007ff8440bb000 	C:\WINDOWS\System32\ADVAPI32.dll
0x00007ff843ee0000 - 0x00007ff843f87000 	C:\WINDOWS\System32\sechost.dll
0x00007ff843c80000 - 0x00007ff843d98000 	C:\WINDOWS\System32\RPCRT4.dll
0x00007ff842da0000 - 0x00007ff842e14000 	C:\WINDOWS\System32\WS2_32.dll
0x00007ff841600000 - 0x00007ff84165e000 	C:\WINDOWS\SYSTEM32\POWRPROF.dll
0x00007ff82b480000 - 0x00007ff82b4b5000 	C:\WINDOWS\SYSTEM32\WINMM.dll
0x00007ff83b960000 - 0x00007ff83b96b000 	C:\WINDOWS\SYSTEM32\VERSION.dll
0x00007ff8415e0000 - 0x00007ff8415f4000 	C:\WINDOWS\SYSTEM32\UMPDC.dll
0x00007ff840530000 - 0x00007ff84054b000 	C:\WINDOWS\SYSTEM32\kernel.appcore.dll
0x00007ff82d7c0000 - 0x00007ff82d7ca000 	C:\Program Files\Apache NetBeans\jdk\bin\jimage.dll
0x00007ff83f850000 - 0x00007ff83fa92000 	C:\WINDOWS\SYSTEM32\DBGHELP.DLL
0x00007ff844480000 - 0x00007ff844802000 	C:\WINDOWS\System32\combase.dll
0x00007ff843ba0000 - 0x00007ff843c77000 	C:\WINDOWS\System32\OLEAUT32.dll
0x00007ff832830000 - 0x00007ff83286b000 	C:\WINDOWS\SYSTEM32\dbgcore.DLL
0x00007ff8421f0000 - 0x00007ff842295000 	C:\WINDOWS\System32\bcryptPrimitives.dll
0x00007ff82ac80000 - 0x00007ff82ac9e000 	C:\Program Files\Apache NetBeans\jdk\bin\java.dll
0x00007ff843a00000 - 0x00007ff843b95000 	C:\WINDOWS\System32\ole32.dll
0x00007ff842fd0000 - 0x00007ff84372f000 	C:\WINDOWS\System32\SHELL32.dll
0x00007ff8419b0000 - 0x00007ff841b1a000 	C:\WINDOWS\System32\wintypes.dll

JVMTI agents: none

dbghelp: loaded successfully - version: 4.0.5 - missing functions: none
symbol engine: initialized successfully - sym options: 0x614 - pdb path: .;C:\Program Files\Apache NetBeans\jdk\bin;C:\WINDOWS\SYSTEM32;C:\WINDOWS\WinSxS\amd64_microsoft.windows.common-controls_6595b64144ccf1df_6.0.26100.8037_none_3e092faae333b53b;C:\Program Files\Apache NetBeans\jdk\bin\server

VM Arguments:
jvm_args: --enable-native-access=ALL-UNNAMED 
java_command: <unknown>
java_class_path (initial): <not set>
Launcher Type: SUN_STANDARD

[Global flags]
     intx CICompilerCount                          = 3                                         {product} {ergonomic}
     uint ConcGCThreads                            = 1                                         {product} {ergonomic}
     uint G1ConcRefinementThreads                  = 4                                         {product} {ergonomic}
   size_t G1HeapRegionSize                         = 1048576                                   {product} {ergonomic}
   size_t InitialHeapSize                          = 130023424                                 {product} {ergonomic}
   size_t MarkStackSize                            = 4194304                                   {product} {ergonomic}
   size_t MarkStackSizeMax                         = 536870912                                 {product} {ergonomic}
   size_t MaxHeapSize                              = 2080374784                                {product} {ergonomic}
   size_t MinHeapDeltaBytes                        = 1048576                                   {product} {ergonomic}
   size_t MinHeapSize                              = 8388608                                   {product} {ergonomic}
    uintx NonNMethodCodeHeapSize                   = 5832704                                {pd product} {ergonomic}
    uintx NonProfiledCodeHeapSize                  = 122945536                              {pd product} {ergonomic}
    uintx ProfiledCodeHeapSize                     = 122880000                              {pd product} {ergonomic}
    uintx ReservedCodeCacheSize                    = 251658240                              {pd product} {ergonomic}
     bool SegmentedCodeCache                       = true                                      {product} {ergonomic}
   size_t SoftMaxHeapSize                          = 2080374784                             {manageable} {ergonomic}
     bool UseCompressedOops                        = true                           {product lp64_product} {ergonomic}
     bool UseG1GC                                  = true                                      {product} {ergonomic}
     bool UseLargePagesIndividualAllocation        = false                                  {pd product} {ergonomic}

Logging:
Log output configuration:
 #0: stdout all=warning uptime,level,tags foldmultilines=false
 #1: stderr all=off uptime,level,tags foldmultilines=false

Release file:
<release file has not been read>
Environment Variables:
JAVA_HOME=C:\Program Files\Apache NetBeans\jdk
PATH=C:\Program Files\Common Files\Oracle\Java\javapath;C:\Windows\system32;C:\Windows;C:\Windows\System32\Wbem;C:\Windows\System32\WindowsPowerShell\v1.0\;C:\Windows\System32\OpenSSH\;C:\Program Files (x86)\NVIDIA Corporation\PhysX\Common;C:\WINDOWS\system32;C:\WINDOWS;C:\WINDOWS\System32\Wbem;C:\WINDOWS\System32\WindowsPowerShell\v1.0\;C:\WINDOWS\System32\OpenSSH\;C:\MinGW\bin;C:\Program Files\Java\jdk-25.0.2\bin;C:\Users\ASUS\AppData\Local\Microsoft\WindowsApps;C:\Users\ASUS\AppData\Local\Programs\Microsoft VS Code\bin
USERNAME=ASUS
OS=Windows_NT
PROCESSOR_IDENTIFIER=Intel64 Family 6 Model 126 Stepping 5, GenuineIntel
TMP=C:\Users\ASUS\AppData\Local\Temp
TEMP=C:\Users\ASUS\AppData\Local\Temp




Compilation memory statistics disabled.

Periodic native trim disabled

---------------  S Y S T E M  ---------------

OS:
 Windows 11 , 64 bit Build 26100 (10.0.26100.7920)
OS uptime: 19 days 14:48 hours

CPU: total 4 (initial active 4) (2 cores per cpu, 2 threads per core) family 6 model 126 stepping 5 microcode 0xa0, cx8, cmov, fxsr, ht, mmx, 3dnowpref, sse, sse2, sse3, ssse3, sse4.1, sse4.2, popcnt, lzcnt, tsc, tscinvbit, avx, avx2, aes, erms, clmul, bmi1, bmi2, adx, avx512f, avx512dq, avx512cd, avx512bw, avx512vl, sha, fma, vzeroupper, avx512_vpopcntdq, avx512_vpclmulqdq, avx512_vaes, avx512_vnni, clflush, clflushopt, avx512_vbmi2, avx512_vbmi, rdtscp, rdpid, fsrm, gfni, avx512_bitalg, f16c, pku, avx512_ifma
Processor Information for the first 4 processors :
  Max Mhz: 1190, Current Mhz: 1190, Mhz Limit: 1190

Memory: 4k page, system-wide physical 7932M (938M free)
TotalPageFile size 16124M (AvailPageFile size 75M)
current process WorkingSet (physical memory assigned to process): 13M, peak: 13M
current process commit charge ("private bytes"): 52M, peak: 176M

vm_info: OpenJDK 64-Bit Server VM (25.0.1+8-LTS) for windows-amd64 JRE (25.0.1+8-LTS), built on 2025-10-21T00:00:00Z with unknown MS VC++:1942

END.
