#
# There is insufficient memory for the Java Runtime Environment to continue.
# Native memory allocation (malloc) failed to allocate 32752 bytes. Error detail: Chunk::new
# Possible reasons:
#   The system is out of physical RAM or swap space
#   This process is running with CompressedOops enabled, and the Java Heap may be blocking the growth of the native heap
# Possible solutions:
#   Reduce memory load on the system
#   Increase physical memory or swap space
#   Check if swap backing store is full
#   Decrease Java heap size (-Xmx/-Xms)
#   Decrease number of Java threads
#   Decrease Java thread stack sizes (-Xss)
#   Set larger code cache with -XX:ReservedCodeCacheSize=
#   JVM is running with Unscaled Compressed Oops mode in which the Java heap is
#     placed in the first 4GB address space. The Java Heap base address is the
#     maximum limit for the native heap growth. Please use -XX:HeapBaseMinAddress
#     to set the Java Heap base and to place the Java Heap above 4GB virtual address.
# This output file may be truncated or incomplete.
#
#  Out of Memory Error (arena.cpp:186), pid=22132, tid=19744
#
# JRE version: OpenJDK Runtime Environment Temurin-25.0.1+8 (25.0.1+8) (build 25.0.1+8-LTS)
# Java VM: OpenJDK 64-Bit Server VM Temurin-25.0.1+8 (25.0.1+8-LTS, mixed mode, sharing, tiered, compressed oops, compressed class ptrs, g1 gc, windows-amd64)
# No core dump will be written. Minidumps are not enabled by default on client versions of Windows
#

---------------  S U M M A R Y ------------

Command Line: com.mycompany.sewa_camping.FormLogin

Host: Intel(R) Core(TM) i3-1005G1 CPU @ 1.20GHz, 4 cores, 7G,  Windows 11 , 64 bit Build 26100 (10.0.26100.7920)
Time: Thu Apr  9 16:05:55 2026 SE Asia Standard Time elapsed time: 11.403703 seconds (0d 0h 0m 11s)

---------------  T H R E A D  ---------------

Current thread (0x0000024e6c5a0aa0):  JavaThread "C1 CompilerThread0" daemon [_thread_in_native, id=19744, stack(0x000000b3a9900000,0x000000b3a9a00000) (1024K)]


Current CompileTask:
C1:11403 2636       3       jdk.internal.classfile.impl.StackMapGenerator::processBlock (2767 bytes)

Stack: [0x000000b3a9900000,0x000000b3a9a00000]
Native frames: (J=compiled Java code, j=interpreted, Vv=VM code, C=native code)
V  [jvm.dll+0x7a8379]  (no source info available)
V  [jvm.dll+0x7729fd]  (no source info available)
V  [jvm.dll+0x9f57b3]  (no source info available)
V  [jvm.dll+0x9f7da1]  (no source info available)
V  [jvm.dll+0x9f84a3]  (no source info available)
V  [jvm.dll+0x2fcd26]  (no source info available)
V  [jvm.dll+0x111086]  (no source info available)
V  [jvm.dll+0x1113ae]  (no source info available)
V  [jvm.dll+0x2036ce]  (no source info available)
V  [jvm.dll+0x205a51]  (no source info available)
V  [jvm.dll+0x2035b5]  (no source info available)
V  [jvm.dll+0x1fe8ac]  (no source info available)
V  [jvm.dll+0x2077ab]  (no source info available)
V  [jvm.dll+0x1ff980]  (no source info available)
V  [jvm.dll+0x2028a2]  (no source info available)
V  [jvm.dll+0x1be767]  (no source info available)
V  [jvm.dll+0x1bdf5f]  (no source info available)
V  [jvm.dll+0x1be220]  (no source info available)
V  [jvm.dll+0x1bd561]  (no source info available)
V  [jvm.dll+0x1bf3ad]  (no source info available)
V  [jvm.dll+0x2cf386]  (no source info available)
V  [jvm.dll+0x2cd60a]  (no source info available)
V  [jvm.dll+0x48f64e]  (no source info available)
V  [jvm.dll+0x99630d]  (no source info available)
V  [jvm.dll+0x7a6955]  (no source info available)
C  [ucrtbase.dll+0x37b0]  (no source info available)
C  [KERNEL32.DLL+0x2e8d7]  (no source info available)
C  [ntdll.dll+0x8c48c]  (no source info available)

Lock stack of current Java thread (top to bottom):


---------------  P R O C E S S  ---------------

Threads class SMR info:
_java_thread_list=0x0000024e6c7b1310, length=17, elements={
0x0000024e6c596090, 0x0000024e6c598060, 0x0000024e6c59a0b0, 0x0000024e6c59bc80,
0x0000024e6c59c9a0, 0x0000024e6c59dd30, 0x0000024e6c59fd60, 0x0000024e6c5a0aa0,
0x0000024e6c678030, 0x0000024e6c678a70, 0x0000024e6ca146e0, 0x0000024e6ca14ea0,
0x0000024e71285430, 0x0000024e71413be0, 0x0000024e6c6d7090, 0x0000024e72420720,
0x0000024e7162e5e0
}

Java Threads: ( => current thread )
  0x0000024e6c596090 JavaThread "Reference Handler"          daemon [_thread_blocked, id=25556, stack(0x000000b3a9200000,0x000000b3a9300000) (1024K)]
  0x0000024e6c598060 JavaThread "Finalizer"                  daemon [_thread_blocked, id=26244, stack(0x000000b3a9300000,0x000000b3a9400000) (1024K)]
  0x0000024e6c59a0b0 JavaThread "Signal Dispatcher"          daemon [_thread_blocked, id=30508, stack(0x000000b3a9400000,0x000000b3a9500000) (1024K)]
  0x0000024e6c59bc80 JavaThread "Attach Listener"            daemon [_thread_blocked, id=18336, stack(0x000000b3a9500000,0x000000b3a9600000) (1024K)]
  0x0000024e6c59c9a0 JavaThread "Service Thread"             daemon [_thread_blocked, id=5812, stack(0x000000b3a9600000,0x000000b3a9700000) (1024K)]
  0x0000024e6c59dd30 JavaThread "Monitor Deflation Thread"   daemon [_thread_blocked, id=30652, stack(0x000000b3a9700000,0x000000b3a9800000) (1024K)]
  0x0000024e6c59fd60 JavaThread "C2 CompilerThread0"         daemon [_thread_blocked, id=17636, stack(0x000000b3a9800000,0x000000b3a9900000) (1024K)]
=>0x0000024e6c5a0aa0 JavaThread "C1 CompilerThread0"         daemon [_thread_in_native, id=19744, stack(0x000000b3a9900000,0x000000b3a9a00000) (1024K)]
  0x0000024e6c678030 JavaThread "Notification Thread"        daemon [_thread_blocked, id=32028, stack(0x000000b3a9a00000,0x000000b3a9b00000) (1024K)]
  0x0000024e6c678a70 JavaThread "Common-Cleaner"             daemon [_thread_blocked, id=4520, stack(0x000000b3a9b00000,0x000000b3a9c00000) (1024K)]
  0x0000024e6ca146e0 JavaThread "Java2D Disposer"            daemon [_thread_blocked, id=18620, stack(0x000000b3a9c00000,0x000000b3a9d00000) (1024K)]
  0x0000024e6ca14ea0 JavaThread "AWT-Shutdown"                      [_thread_blocked, id=15108, stack(0x000000b3a9d00000,0x000000b3a9e00000) (1024K)]
  0x0000024e71285430 JavaThread "AWT-Windows"                daemon [_thread_in_native, id=6224, stack(0x000000b3a9e00000,0x000000b3a9f00000) (1024K)]
  0x0000024e71413be0 JavaThread "AWT-EventQueue-0"                  [_thread_blocked, id=18724, stack(0x000000b3a9f00000,0x000000b3aa000000) (1024K)]
  0x0000024e6c6d7090 JavaThread "DestroyJavaVM"                     [_thread_blocked, id=21372, stack(0x000000b3a8a00000,0x000000b3a8b00000) (1024K)]
  0x0000024e72420720 JavaThread "TimerQueue"                 daemon [_thread_blocked, id=25448, stack(0x000000b3aa400000,0x000000b3aa500000) (1024K)]
  0x0000024e7162e5e0 JavaThread "mysql-cj-abandoned-connection-cleanup" daemon [_thread_blocked, id=3556, stack(0x000000b3aa300000,0x000000b3aa400000) (1024K)]
Total: 17

Other Threads:
  0x0000024e6c584130 VMThread "VM Thread"                           [id=20272, stack(0x000000b3a9100000,0x000000b3a9200000) (1024K)]
  0x0000024e6c570e30 WatcherThread "VM Periodic Task Thread"        [id=33916, stack(0x000000b3a9000000,0x000000b3a9100000) (1024K)]
  0x0000024e4ffa5bf0 WorkerThread "GC Thread#0"                     [id=22400, stack(0x000000b3a8b00000,0x000000b3a8c00000) (1024K)]
  0x0000024e6c868580 WorkerThread "GC Thread#1"                     [id=2536, stack(0x000000b3aa600000,0x000000b3aa700000) (1024K)]
  0x0000024e71785520 WorkerThread "GC Thread#2"                     [id=1864, stack(0x000000b3aa700000,0x000000b3aa800000) (1024K)]
  0x0000024e71785950 WorkerThread "GC Thread#3"                     [id=23824, stack(0x000000b3aa800000,0x000000b3aa900000) (1024K)]
  0x0000024e4ffdb720 ConcurrentGCThread "G1 Main Marker"            [id=5636, stack(0x000000b3a8c00000,0x000000b3a8d00000) (1024K)]
  0x0000024e4ffde870 WorkerThread "G1 Conc#0"                       [id=31556, stack(0x000000b3a8d00000,0x000000b3a8e00000) (1024K)]
  0x0000024e5000e7d0 ConcurrentGCThread "G1 Refine#0"               [id=8316, stack(0x000000b3a8e00000,0x000000b3a8f00000) (1024K)]
  0x0000024e6c43a4e0 ConcurrentGCThread "G1 Service"                [id=32704, stack(0x000000b3a8f00000,0x000000b3a9000000) (1024K)]
Total: 10

Threads with active compile tasks:
C1 CompilerThread0  11466 2636       3       jdk.internal.classfile.impl.StackMapGenerator::processBlock (2767 bytes)
Total: 1

VM state: not at safepoint (normal execution)

VM Mutex/Monitor currently owned by a thread: None

Heap address: 0x0000000084000000, size: 1984 MB, Compressed Oops mode: 32-bit

CDS archive(s) mapped at: [0x0000000016000000-0x0000000016dd0000-0x0000000016dd0000), size 14483456, SharedBaseAddress: 0x0000000016000000, ArchiveRelocationMode: 1.
Compressed class space mapped at: 0x0000000017000000-0x0000000057000000, reserved size: 1073741824
UseCompressedClassPointers 1, UseCompactObjectHeaders 0
Narrow klass pointer bits 32, Max shift 3
Narrow klass base: 0x0000000016000000, Narrow klass shift: 0
Encoding Range: [0x0000000016000000 - 0x0000000116000000), (4294967296 bytes)
Klass Range:    [0x0000000016010000 - 0x0000000057000000), (1090453504 bytes)
Klass ID Range:  [65536 - 1090519033) (1090453497)
Protection zone: [0x0000000016000000 - 0x0000000016010000), (65536 bytes)

GC Precious Log:
 CardTable entry size: 512
 Card Set container configuration: InlinePtr #cards 5 size 8 Array Of Cards #cards 10 size 36 Howl #buckets 4 coarsen threshold 1843 Howl Bitmap #cards 512 size 80 coarsen threshold 460 Card regions per heap region 1 cards per card region 2048
 CPUs: 4 total, 4 available
 Memory: 7932M
 Large Page Support: Disabled
 NUMA Support: Disabled
 Compressed Oops: Enabled (32-bit)
 Heap Region Size: 1M
 Heap Min Capacity: 8M
 Heap Initial Capacity: 124M
 Heap Max Capacity: 1984M
 Pre-touch: Disabled
 Parallel Workers: 4
 Concurrent Workers: 1
 Concurrent Refinement Workers: 4
 Periodic GC: Disabled

Heap:
 garbage-first heap   total reserved 2031616K, committed 129024K, used 19987K [0x0000000084000000, 0x0000000100000000)
  region size 1024K, 14 young (14336K), 4 survivors (4096K)

Heap Regions: E=young(eden), S=young(survivor), O=old, HS=humongous(starts), HC=humongous(continues), CS=collection set, F=free, TAMS=top-at-mark-start, PB=parsable bottom
|   0|0x0000000084000000, 0x0000000084100000, 0x0000000084100000|100%|HS|  |TAMS 0x0000000084000000| PB 0x0000000084000000| Complete |  0
|   1|0x0000000084100000, 0x0000000084200000, 0x0000000084200000|100%|HC|  |TAMS 0x0000000084100000| PB 0x0000000084100000| Complete |  0
|   2|0x0000000084200000, 0x0000000084300000, 0x0000000084300000|100%|HS|  |TAMS 0x0000000084200000| PB 0x0000000084200000| Complete |  0
|   3|0x0000000084300000, 0x0000000084400000, 0x0000000084400000|100%|HC|  |TAMS 0x0000000084300000| PB 0x0000000084300000| Complete |  0
|   4|0x0000000084400000, 0x0000000084500000, 0x0000000084500000|100%|HC|  |TAMS 0x0000000084400000| PB 0x0000000084400000| Complete |  0
|   5|0x0000000084500000, 0x0000000084600000, 0x0000000084600000|100%|HC|  |TAMS 0x0000000084500000| PB 0x0000000084500000| Complete |  0
|   6|0x0000000084600000, 0x0000000084600000, 0x0000000084700000|  0%| F|  |TAMS 0x0000000084600000| PB 0x0000000084600000| Untracked |  0
|   7|0x0000000084700000, 0x0000000084700000, 0x0000000084800000|  0%| F|  |TAMS 0x0000000084700000| PB 0x0000000084700000| Untracked |  0
|   8|0x0000000084800000, 0x0000000084800000, 0x0000000084900000|  0%| F|  |TAMS 0x0000000084800000| PB 0x0000000084800000| Untracked |  0
|   9|0x0000000084900000, 0x0000000084900000, 0x0000000084a00000|  0%| F|  |TAMS 0x0000000084900000| PB 0x0000000084900000| Untracked |  0
|  10|0x0000000084a00000, 0x0000000084a00000, 0x0000000084b00000|  0%| F|  |TAMS 0x0000000084a00000| PB 0x0000000084a00000| Untracked |  0
|  11|0x0000000084b00000, 0x0000000084b00000, 0x0000000084c00000|  0%| F|  |TAMS 0x0000000084b00000| PB 0x0000000084b00000| Untracked |  0
|  12|0x0000000084c00000, 0x0000000084c00000, 0x0000000084d00000|  0%| F|  |TAMS 0x0000000084c00000| PB 0x0000000084c00000| Untracked |  0
|  13|0x0000000084d00000, 0x0000000084d00000, 0x0000000084e00000|  0%| F|  |TAMS 0x0000000084d00000| PB 0x0000000084d00000| Untracked |  0
|  14|0x0000000084e00000, 0x0000000084e00000, 0x0000000084f00000|  0%| F|  |TAMS 0x0000000084e00000| PB 0x0000000084e00000| Untracked |  0
|  15|0x0000000084f00000, 0x0000000084f00000, 0x0000000085000000|  0%| F|  |TAMS 0x0000000084f00000| PB 0x0000000084f00000| Untracked |  0
|  16|0x0000000085000000, 0x0000000085000000, 0x0000000085100000|  0%| F|  |TAMS 0x0000000085000000| PB 0x0000000085000000| Untracked |  0
|  17|0x0000000085100000, 0x0000000085100000, 0x0000000085200000|  0%| F|  |TAMS 0x0000000085100000| PB 0x0000000085100000| Untracked |  0
|  18|0x0000000085200000, 0x0000000085200000, 0x0000000085300000|  0%| F|  |TAMS 0x0000000085200000| PB 0x0000000085200000| Untracked |  0
|  19|0x0000000085300000, 0x0000000085300000, 0x0000000085400000|  0%| F|  |TAMS 0x0000000085300000| PB 0x0000000085300000| Untracked |  0
|  20|0x0000000085400000, 0x0000000085400000, 0x0000000085500000|  0%| F|  |TAMS 0x0000000085400000| PB 0x0000000085400000| Untracked |  0
|  21|0x0000000085500000, 0x0000000085500000, 0x0000000085600000|  0%| F|  |TAMS 0x0000000085500000| PB 0x0000000085500000| Untracked |  0
|  22|0x0000000085600000, 0x0000000085600000, 0x0000000085700000|  0%| F|  |TAMS 0x0000000085600000| PB 0x0000000085600000| Untracked |  0
|  23|0x0000000085700000, 0x0000000085700000, 0x0000000085800000|  0%| F|  |TAMS 0x0000000085700000| PB 0x0000000085700000| Untracked |  0
|  24|0x0000000085800000, 0x0000000085800000, 0x0000000085900000|  0%| F|  |TAMS 0x0000000085800000| PB 0x0000000085800000| Untracked |  0
|  25|0x0000000085900000, 0x0000000085900000, 0x0000000085a00000|  0%| F|  |TAMS 0x0000000085900000| PB 0x0000000085900000| Untracked |  0
|  26|0x0000000085a00000, 0x0000000085a00000, 0x0000000085b00000|  0%| F|  |TAMS 0x0000000085a00000| PB 0x0000000085a00000| Untracked |  0
|  27|0x0000000085b00000, 0x0000000085b00000, 0x0000000085c00000|  0%| F|  |TAMS 0x0000000085b00000| PB 0x0000000085b00000| Untracked |  0
|  28|0x0000000085c00000, 0x0000000085c00000, 0x0000000085d00000|  0%| F|  |TAMS 0x0000000085c00000| PB 0x0000000085c00000| Untracked |  0
|  29|0x0000000085d00000, 0x0000000085d00000, 0x0000000085e00000|  0%| F|  |TAMS 0x0000000085d00000| PB 0x0000000085d00000| Untracked |  0
|  30|0x0000000085e00000, 0x0000000085e00000, 0x0000000085f00000|  0%| F|  |TAMS 0x0000000085e00000| PB 0x0000000085e00000| Untracked |  0
|  31|0x0000000085f00000, 0x0000000085f00000, 0x0000000086000000|  0%| F|  |TAMS 0x0000000085f00000| PB 0x0000000085f00000| Untracked |  0
|  32|0x0000000086000000, 0x0000000086000000, 0x0000000086100000|  0%| F|  |TAMS 0x0000000086000000| PB 0x0000000086000000| Untracked |  0
|  33|0x0000000086100000, 0x0000000086100000, 0x0000000086200000|  0%| F|  |TAMS 0x0000000086100000| PB 0x0000000086100000| Untracked |  0
|  34|0x0000000086200000, 0x0000000086200000, 0x0000000086300000|  0%| F|  |TAMS 0x0000000086200000| PB 0x0000000086200000| Untracked |  0
|  35|0x0000000086300000, 0x0000000086300000, 0x0000000086400000|  0%| F|  |TAMS 0x0000000086300000| PB 0x0000000086300000| Untracked |  0
|  36|0x0000000086400000, 0x0000000086400000, 0x0000000086500000|  0%| F|  |TAMS 0x0000000086400000| PB 0x0000000086400000| Untracked |  0
|  37|0x0000000086500000, 0x0000000086500000, 0x0000000086600000|  0%| F|  |TAMS 0x0000000086500000| PB 0x0000000086500000| Untracked |  0
|  38|0x0000000086600000, 0x0000000086600000, 0x0000000086700000|  0%| F|  |TAMS 0x0000000086600000| PB 0x0000000086600000| Untracked |  0
|  39|0x0000000086700000, 0x0000000086700000, 0x0000000086800000|  0%| F|  |TAMS 0x0000000086700000| PB 0x0000000086700000| Untracked |  0
|  40|0x0000000086800000, 0x0000000086800000, 0x0000000086900000|  0%| F|  |TAMS 0x0000000086800000| PB 0x0000000086800000| Untracked |  0
|  41|0x0000000086900000, 0x0000000086900000, 0x0000000086a00000|  0%| F|  |TAMS 0x0000000086900000| PB 0x0000000086900000| Untracked |  0
|  42|0x0000000086a00000, 0x0000000086a00000, 0x0000000086b00000|  0%| F|  |TAMS 0x0000000086a00000| PB 0x0000000086a00000| Untracked |  0
|  43|0x0000000086b00000, 0x0000000086b00000, 0x0000000086c00000|  0%| F|  |TAMS 0x0000000086b00000| PB 0x0000000086b00000| Untracked |  0
|  44|0x0000000086c00000, 0x0000000086c00000, 0x0000000086d00000|  0%| F|  |TAMS 0x0000000086c00000| PB 0x0000000086c00000| Untracked |  0
|  45|0x0000000086d00000, 0x0000000086d00000, 0x0000000086e00000|  0%| F|  |TAMS 0x0000000086d00000| PB 0x0000000086d00000| Untracked |  0
|  46|0x0000000086e00000, 0x0000000086e00000, 0x0000000086f00000|  0%| F|  |TAMS 0x0000000086e00000| PB 0x0000000086e00000| Untracked |  0
|  47|0x0000000086f00000, 0x0000000086f00000, 0x0000000087000000|  0%| F|  |TAMS 0x0000000086f00000| PB 0x0000000086f00000| Untracked |  0
|  48|0x0000000087000000, 0x0000000087000000, 0x0000000087100000|  0%| F|  |TAMS 0x0000000087000000| PB 0x0000000087000000| Untracked |  0
|  49|0x0000000087100000, 0x0000000087100000, 0x0000000087200000|  0%| F|  |TAMS 0x0000000087100000| PB 0x0000000087100000| Untracked |  0
|  50|0x0000000087200000, 0x0000000087200000, 0x0000000087300000|  0%| F|  |TAMS 0x0000000087200000| PB 0x0000000087200000| Untracked |  0
|  51|0x0000000087300000, 0x0000000087300000, 0x0000000087400000|  0%| F|  |TAMS 0x0000000087300000| PB 0x0000000087300000| Untracked |  0
|  52|0x0000000087400000, 0x0000000087400000, 0x0000000087500000|  0%| F|  |TAMS 0x0000000087400000| PB 0x0000000087400000| Untracked |  0
|  53|0x0000000087500000, 0x0000000087500000, 0x0000000087600000|  0%| F|  |TAMS 0x0000000087500000| PB 0x0000000087500000| Untracked |  0
|  54|0x0000000087600000, 0x0000000087600000, 0x0000000087700000|  0%| F|  |TAMS 0x0000000087600000| PB 0x0000000087600000| Untracked |  0
|  55|0x0000000087700000, 0x0000000087700000, 0x0000000087800000|  0%| F|  |TAMS 0x0000000087700000| PB 0x0000000087700000| Untracked |  0
|  56|0x0000000087800000, 0x0000000087800000, 0x0000000087900000|  0%| F|  |TAMS 0x0000000087800000| PB 0x0000000087800000| Untracked |  0
|  57|0x0000000087900000, 0x0000000087900000, 0x0000000087a00000|  0%| F|  |TAMS 0x0000000087900000| PB 0x0000000087900000| Untracked |  0
|  58|0x0000000087a00000, 0x0000000087a00000, 0x0000000087b00000|  0%| F|  |TAMS 0x0000000087a00000| PB 0x0000000087a00000| Untracked |  0
|  59|0x0000000087b00000, 0x0000000087b00000, 0x0000000087c00000|  0%| F|  |TAMS 0x0000000087b00000| PB 0x0000000087b00000| Untracked |  0
|  60|0x0000000087c00000, 0x0000000087c00000, 0x0000000087d00000|  0%| F|  |TAMS 0x0000000087c00000| PB 0x0000000087c00000| Untracked |  0
|  61|0x0000000087d00000, 0x0000000087d00000, 0x0000000087e00000|  0%| F|  |TAMS 0x0000000087d00000| PB 0x0000000087d00000| Untracked |  0
|  62|0x0000000087e00000, 0x0000000087e00000, 0x0000000087f00000|  0%| F|  |TAMS 0x0000000087e00000| PB 0x0000000087e00000| Untracked |  0
|  63|0x0000000087f00000, 0x0000000087f00000, 0x0000000088000000|  0%| F|  |TAMS 0x0000000087f00000| PB 0x0000000087f00000| Untracked |  0
|  64|0x0000000088000000, 0x0000000088000000, 0x0000000088100000|  0%| F|  |TAMS 0x0000000088000000| PB 0x0000000088000000| Untracked |  0
|  65|0x0000000088100000, 0x0000000088100000, 0x0000000088200000|  0%| F|  |TAMS 0x0000000088100000| PB 0x0000000088100000| Untracked |  0
|  66|0x0000000088200000, 0x0000000088200000, 0x0000000088300000|  0%| F|  |TAMS 0x0000000088200000| PB 0x0000000088200000| Untracked |  0
|  67|0x0000000088300000, 0x0000000088300000, 0x0000000088400000|  0%| F|  |TAMS 0x0000000088300000| PB 0x0000000088300000| Untracked |  0
|  68|0x0000000088400000, 0x0000000088400000, 0x0000000088500000|  0%| F|  |TAMS 0x0000000088400000| PB 0x0000000088400000| Untracked |  0
|  69|0x0000000088500000, 0x0000000088500000, 0x0000000088600000|  0%| F|  |TAMS 0x0000000088500000| PB 0x0000000088500000| Untracked |  0
|  70|0x0000000088600000, 0x0000000088600000, 0x0000000088700000|  0%| F|  |TAMS 0x0000000088600000| PB 0x0000000088600000| Untracked |  0
|  71|0x0000000088700000, 0x0000000088700000, 0x0000000088800000|  0%| F|  |TAMS 0x0000000088700000| PB 0x0000000088700000| Untracked |  0
|  72|0x0000000088800000, 0x0000000088800000, 0x0000000088900000|  0%| F|  |TAMS 0x0000000088800000| PB 0x0000000088800000| Untracked |  0
|  73|0x0000000088900000, 0x0000000088900000, 0x0000000088a00000|  0%| F|  |TAMS 0x0000000088900000| PB 0x0000000088900000| Untracked |  0
|  74|0x0000000088a00000, 0x0000000088a00000, 0x0000000088b00000|  0%| F|  |TAMS 0x0000000088a00000| PB 0x0000000088a00000| Untracked |  0
|  75|0x0000000088b00000, 0x0000000088b00000, 0x0000000088c00000|  0%| F|  |TAMS 0x0000000088b00000| PB 0x0000000088b00000| Untracked |  0
|  76|0x0000000088c00000, 0x0000000088c00000, 0x0000000088d00000|  0%| F|  |TAMS 0x0000000088c00000| PB 0x0000000088c00000| Untracked |  0
|  77|0x0000000088d00000, 0x0000000088d00000, 0x0000000088e00000|  0%| F|  |TAMS 0x0000000088d00000| PB 0x0000000088d00000| Untracked |  0
|  78|0x0000000088e00000, 0x0000000088e00000, 0x0000000088f00000|  0%| F|  |TAMS 0x0000000088e00000| PB 0x0000000088e00000| Untracked |  0
|  79|0x0000000088f00000, 0x0000000088f00000, 0x0000000089000000|  0%| F|  |TAMS 0x0000000088f00000| PB 0x0000000088f00000| Untracked |  0
|  80|0x0000000089000000, 0x0000000089000000, 0x0000000089100000|  0%| F|  |TAMS 0x0000000089000000| PB 0x0000000089000000| Untracked |  0
|  81|0x0000000089100000, 0x0000000089100000, 0x0000000089200000|  0%| F|  |TAMS 0x0000000089100000| PB 0x0000000089100000| Untracked |  0
|  82|0x0000000089200000, 0x0000000089200000, 0x0000000089300000|  0%| F|  |TAMS 0x0000000089200000| PB 0x0000000089200000| Untracked |  0
|  83|0x0000000089300000, 0x0000000089300000, 0x0000000089400000|  0%| F|  |TAMS 0x0000000089300000| PB 0x0000000089300000| Untracked |  0
|  84|0x0000000089400000, 0x0000000089400000, 0x0000000089500000|  0%| F|  |TAMS 0x0000000089400000| PB 0x0000000089400000| Untracked |  0
|  85|0x0000000089500000, 0x0000000089500000, 0x0000000089600000|  0%| F|  |TAMS 0x0000000089500000| PB 0x0000000089500000| Untracked |  0
|  86|0x0000000089600000, 0x0000000089600000, 0x0000000089700000|  0%| F|  |TAMS 0x0000000089600000| PB 0x0000000089600000| Untracked |  0
|  87|0x0000000089700000, 0x0000000089700000, 0x0000000089800000|  0%| F|  |TAMS 0x0000000089700000| PB 0x0000000089700000| Untracked |  0
|  88|0x0000000089800000, 0x0000000089800000, 0x0000000089900000|  0%| F|  |TAMS 0x0000000089800000| PB 0x0000000089800000| Untracked |  0
|  89|0x0000000089900000, 0x0000000089900000, 0x0000000089a00000|  0%| F|  |TAMS 0x0000000089900000| PB 0x0000000089900000| Untracked |  0
|  90|0x0000000089a00000, 0x0000000089a00000, 0x0000000089b00000|  0%| F|  |TAMS 0x0000000089a00000| PB 0x0000000089a00000| Untracked |  0
|  91|0x0000000089b00000, 0x0000000089b00000, 0x0000000089c00000|  0%| F|  |TAMS 0x0000000089b00000| PB 0x0000000089b00000| Untracked |  0
|  92|0x0000000089c00000, 0x0000000089c60000, 0x0000000089d00000| 37%| S|CS|TAMS 0x0000000089c00000| PB 0x0000000089c00000| Complete |  0
|  93|0x0000000089d00000, 0x0000000089e00000, 0x0000000089e00000|100%| S|CS|TAMS 0x0000000089d00000| PB 0x0000000089d00000| Complete |  0
|  94|0x0000000089e00000, 0x0000000089f00000, 0x0000000089f00000|100%| S|CS|TAMS 0x0000000089e00000| PB 0x0000000089e00000| Complete |  0
|  95|0x0000000089f00000, 0x000000008a000000, 0x000000008a000000|100%| S|CS|TAMS 0x0000000089f00000| PB 0x0000000089f00000| Complete |  0
|  96|0x000000008a000000, 0x000000008a000000, 0x000000008a100000|  0%| F|  |TAMS 0x000000008a000000| PB 0x000000008a000000| Untracked |  0
|  97|0x000000008a100000, 0x000000008a100000, 0x000000008a200000|  0%| F|  |TAMS 0x000000008a100000| PB 0x000000008a100000| Untracked |  0
|  98|0x000000008a200000, 0x000000008a200000, 0x000000008a300000|  0%| F|  |TAMS 0x000000008a200000| PB 0x000000008a200000| Untracked |  0
|  99|0x000000008a300000, 0x000000008a300000, 0x000000008a400000|  0%| F|  |TAMS 0x000000008a300000| PB 0x000000008a300000| Untracked |  0
| 100|0x000000008a400000, 0x000000008a400000, 0x000000008a500000|  0%| F|  |TAMS 0x000000008a400000| PB 0x000000008a400000| Untracked |  0
| 101|0x000000008a500000, 0x000000008a500000, 0x000000008a600000|  0%| F|  |TAMS 0x000000008a500000| PB 0x000000008a500000| Untracked |  0
| 102|0x000000008a600000, 0x000000008a600000, 0x000000008a700000|  0%| F|  |TAMS 0x000000008a600000| PB 0x000000008a600000| Untracked |  0
| 103|0x000000008a700000, 0x000000008a700000, 0x000000008a800000|  0%| F|  |TAMS 0x000000008a700000| PB 0x000000008a700000| Untracked |  0
| 104|0x000000008a800000, 0x000000008a800000, 0x000000008a900000|  0%| F|  |TAMS 0x000000008a800000| PB 0x000000008a800000| Untracked |  0
| 105|0x000000008a900000, 0x000000008a900000, 0x000000008aa00000|  0%| F|  |TAMS 0x000000008a900000| PB 0x000000008a900000| Untracked |  0
| 106|0x000000008aa00000, 0x000000008aa00000, 0x000000008ab00000|  0%| F|  |TAMS 0x000000008aa00000| PB 0x000000008aa00000| Untracked |  0
| 107|0x000000008ab00000, 0x000000008ab00000, 0x000000008ac00000|  0%| F|  |TAMS 0x000000008ab00000| PB 0x000000008ab00000| Untracked |  0
| 108|0x000000008ac00000, 0x000000008ac00000, 0x000000008ad00000|  0%| F|  |TAMS 0x000000008ac00000| PB 0x000000008ac00000| Untracked |  0
| 109|0x000000008ad00000, 0x000000008ad00000, 0x000000008ae00000|  0%| F|  |TAMS 0x000000008ad00000| PB 0x000000008ad00000| Untracked |  0
| 110|0x000000008ae00000, 0x000000008ae00000, 0x000000008af00000|  0%| F|  |TAMS 0x000000008ae00000| PB 0x000000008ae00000| Untracked |  0
| 111|0x000000008af00000, 0x000000008af00000, 0x000000008b000000|  0%| F|  |TAMS 0x000000008af00000| PB 0x000000008af00000| Untracked |  0
| 112|0x000000008b000000, 0x000000008b000000, 0x000000008b100000|  0%| F|  |TAMS 0x000000008b000000| PB 0x000000008b000000| Untracked |  0
| 113|0x000000008b100000, 0x000000008b100000, 0x000000008b200000|  0%| F|  |TAMS 0x000000008b100000| PB 0x000000008b100000| Untracked |  0
| 114|0x000000008b200000, 0x000000008b25e498, 0x000000008b300000| 36%| E|  |TAMS 0x000000008b200000| PB 0x000000008b200000| Complete |  0
| 115|0x000000008b300000, 0x000000008b400000, 0x000000008b400000|100%| E|CS|TAMS 0x000000008b300000| PB 0x000000008b300000| Complete |  0
| 116|0x000000008b400000, 0x000000008b500000, 0x000000008b500000|100%| E|CS|TAMS 0x000000008b400000| PB 0x000000008b400000| Complete |  0
| 117|0x000000008b500000, 0x000000008b600000, 0x000000008b600000|100%| E|CS|TAMS 0x000000008b500000| PB 0x000000008b500000| Complete |  0
| 118|0x000000008b600000, 0x000000008b700000, 0x000000008b700000|100%| E|CS|TAMS 0x000000008b600000| PB 0x000000008b600000| Complete |  0
| 119|0x000000008b700000, 0x000000008b800000, 0x000000008b800000|100%| E|CS|TAMS 0x000000008b700000| PB 0x000000008b700000| Complete |  0
| 120|0x000000008b800000, 0x000000008b900000, 0x000000008b900000|100%| E|CS|TAMS 0x000000008b800000| PB 0x000000008b800000| Complete |  0
| 121|0x000000008b900000, 0x000000008ba00000, 0x000000008ba00000|100%| E|CS|TAMS 0x000000008b900000| PB 0x000000008b900000| Complete |  0
| 122|0x000000008ba00000, 0x000000008bb00000, 0x000000008bb00000|100%| E|CS|TAMS 0x000000008ba00000| PB 0x000000008ba00000| Complete |  0
| 123|0x000000008bb00000, 0x000000008bc00000, 0x000000008bc00000|100%| E|CS|TAMS 0x000000008bb00000| PB 0x000000008bb00000| Complete |  0
|1982|0x00000000ffe00000, 0x00000000fff00000, 0x00000000fff00000|100%| O|  |TAMS 0x00000000ffe00000| PB 0x00000000ffe00000| Untracked |  0
|1983|0x00000000fff00000, 0x00000000fff24ea8, 0x0000000100000000| 14%| O|  |TAMS 0x00000000fff00000| PB 0x00000000fff00000| Untracked |  0

Card table byte_map: [0x0000024e67e20000,0x0000024e68200000] _byte_map_base: 0x0000024e67a00000

Marking Bits: (CMBitMap*) 0x0000024e4ffa6380
 Bits: [0x0000024e68200000, 0x0000024e6a100000)

Polling page: 0x0000024e4df50000

Metaspace:
Metaspace        used 15862K, committed 16320K, reserved 1114112K
 class space     used 1462K, committed 1664K, reserved 1048576K

Usage:
  Non-class:     14.06 MB used.
      Class:      1.43 MB used.
       Both:     15.49 MB used.

Virtual space:
  Non-class space:       64.00 MB reserved,      14.31 MB ( 22%) committed,  1 nodes.
      Class space:        1.00 GB reserved,       1.62 MB ( <1%) committed,  1 nodes.
             Both:        1.06 GB reserved,      15.94 MB (  1%) committed. 

Chunk freelists:
   Non-Class:  1006.00 KB
       Class:  14.41 MB
        Both:  15.39 MB

MaxMetaspaceSize: unlimited
CompressedClassSpaceSize: 1.00 GB
Initial GC threshold: 21.00 MB
Current GC threshold: 21.00 MB
CDS: on
 - commit_granule_bytes: 65536.
 - commit_granule_words: 8192.
 - virtual_space_node_default_size: 8388608.
 - enlarge_chunks_in_place: 1.
UseCompressedClassPointers 1, UseCompactObjectHeaders 0
Narrow klass pointer bits 32, Max shift 3
Narrow klass base: 0x0000000016000000, Narrow klass shift: 0
Encoding Range: [0x0000000016000000 - 0x0000000116000000), (4294967296 bytes)
Klass Range:    [0x0000000016010000 - 0x0000000057000000), (1090453504 bytes)
Klass ID Range:  [65536 - 1090519033) (1090453497)
Protection zone: [0x0000000016000000 - 0x0000000016010000), (65536 bytes)


Internal statistics:

num_allocs_failed_limit: 0.
num_arena_births: 468.
num_arena_deaths: 0.
num_vsnodes_births: 2.
num_vsnodes_deaths: 0.
num_space_committed: 255.
num_space_uncommitted: 0.
num_chunks_returned_to_freelist: 0.
num_chunks_taken_from_freelist: 680.
num_chunk_merges: 0.
num_chunk_splits: 447.
num_chunks_enlarged: 250.
num_inconsistent_stats: 0.

CodeHeap 'non-profiled nmethods': size=120064Kb used=676Kb max_used=676Kb free=119388Kb
 bounds [0x0000024e60500000, 0x0000024e60770000, 0x0000024e67a40000]
CodeHeap 'profiled nmethods': size=120000Kb used=3997Kb max_used=3997Kb free=116002Kb
 bounds [0x0000024e58a40000, 0x0000024e58e30000, 0x0000024e5ff70000]
CodeHeap 'non-nmethods': size=5696Kb used=1871Kb max_used=1886Kb free=3824Kb
 bounds [0x0000024e5ff70000, 0x0000024e601e0000, 0x0000024e60500000]
CodeCache: size=245760Kb, used=6544Kb, max_used=6559Kb, free=239214Kb
 total_blobs=3444, nmethods=2635, adapters=701, full_count=0
Compilation: enabled, stopped_count=0, restarted_count=0

Compilation events (20 events):
Event: 11.373 Thread 0x0000024e6c5a0aa0 nmethod 2625 0x0000024e58e24608 code [0x0000024e58e24700, 0x0000024e58e248f8]
Event: 11.373 Thread 0x0000024e6c5a0aa0 2626       3       java.lang.CharacterDataLatin1::isWhitespace (23 bytes)
Event: 11.373 Thread 0x0000024e6c5a0aa0 nmethod 2626 0x0000024e58e24908 code [0x0000024e58e24a00, 0x0000024e58e24c68]
Event: 11.374 Thread 0x0000024e6c5a0aa0 2627       3       java.util.Optional::ofNullable (19 bytes)
Event: 11.374 Thread 0x0000024e6c5a0aa0 nmethod 2627 0x0000024e58e24c88 code [0x0000024e58e24d80, 0x0000024e58e25028]
Event: 11.374 Thread 0x0000024e6c5a0aa0 2628       1       javax.swing.table.TableColumn::getPreferredWidth (5 bytes)
Event: 11.374 Thread 0x0000024e6c5a0aa0 nmethod 2628 0x0000024e605a8408 code [0x0000024e605a8500, 0x0000024e605a85c8]
Event: 11.375 Thread 0x0000024e6c5a0aa0 2629       1       javax.swing.JTable::getModel (5 bytes)
Event: 11.375 Thread 0x0000024e6c5a0aa0 nmethod 2629 0x0000024e605a8708 code [0x0000024e605a8800, 0x0000024e605a88c8]
Event: 11.375 Thread 0x0000024e6c5a0aa0 2630   !   3       javax.swing.JComponent::putClientProperty (120 bytes)
Event: 11.375 Thread 0x0000024e6c5a0aa0 nmethod 2630 0x0000024e58e25088 code [0x0000024e58e25180, 0x0000024e58e25cf0]
Event: 11.375 Thread 0x0000024e6c5a0aa0 2632       3       java.awt.Container::proxyEnableEvents (44 bytes)
Event: 11.375 Thread 0x0000024e6c5a0aa0 nmethod 2632 0x0000024e58e25d08 code [0x0000024e58e25e00, 0x0000024e58e261c8]
Event: 11.375 Thread 0x0000024e6c5a0aa0 2631       3       java.awt.Color::equals (27 bytes)
Event: 11.375 Thread 0x0000024e6c5a0aa0 nmethod 2631 0x0000024e58e26208 code [0x0000024e58e26300, 0x0000024e58e26748]
Event: 11.377 Thread 0x0000024e6c5a0aa0 2633       1       javax.swing.table.TableColumn::getWidth (5 bytes)
Event: 11.377 Thread 0x0000024e6c5a0aa0 nmethod 2633 0x0000024e605a8a08 code [0x0000024e605a8b00, 0x0000024e605a8bc8]
Event: 11.377 Thread 0x0000024e6c5a0aa0 2634       3       sun.java2d.pipe.Region::getIntersection (37 bytes)
Event: 11.377 Thread 0x0000024e6c5a0aa0 nmethod 2634 0x0000024e58e26788 code [0x0000024e58e26880, 0x0000024e58e27548]
Event: 11.378 Thread 0x0000024e6c5a0aa0 2636       3       jdk.internal.classfile.impl.StackMapGenerator::processBlock (2767 bytes)

GC Heap Usage History (2 events):
Event: 8.685 {heap Before GC invocations=0 (full 0):
 garbage-first heap   total reserved 2031616K, committed 129024K, used 29843K [0x0000000084000000, 0x0000000100000000)
  region size 1024K, 28 young (28672K), 0 survivors (0K)
}
Event: 8.689 {heap After GC invocations=1 (full 0):
 garbage-first heap   total reserved 2031616K, committed 129024K, used 4627K [0x0000000084000000, 0x0000000100000000)
  region size 1024K, 4 young (4096K), 4 survivors (4096K)
}

Metaspace Usage History (2 events):
Event: 8.685 {metaspace Before GC invocations=0 (full 0):
 Metaspace       used 12892K, committed 13312K, reserved 1114112K
  class space    used 1169K, committed 1344K, reserved 1048576K
}
Event: 8.689 {metaspace After GC invocations=1 (full 0):
 Metaspace       used 12892K, committed 13312K, reserved 1114112K
  class space    used 1169K, committed 1344K, reserved 1048576K
}

Dll operation events (11 events):
Event: 0.009 Loaded shared library C:\Program Files\Apache NetBeans\jdk\bin\java.dll
Event: 0.055 Loaded shared library C:\Program Files\Apache NetBeans\jdk\bin\jimage.dll
Event: 0.060 Loaded shared library C:\Program Files\Apache NetBeans\jdk\bin\net.dll
Event: 0.062 Loaded shared library C:\Program Files\Apache NetBeans\jdk\bin\nio.dll
Event: 0.068 Loaded shared library C:\Program Files\Apache NetBeans\jdk\bin\zip.dll
Event: 0.105 Loaded shared library C:\Program Files\Apache NetBeans\jdk\bin\awt.dll
Event: 0.276 Loaded shared library C:\Program Files\Apache NetBeans\jdk\bin\freetype.dll
Event: 0.278 Loaded shared library C:\Program Files\Apache NetBeans\jdk\bin\fontmanager.dll
Event: 0.414 Loaded shared library C:\Windows\System32\ucrtbase.dll
Event: 0.416 Loaded shared library C:\Program Files\Apache NetBeans\jdk\bin\syslookup.dll
Event: 8.684 Loaded shared library C:\Program Files\Apache NetBeans\jdk\bin\extnet.dll

Deoptimization events (20 events):
Event: 8.834 Thread 0x0000024e71413be0 Uncommon trap: trap_request=0xffffff66 fr.pc=0x0000024e6058d5a4 relative=0x0000000000000424
Event: 8.834 Thread 0x0000024e71413be0 Uncommon trap: reason=loop_limit_check action=maybe_recompile pc=0x0000024e6058d5a4 method=java.lang.StringLatin1.indexOf([BI[BII)I @ 37 c2
Event: 8.834 Thread 0x0000024e71413be0 DEOPT PACKING pc=0x0000024e6058d5a4 sp=0x000000b3a9ffe440
Event: 8.834 Thread 0x0000024e71413be0 DEOPT UNPACKING pc=0x0000024e6009fe02 sp=0x000000b3a9ffe3a0 mode 2
Event: 9.169 Thread 0x0000024e71413be0 DEOPT PACKING pc=0x0000024e58d99870 sp=0x000000b3a9ffd880
Event: 9.169 Thread 0x0000024e71413be0 DEOPT UNPACKING pc=0x0000024e5ffc12a2 sp=0x000000b3a9ffcd50 mode 0
Event: 9.169 Thread 0x0000024e71413be0 DEOPT PACKING pc=0x0000024e58d99870 sp=0x000000b3a9ffd880
Event: 9.170 Thread 0x0000024e71413be0 DEOPT UNPACKING pc=0x0000024e5ffc12a2 sp=0x000000b3a9ffcd50 mode 0
Event: 10.136 Thread 0x0000024e71413be0 Uncommon trap: trap_request=0xffffffde fr.pc=0x0000024e60598474 relative=0x00000000000002f4
Event: 10.136 Thread 0x0000024e71413be0 Uncommon trap: reason=class_check action=maybe_recompile pc=0x0000024e60598474 method=java.util.regex.Pattern$BmpCharPropertyGreedy.match(Ljava/util/regex/Matcher;ILjava/lang/CharSequence;)Z @ 26 c2
Event: 10.136 Thread 0x0000024e71413be0 DEOPT PACKING pc=0x0000024e60598474 sp=0x000000b3a9ffe540
Event: 10.136 Thread 0x0000024e71413be0 DEOPT UNPACKING pc=0x0000024e6009fe02 sp=0x000000b3a9ffe4f8 mode 2
Event: 11.369 Thread 0x0000024e71413be0 Uncommon trap: trap_request=0xffffffde fr.pc=0x0000024e60598474 relative=0x00000000000002f4
Event: 11.369 Thread 0x0000024e71413be0 Uncommon trap: reason=class_check action=maybe_recompile pc=0x0000024e60598474 method=java.util.regex.Pattern$BmpCharPropertyGreedy.match(Ljava/util/regex/Matcher;ILjava/lang/CharSequence;)Z @ 26 c2
Event: 11.369 Thread 0x0000024e71413be0 DEOPT PACKING pc=0x0000024e60598474 sp=0x000000b3a9ffe1f0
Event: 11.369 Thread 0x0000024e71413be0 DEOPT UNPACKING pc=0x0000024e6009fe02 sp=0x000000b3a9ffe1a8 mode 2
Event: 11.378 Thread 0x0000024e71413be0 Uncommon trap: trap_request=0xffffff45 fr.pc=0x0000024e6056079c relative=0x00000000000063dc
Event: 11.378 Thread 0x0000024e71413be0 Uncommon trap: reason=unstable_if action=reinterpret pc=0x0000024e6056079c method=jdk.internal.classfile.impl.StackMapGenerator.processBlock(Ljdk/internal/classfile/impl/RawBytecodeHelper;)Z @ 56 c2
Event: 11.378 Thread 0x0000024e71413be0 DEOPT PACKING pc=0x0000024e6056079c sp=0x000000b3a9ffc370
Event: 11.378 Thread 0x0000024e71413be0 DEOPT UNPACKING pc=0x0000024e6009fe02 sp=0x000000b3a9ffc318 mode 2

Classes loaded (20 events):
Event: 11.368 Loading class javax/swing/JTable$CellEditorRemover
Event: 11.368 Loading class javax/swing/JTable$CellEditorRemover done
Event: 11.368 Loading class javax/swing/JTable$GenericEditor
Event: 11.368 Loading class javax/swing/JTable$GenericEditor done
Event: 11.369 Loading class javax/swing/DefaultCellEditor$1
Event: 11.369 Loading class javax/swing/DefaultCellEditor$EditorDelegate
Event: 11.369 Loading class javax/swing/DefaultCellEditor$EditorDelegate done
Event: 11.369 Loading class javax/swing/DefaultCellEditor$1 done
Event: 11.369 Loading class javax/swing/plaf/basic/BasicGraphicsUtils
Event: 11.369 Loading class javax/swing/plaf/basic/BasicGraphicsUtils done
Event: 11.377 Loading class javax/swing/plaf/BorderUIResource$LineBorderUIResource
Event: 11.377 Loading class javax/swing/border/LineBorder
Event: 11.378 Loading class javax/swing/border/LineBorder done
Event: 11.378 Loading class javax/swing/plaf/BorderUIResource$LineBorderUIResource done
Event: 11.378 Loading class com/sun/java/swing/SwingUtilities3$UnscaledBorderPainter
Event: 11.378 Loading class com/sun/java/swing/SwingUtilities3$UnscaledBorderPainter done
Event: 11.379 Loading class java/awt/geom/RectIterator
Event: 11.379 Loading class java/awt/geom/PathIterator
Event: 11.379 Loading class java/awt/geom/PathIterator done
Event: 11.379 Loading class java/awt/geom/RectIterator done

Classes unloaded (0 events):
No events

Classes redefined (0 events):
No events

Internal exceptions (20 events):
Event: 0.523 Thread 0x0000024e71413be0 Exception <a 'java/lang/NoSuchMethodError'{0x000000008aa15458}: 'long java.lang.invoke.DelegatingMethodHandle$Holder.reinvoke_L(java.lang.Object, java.lang.Object, long, long)'> (0x000000008aa15458) 
thrown [s\src\hotspot\share\interpreter\linkResolver.cpp, line 804]
Event: 0.525 Thread 0x0000024e71413be0 Exception <a 'java/lang/NoSuchMethodError'{0x000000008aa42638}: 'java.lang.Object java.lang.invoke.DirectMethodHandle$Holder.invokeStatic(java.lang.Object, java.lang.Object, java.lang.Object, long, java.lang.Object)'> (0x000000008aa42638) 
thrown [s\src\hotspot\share\interpreter\linkResolver.cpp, line 804]
Event: 0.529 Thread 0x0000024e71413be0 Exception <a 'java/lang/NoSuchMethodError'{0x000000008aa69578}: 'java.lang.Object java.lang.invoke.DirectMethodHandle$Holder.invokeStatic(java.lang.Object, java.lang.Object, int)'> (0x000000008aa69578) 
thrown [s\src\hotspot\share\interpreter\linkResolver.cpp, line 804]
Event: 0.531 Thread 0x0000024e71413be0 Exception <a 'java/lang/NoSuchMethodError'{0x000000008aa8bb08}: 'void java.lang.invoke.DelegatingMethodHandle$Holder.delegate(java.lang.Object, java.lang.Object, int, java.lang.Object)'> (0x000000008aa8bb08) 
thrown [s\src\hotspot\share\interpreter\linkResolver.cpp, line 804]
Event: 0.536 Thread 0x0000024e71413be0 Exception <a 'java/lang/NoSuchMethodError'{0x000000008aacbec8}: 'int java.lang.invoke.DirectMethodHandle$Holder.invokeSpecial(java.lang.Object, java.lang.Object, java.lang.Object, int, java.lang.Object)'> (0x000000008aacbec8) 
thrown [s\src\hotspot\share\interpreter\linkResolver.cpp, line 804]
Event: 0.536 Thread 0x0000024e71413be0 Exception <a 'java/lang/NoSuchMethodError'{0x000000008aad4300}: 'int java.lang.invoke.DelegatingMethodHandle$Holder.reinvoke_L(java.lang.Object, java.lang.Object, int, java.lang.Object)'> (0x000000008aad4300) 
thrown [s\src\hotspot\share\interpreter\linkResolver.cpp, line 804]
Event: 0.539 Thread 0x0000024e71413be0 Exception <a 'java/lang/NoSuchMethodError'{0x000000008aafed30}: 'int java.lang.invoke.DelegatingMethodHandle$Holder.reinvoke_L(java.lang.Object, java.lang.Object, int, long)'> (0x000000008aafed30) 
thrown [s\src\hotspot\share\interpreter\linkResolver.cpp, line 804]
Event: 0.539 Thread 0x0000024e71413be0 Exception <a 'java/lang/NoSuchMethodError'{0x000000008a90fdf8}: 'int java.lang.invoke.DirectMethodHandle$Holder.invokeSpecial(java.lang.Object, java.lang.Object, int, long)'> (0x000000008a90fdf8) 
thrown [s\src\hotspot\share\interpreter\linkResolver.cpp, line 804]
Event: 0.539 Thread 0x0000024e71413be0 Exception <a 'java/lang/NoSuchMethodError'{0x000000008a9180e0}: 'int java.lang.invoke.Invokers$Holder.exactInvoker(java.lang.Object, java.lang.Object, int, long)'> (0x000000008a9180e0) 
thrown [s\src\hotspot\share\interpreter\linkResolver.cpp, line 804]
Event: 0.540 Thread 0x0000024e71413be0 Exception <a 'java/lang/NoSuchMethodError'{0x000000008a920b10}: 'int java.lang.invoke.DelegatingMethodHandle$Holder.delegate(java.lang.Object, java.lang.Object, int, long)'> (0x000000008a920b10) 
thrown [s\src\hotspot\share\interpreter\linkResolver.cpp, line 804]
Event: 0.540 Thread 0x0000024e71413be0 Exception <a 'java/lang/NoSuchMethodError'{0x000000008a932bf8}: 'long java.lang.invoke.DirectMethodHandle$Holder.invokeSpecial(java.lang.Object, java.lang.Object, long, long)'> (0x000000008a932bf8) 
thrown [s\src\hotspot\share\interpreter\linkResolver.cpp, line 804]
Event: 0.547 Thread 0x0000024e71413be0 Exception <a 'java/lang/NoSuchMethodError'{0x000000008a96e220}: 'void java.lang.invoke.DirectMethodHandle$Holder.invokeSpecial(java.lang.Object, java.lang.Object, float, java.lang.Object, java.lang.Object, java.lang.Object, int, int, int, int, int, float, float, int, int, java.lang.Object, java.lang.Object)'> (0x000000008a96e220) 
thrown [s\src\hotspot\share\interpreter\linkResolver.cpp, line 804]
Event: 0.549 Thread 0x0000024e71413be0 Exception <a 'java/lang/NoSuchMethodError'{0x000000008a990418}: 'int java.lang.invoke.DirectMethodHandle$Holder.invokeSpecial(java.lang.Object, java.lang.Object, int, java.lang.Object)'> (0x000000008a990418) 
thrown [s\src\hotspot\share\interpreter\linkResolver.cpp, line 804]
Event: 0.550 Thread 0x0000024e71413be0 Exception <a 'java/lang/NoSuchMethodError'{0x000000008a9a0520}: 'java.lang.Object java.lang.invoke.Invokers$Holder.invokeExact_MT(java.lang.Object, long, java.lang.Object)'> (0x000000008a9a0520) 
thrown [s\src\hotspot\share\interpreter\linkResolver.cpp, line 804]
Event: 0.552 Thread 0x0000024e71413be0 Exception <a 'java/lang/NoSuchMethodError'{0x000000008a9c2308}: 'void java.lang.invoke.DelegatingMethodHandle$Holder.reinvoke_L(java.lang.Object, java.lang.Object, java.lang.Object, long, long)'> (0x000000008a9c2308) 
thrown [s\src\hotspot\share\interpreter\linkResolver.cpp, line 804]
Event: 0.556 Thread 0x0000024e71413be0 Exception <a 'java/lang/NoSuchMethodError'{0x000000008a9f1570}: 'int java.lang.invoke.Invokers$Holder.invokeExact_MT(java.lang.Object, java.lang.Object, java.lang.Object, int, java.lang.Object, java.lang.Object)'> (0x000000008a9f1570) 
thrown [s\src\hotspot\share\interpreter\linkResolver.cpp, line 804]
Event: 0.561 Thread 0x0000024e71413be0 Exception <a 'java/lang/NoSuchMethodError'{0x000000008a81bc20}: 'int java.lang.invoke.DelegatingMethodHandle$Holder.reinvoke_L(java.lang.Object, java.lang.Object, java.lang.Object, long)'> (0x000000008a81bc20) 
thrown [s\src\hotspot\share\interpreter\linkResolver.cpp, line 804]
Event: 0.564 Thread 0x0000024e71413be0 Exception <a 'java/lang/NoSuchMethodError'{0x000000008a83be98}: 'java.lang.Object java.lang.invoke.DirectMethodHandle$Holder.invokeStatic(java.lang.Object, java.lang.Object, java.lang.Object, java.lang.Object, java.lang.Object, long)'> (0x000000008a83be98) 
thrown [s\src\hotspot\share\interpreter\linkResolver.cpp, line 804]
Event: 8.554 Thread 0x0000024e71413be0 Exception <a 'java/lang/NoSuchMethodError'{0x000000008a37f838}: 'void java.lang.invoke.DirectMethodHandle$Holder.invokeStatic(java.lang.Object, java.lang.Object, java.lang.Object)'> (0x000000008a37f838) 
thrown [s\src\hotspot\share\interpreter\linkResolver.cpp, line 804]
Event: 8.555 Thread 0x0000024e71413be0 Exception <a 'java/lang/NoSuchMethodError'{0x000000008a39b8d0}: 'java.lang.Object java.lang.invoke.DirectMethodHandle$Holder.invokeVirtual(java.lang.Object, java.lang.Object, java.lang.Object)'> (0x000000008a39b8d0) 
thrown [s\src\hotspot\share\interpreter\linkResolver.cpp, line 804]

VM Operations (20 events):
Event: 0.459 Executing non-safepoint VM operation: HandshakeAllThreads (Deoptimize)
Event: 0.459 Executing non-safepoint VM operation: HandshakeAllThreads (Deoptimize) done
Event: 0.462 Executing non-safepoint VM operation: HandshakeAllThreads (Deoptimize)
Event: 0.462 Executing non-safepoint VM operation: HandshakeAllThreads (Deoptimize) done
Event: 0.528 Executing non-safepoint VM operation: HandshakeAllThreads (Deoptimize)
Event: 0.528 Executing non-safepoint VM operation: HandshakeAllThreads (Deoptimize) done
Event: 8.492 Executing non-safepoint VM operation: HandshakeAllThreads (Deoptimize)
Event: 8.493 Executing non-safepoint VM operation: HandshakeAllThreads (Deoptimize) done
Event: 8.493 Executing non-safepoint VM operation: HandshakeAllThreads (Deoptimize)
Event: 8.493 Executing non-safepoint VM operation: HandshakeAllThreads (Deoptimize) done
Event: 8.641 Executing non-safepoint VM operation: HandshakeAllThreads (Deoptimize)
Event: 8.641 Executing non-safepoint VM operation: HandshakeAllThreads (Deoptimize) done
Event: 8.685 Executing safepoint VM operation: G1CollectForAllocation (G1 Evacuation Pause)
Event: 8.689 Executing safepoint VM operation: G1CollectForAllocation (G1 Evacuation Pause) done
Event: 8.755 Executing non-safepoint VM operation: HandshakeAllThreads (Deoptimize)
Event: 8.755 Executing non-safepoint VM operation: HandshakeAllThreads (Deoptimize) done
Event: 8.850 Executing non-safepoint VM operation: HandshakeAllThreads (Deoptimize)
Event: 8.850 Executing non-safepoint VM operation: HandshakeAllThreads (Deoptimize) done
Event: 10.132 Executing non-safepoint VM operation: HandshakeAllThreads (Deoptimize)
Event: 10.132 Executing non-safepoint VM operation: HandshakeAllThreads (Deoptimize) done

Memory protections (0 events):
No events

Nmethod flushes (0 events):
No events

Events (20 events):
Event: 0.030 Thread 0x0000024e4dc03a90 Thread added: 0x0000024e6c59a0b0
Event: 0.030 Thread 0x0000024e4dc03a90 Thread added: 0x0000024e6c59bc80
Event: 0.030 Thread 0x0000024e4dc03a90 Thread added: 0x0000024e6c59c9a0
Event: 0.030 Thread 0x0000024e4dc03a90 Thread added: 0x0000024e6c59dd30
Event: 0.030 Thread 0x0000024e4dc03a90 Thread added: 0x0000024e6c59fd60
Event: 0.030 Thread 0x0000024e4dc03a90 Thread added: 0x0000024e6c5a0aa0
Event: 0.037 Thread 0x0000024e4dc03a90 Thread added: 0x0000024e6c678030
Event: 0.039 Thread 0x0000024e4dc03a90 Thread added: 0x0000024e6c678a70
Event: 0.151 Thread 0x0000024e4dc03a90 Thread added: 0x0000024e6ca146e0
Event: 0.151 Thread 0x0000024e4dc03a90 Thread added: 0x0000024e6ca14ea0
Event: 0.152 Thread 0x0000024e4dc03a90 Thread added: 0x0000024e71285430
Event: 0.259 Thread 0x0000024e71285430 Thread added: 0x0000024e71413be0
Event: 0.348 Thread 0x0000024e4dc03a90 Thread exited: 0x0000024e4dc03a90
Event: 0.349 Thread 0x0000024e6c6d7090 Thread added: 0x0000024e6c6d7090
Event: 0.542 Thread 0x0000024e6c5a0aa0 Thread added: 0x0000024e716f9a80
Event: 0.619 Thread 0x0000024e71413be0 Thread added: 0x0000024e72420720
Event: 1.120 Thread 0x0000024e716f9a80 Thread exited: 0x0000024e716f9a80
Event: 8.493 Thread 0x0000024e71413be0 Thread added: 0x0000024e7162e5e0
Event: 8.537 Thread 0x0000024e6c5a0aa0 Thread added: 0x0000024e717dacc0
Event: 9.168 Thread 0x0000024e717dacc0 Thread exited: 0x0000024e717dacc0


Dynamic libraries:
0x00007ff6ba830000 - 0x00007ff6ba83e000 	C:\Program Files\Apache NetBeans\jdk\bin\java.exe
0x00007ff844ec0000 - 0x00007ff845127000 	C:\WINDOWS\SYSTEM32\ntdll.dll
0x00007ff8441d0000 - 0x00007ff844299000 	C:\WINDOWS\System32\KERNEL32.DLL
0x00007ff841c90000 - 0x00007ff842081000 	C:\WINDOWS\System32\KERNELBASE.dll
0x00007ff8422a0000 - 0x00007ff8423eb000 	C:\WINDOWS\System32\ucrtbase.dll
0x00007ff82ae40000 - 0x00007ff82ae5e000 	C:\Program Files\Apache NetBeans\jdk\bin\VCRUNTIME140.dll
0x00007ff82abd0000 - 0x00007ff82abe6000 	C:\Program Files\Apache NetBeans\jdk\bin\jli.dll
0x00007ff8442b0000 - 0x00007ff844475000 	C:\WINDOWS\System32\USER32.dll
0x00007ff8421c0000 - 0x00007ff8421e7000 	C:\WINDOWS\System32\win32u.dll
0x00007ff82e010000 - 0x00007ff82e2a3000 	C:\WINDOWS\WinSxS\amd64_microsoft.windows.common-controls_6595b64144ccf1df_6.0.26100.8037_none_3e092faae333b53b\COMCTL32.dll
0x00007ff844e50000 - 0x00007ff844e7b000 	C:\WINDOWS\System32\GDI32.dll
0x00007ff842f20000 - 0x00007ff842fc9000 	C:\WINDOWS\System32\msvcrt.dll
0x00007ff842090000 - 0x00007ff8421bb000 	C:\WINDOWS\System32\gdi32full.dll
0x00007ff841b20000 - 0x00007ff841bc3000 	C:\WINDOWS\System32\msvcp_win.dll
0x00007ff843740000 - 0x00007ff843771000 	C:\WINDOWS\System32\IMM32.DLL
0x00007ff82d810000 - 0x00007ff82d81c000 	C:\Program Files\Apache NetBeans\jdk\bin\vcruntime140_1.dll
0x00007ff80c770000 - 0x00007ff80c7fd000 	C:\Program Files\Apache NetBeans\jdk\bin\msvcp140.dll
0x00007fffca4c0000 - 0x00007fffcb3e6000 	C:\Program Files\Apache NetBeans\jdk\bin\server\jvm.dll
0x00007ff844000000 - 0x00007ff8440bb000 	C:\WINDOWS\System32\ADVAPI32.dll
0x00007ff843ee0000 - 0x00007ff843f87000 	C:\WINDOWS\System32\sechost.dll
0x00007ff843c80000 - 0x00007ff843d98000 	C:\WINDOWS\System32\RPCRT4.dll
0x00007ff842da0000 - 0x00007ff842e14000 	C:\WINDOWS\System32\WS2_32.dll
0x00007ff841600000 - 0x00007ff84165e000 	C:\WINDOWS\SYSTEM32\POWRPROF.dll
0x00007ff83b960000 - 0x00007ff83b96b000 	C:\WINDOWS\SYSTEM32\VERSION.dll
0x00007ff82b480000 - 0x00007ff82b4b5000 	C:\WINDOWS\SYSTEM32\WINMM.dll
0x00007ff8415e0000 - 0x00007ff8415f4000 	C:\WINDOWS\SYSTEM32\UMPDC.dll
0x00007ff840530000 - 0x00007ff84054b000 	C:\WINDOWS\SYSTEM32\kernel.appcore.dll
0x00007ff82d7c0000 - 0x00007ff82d7ca000 	C:\Program Files\Apache NetBeans\jdk\bin\jimage.dll
0x00007ff83f850000 - 0x00007ff83fa92000 	C:\WINDOWS\SYSTEM32\DBGHELP.DLL
0x00007ff844480000 - 0x00007ff844802000 	C:\WINDOWS\System32\combase.dll
0x00007ff843ba0000 - 0x00007ff843c77000 	C:\WINDOWS\System32\OLEAUT32.dll
0x00007ff832830000 - 0x00007ff83286b000 	C:\WINDOWS\SYSTEM32\dbgcore.DLL
0x00007ff8421f0000 - 0x00007ff842295000 	C:\WINDOWS\System32\bcryptPrimitives.dll
0x00007ff82ac80000 - 0x00007ff82ac9e000 	C:\Program Files\Apache NetBeans\jdk\bin\java.dll
0x00007ff843a00000 - 0x00007ff843b95000 	C:\WINDOWS\System32\ole32.dll
0x00007ff842fd0000 - 0x00007ff84372f000 	C:\WINDOWS\System32\SHELL32.dll
0x00007ff8419b0000 - 0x00007ff841b1a000 	C:\WINDOWS\System32\wintypes.dll
0x00007ff8423f0000 - 0x00007ff842c54000 	C:\WINDOWS\System32\windows.storage.dll
0x00007ff8440d0000 - 0x00007ff8441c7000 	C:\WINDOWS\System32\SHCORE.dll
0x00007ff843f90000 - 0x00007ff843ff7000 	C:\WINDOWS\System32\shlwapi.dll
0x00007ff8416c0000 - 0x00007ff8416e9000 	C:\WINDOWS\SYSTEM32\profapi.dll
0x00007ff82a410000 - 0x00007ff82a421000 	C:\Program Files\Apache NetBeans\jdk\bin\net.dll
0x00007ff840aa0000 - 0x00007ff840b0b000 	C:\WINDOWS\system32\mswsock.dll
0x00007ff828440000 - 0x00007ff828456000 	C:\Program Files\Apache NetBeans\jdk\bin\nio.dll
0x00007ff82a430000 - 0x00007ff82a447000 	C:\Program Files\Apache NetBeans\jdk\bin\zip.dll
0x00007ffffbe90000 - 0x00007ffffc010000 	C:\Program Files\Apache NetBeans\jdk\bin\awt.dll
0x00007ff83ea90000 - 0x00007ff83eb2f000 	C:\WINDOWS\SYSTEM32\apphelp.dll
0x00007ff83f0a0000 - 0x00007ff83f0ce000 	C:\WINDOWS\system32\DWMAPI.DLL
0x00007ff83ee00000 - 0x00007ff83eeaa000 	C:\WINDOWS\system32\uxtheme.dll
0x00007ffff8830000 - 0x00007ffff893e000 	C:\WINDOWS\system32\opengl32.dll
0x00007ff828410000 - 0x00007ff82843d000 	C:\WINDOWS\SYSTEM32\GLU32.dll
0x00007ff83eee0000 - 0x00007ff83ef23000 	C:\WINDOWS\SYSTEM32\dxcore.dll
0x00007ff844cf0000 - 0x00007ff844e4d000 	C:\WINDOWS\System32\MSCTF.dll
0x00007ff8074e0000 - 0x00007ff807567000 	C:\Program Files\Apache NetBeans\jdk\bin\freetype.dll
0x00007ff803490000 - 0x00007ff80357f000 	C:\Program Files\Apache NetBeans\jdk\bin\fontmanager.dll
0x00007ff843e20000 - 0x00007ff843ece000 	C:\WINDOWS\System32\clbcatq.dll
0x00007ff83d040000 - 0x00007ff83d26d000 	C:\WINDOWS\SYSTEM32\WindowsCodecs.dll
0x00007ff81c8e0000 - 0x00007ff81c93a000 	C:\WINDOWS\system32\dataexchange.dll
0x00007ff8341f0000 - 0x00007ff834434000 	C:\WINDOWS\system32\twinapi.appcore.dll
0x00007ff82f820000 - 0x00007ff82f968000 	C:\WINDOWS\SYSTEM32\textinputframework.dll
0x00007ff8295f0000 - 0x00007ff8295f9000 	C:\Program Files\Apache NetBeans\jdk\bin\syslookup.dll
0x00007ff83e590000 - 0x00007ff83e6b7000 	C:\WINDOWS\SYSTEM32\CoreMessaging.dll
0x00007ff83abd0000 - 0x00007ff83aeb2000 	C:\WINDOWS\SYSTEM32\CoreUIComponents.dll
0x00007ff840da0000 - 0x00007ff840dac000 	C:\WINDOWS\SYSTEM32\CRYPTBASE.DLL
0x00007ff83ffd0000 - 0x00007ff8400fa000 	C:\WINDOWS\SYSTEM32\DNSAPI.dll
0x00007ff83ff40000 - 0x00007ff83ff73000 	C:\WINDOWS\SYSTEM32\IPHLPAPI.DLL
0x00007ff8439f0000 - 0x00007ff8439fa000 	C:\WINDOWS\System32\NSI.dll
0x00007ff830a80000 - 0x00007ff830a8b000 	C:\Windows\System32\rasadhlp.dll
0x00007ff833a00000 - 0x00007ff833a86000 	C:\WINDOWS\System32\fwpuclnt.dll
0x00007ff82cdb0000 - 0x00007ff82cdb9000 	C:\Program Files\Apache NetBeans\jdk\bin\extnet.dll

JVMTI agents: none

dbghelp: loaded successfully - version: 4.0.5 - missing functions: none
symbol engine: initialized successfully - sym options: 0x614 - pdb path: .;C:\Program Files\Apache NetBeans\jdk\bin;C:\WINDOWS\SYSTEM32;C:\WINDOWS\WinSxS\amd64_microsoft.windows.common-controls_6595b64144ccf1df_6.0.26100.8037_none_3e092faae333b53b;C:\Program Files\Apache NetBeans\jdk\bin\server

VM Arguments:
java_command: com.mycompany.sewa_camping.FormLogin
java_class_path (initial): C:\PBO-SMT-2\sewa_camping\target\classes;C:\Users\ASUS\.m2\repository\com\mysql\mysql-connector-j\9.0.0\mysql-connector-j-9.0.0.jar;C:\Users\ASUS\.m2\repository\com\google\protobuf\protobuf-java\4.26.1\protobuf-java-4.26.1.jar;C:\Users\ASUS\.m2\repository\com\toedter\jcalendar\1.4\jcalendar-1.4.jar;C:\Users\ASUS\.m2\repository\com\formdev\flatlaf\3.4\flatlaf-3.4.jar
Launcher Type: SUN_STANDARD

[Global flags]
     intx CICompilerCount                          = 3                                         {product} {ergonomic}
     uint ConcGCThreads                            = 1                                         {product} {ergonomic}
     uint G1ConcRefinementThreads                  = 4                                         {product} {ergonomic}
   size_t G1HeapRegionSize                         = 1048576                                   {product} {ergonomic}
   size_t InitialHeapSize                          = 130023424                                 {product} {ergonomic}
   size_t MarkStackSize                            = 4194304                                   {product} {ergonomic}
   size_t MarkStackSizeMax                         = 536870912                                 {product} {ergonomic}
   size_t MaxHeapSize                              = 2080374784                                {product} {ergonomic}
   size_t MaxNewSize                               = 1247805440                                {product} {ergonomic}
   size_t MinHeapDeltaBytes                        = 1048576                                   {product} {ergonomic}
   size_t MinHeapSize                              = 8388608                                   {product} {ergonomic}
    uintx NonNMethodCodeHeapSize                   = 5832704                                {pd product} {ergonomic}
    uintx NonProfiledCodeHeapSize                  = 122945536                              {pd product} {ergonomic}
    uintx ProfiledCodeHeapSize                     = 122880000                              {pd product} {ergonomic}
    uintx ReservedCodeCacheSize                    = 251658240                              {pd product} {ergonomic}
     bool SegmentedCodeCache                       = true                                      {product} {ergonomic}
   size_t SoftMaxHeapSize                          = 2080374784                             {manageable} {ergonomic}
     bool UseCompressedOops                        = true                           {product lp64_product} {ergonomic}
     bool UseG1GC                                  = true                                      {product} {ergonomic}
     bool UseLargePagesIndividualAllocation        = false                                  {pd product} {ergonomic}

Logging:
Log output configuration:
 #0: stdout all=warning uptime,level,tags foldmultilines=false
 #1: stderr all=off uptime,level,tags foldmultilines=false

Release file:
IMPLEMENTOR="Eclipse Adoptium" 
IMPLEMENTOR_VERSION="Temurin-25.0.1+8" 
JAVA_RUNTIME_VERSION="25.0.1+8-LTS" 
JAVA_VERSION="25.0.1" 
JAVA_VERSION_DATE="2025-10-21" 
LIBC="default" 
MODULES="java.base java.compiler java.datatransfer java.xml java.prefs java.desktop java.instrument java.logging java.management java.security.sasl java.naming java.rmi java.management.rmi java.net.http java.scripting java.security.jgss java.transaction.xa java.sql java.sql.rowset java.xml.crypto java.se java.smartcardio jdk.accessibility jdk.internal.jvmstat jdk.attach jdk.charsets jdk.internal.opt jdk.zipfs jdk.compiler jdk.crypto.cryptoki jdk.crypto.ec jdk.crypto.mscapi jdk.dynalink jdk.internal.ed jdk.editpad jdk.internal.vm.ci jdk.graal.compiler jdk.graal.compiler.management jdk.hotspot.agent jdk.httpserver jdk.incubator.vector jdk.internal.le jdk.internal.md jdk.jartool jdk.javadoc jdk.jcmd jdk.management jdk.management.agent jdk.jconsole jdk.jdeps jdk.jdwp.agent jdk.jdi jdk.jfr jdk.jlink jdk.jpackage jdk.jshell jdk.jsobject jdk.jstatd jdk.localedata jdk.management.jfr jdk.naming.dns jdk.naming.rmi jdk.net jdk.nio.mapmode jdk.sctp jdk.security.auth jdk.security.jgss jdk.unsupported jdk.unsupported.desktop jdk.xml.dom" 
OS_ARCH="x86_64" 
OS_NAME="Windows" 
SOURCE=".:git:61d6a2c1b35e" 
BUILD_SOURCE="git:839fa0b45d809157cffd3dc8515aad262a4a1776"
BUILD_SOURCE_REPO="https://github.com/adoptium/temurin-build.git"
SOURCE_REPO="https://github.com/adoptium/jdk25u.git"
FULL_VERSION="25.0.1+8-LTS"
SEMANTIC_VERSION="25.0.1+8"
BUILD_INFO="OS: Windows Server 2022 Version: 10.0"
JVM_VARIANT="Hotspot"
JVM_VERSION="25.0.1+8-LTS"
IMAGE_TYPE="JDK"

Environment Variables:
JAVA_HOME=C:\Program Files\Apache NetBeans\jdk
PATH=C:\Program Files\Common Files\Oracle\Java\javapath;C:\Windows\system32;C:\Windows;C:\Windows\System32\Wbem;C:\Windows\System32\WindowsPowerShell\v1.0\;C:\Windows\System32\OpenSSH\;C:\Program Files (x86)\NVIDIA Corporation\PhysX\Common;C:\WINDOWS\system32;C:\WINDOWS;C:\WINDOWS\System32\Wbem;C:\WINDOWS\System32\WindowsPowerShell\v1.0\;C:\WINDOWS\System32\OpenSSH\;C:\MinGW\bin;C:\Program Files\Java\jdk-25.0.2\bin;C:\Users\ASUS\AppData\Local\Microsoft\WindowsApps;C:\Users\ASUS\AppData\Local\Programs\Microsoft VS Code\bin
USERNAME=ASUS
OS=Windows_NT
PROCESSOR_IDENTIFIER=Intel64 Family 6 Model 126 Stepping 5, GenuineIntel
TMP=C:\Users\ASUS\AppData\Local\Temp
TEMP=C:\Users\ASUS\AppData\Local\Temp




Compilation memory statistics disabled.

Periodic native trim disabled

---------------  S Y S T E M  ---------------

OS:
 Windows 11 , 64 bit Build 26100 (10.0.26100.7920)
OS uptime: 19 days 19:33 hours

CPU: total 4 (initial active 4) (2 cores per cpu, 2 threads per core) family 6 model 126 stepping 5 microcode 0xa0, cx8, cmov, fxsr, ht, mmx, 3dnowpref, sse, sse2, sse3, ssse3, sse4.1, sse4.2, popcnt, lzcnt, tsc, tscinvbit, avx, avx2, aes, erms, clmul, bmi1, bmi2, adx, avx512f, avx512dq, avx512cd, avx512bw, avx512vl, sha, fma, vzeroupper, avx512_vpopcntdq, avx512_vpclmulqdq, avx512_vaes, avx512_vnni, clflush, clflushopt, avx512_vbmi2, avx512_vbmi, rdtscp, rdpid, fsrm, gfni, avx512_bitalg, f16c, pku, avx512_ifma
Processor Information for the first 4 processors :
  Max Mhz: 1190, Current Mhz: 1190, Mhz Limit: 1190

Memory: 4k page, system-wide physical 7932M (1023M free)
TotalPageFile size 16124M (AvailPageFile size 3M)
current process WorkingSet (physical memory assigned to process): 128M, peak: 128M
current process commit charge ("private bytes"): 238M, peak: 241M

vm_info: OpenJDK 64-Bit Server VM (25.0.1+8-LTS) for windows-amd64 JRE (25.0.1+8-LTS), built on 2025-10-21T00:00:00Z with unknown MS VC++:1942

END.
