#
# There is insufficient memory for the Java Runtime Environment to continue.
# Native memory allocation (mmap) failed to map 65536 bytes. Error detail: Failed to commit metaspace.
# Possible reasons:
#   The system is out of physical RAM or swap space
#   This process is running with CompressedOops enabled, and the Java Heap may be blocking the growth of the native heap
# Possible solutions:
#   Reduce memory load on the system
#   Increase physical memory or swap space
#   Check if swap backing store is full
#   Decrease Java heap size (-Xmx/-Xms)
#   Decrease number of Java threads
#   Decrease Java thread stack sizes (-Xss)
#   Set larger code cache with -XX:ReservedCodeCacheSize=
#   JVM is running with Unscaled Compressed Oops mode in which the Java heap is
#     placed in the first 4GB address space. The Java Heap base address is the
#     maximum limit for the native heap growth. Please use -XX:HeapBaseMinAddress
#     to set the Java Heap base and to place the Java Heap above 4GB virtual address.
# This output file may be truncated or incomplete.
#
#  Out of Memory Error (virtualSpaceNode.cpp:113), pid=30836, tid=22624
#
# JRE version: OpenJDK Runtime Environment Temurin-25.0.1+8 (25.0.1+8) (build 25.0.1+8-LTS)
# Java VM: OpenJDK 64-Bit Server VM Temurin-25.0.1+8 (25.0.1+8-LTS, mixed mode, sharing, tiered, compressed oops, compressed class ptrs, g1 gc, windows-amd64)
# No core dump will be written. Minidumps are not enabled by default on client versions of Windows
#

---------------  S U M M A R Y ------------

Command Line: com.mycompany.sewa_camping.FormLogin

Host: Intel(R) Core(TM) i3-1005G1 CPU @ 1.20GHz, 4 cores, 7G,  Windows 11 , 64 bit Build 26100 (10.0.26100.7920)
Time: Fri Apr  3 08:21:13 2026 SE Asia Standard Time elapsed time: 73706.728346 seconds (0d 20h 28m 26s)

---------------  T H R E A D  ---------------

Current thread (0x00000204d6d14b80):  JavaThread "C1 CompilerThread0" daemon [_thread_in_vm, id=22624, stack(0x0000004a97e00000,0x0000004a97f00000) (1024K)]


Current CompileTask:
C1:73706728 2879       3       sun.awt.windows.WComponentPeer::getGraphicsConfiguration (23 bytes)

Stack: [0x0000004a97e00000,0x0000004a97f00000]
Native frames: (J=compiled Java code, j=interpreted, Vv=VM code, C=native code)
V  [jvm.dll+0x7a8379]  (no source info available)
V  [jvm.dll+0x7729fd]  (no source info available)
V  [jvm.dll+0x9f57b3]  (no source info available)
V  [jvm.dll+0x9f7da1]  (no source info available)
V  [jvm.dll+0x9f84a3]  (no source info available)
V  [jvm.dll+0x2fcd26]  (no source info available)
V  [jvm.dll+0x9f268e]  (no source info available)
V  [jvm.dll+0x73da34]  (no source info available)
V  [jvm.dll+0x73da9a]  (no source info available)
V  [jvm.dll+0x74038d]  (no source info available)
V  [jvm.dll+0x740115]  (no source info available)
V  [jvm.dll+0x29ab92]  (no source info available)
V  [jvm.dll+0x73e458]  (no source info available)
V  [jvm.dll+0x75205a]  (no source info available)
V  [jvm.dll+0x74aa59]  (no source info available)
V  [jvm.dll+0x2667c3]  (no source info available)
V  [jvm.dll+0x2669a8]  (no source info available)
V  [jvm.dll+0x1bde32]  (no source info available)
V  [jvm.dll+0x1be220]  (no source info available)
V  [jvm.dll+0x1bd561]  (no source info available)
V  [jvm.dll+0x1bf3ad]  (no source info available)
V  [jvm.dll+0x2cf386]  (no source info available)
V  [jvm.dll+0x2cd60a]  (no source info available)
V  [jvm.dll+0x48f64e]  (no source info available)
V  [jvm.dll+0x99630d]  (no source info available)
V  [jvm.dll+0x7a6955]  (no source info available)
C  [ucrtbase.dll+0x37b0]  (no source info available)
C  [KERNEL32.DLL+0x2e8d7]  (no source info available)
C  [ntdll.dll+0x8c48c]  (no source info available)

Lock stack of current Java thread (top to bottom):


---------------  P R O C E S S  ---------------

Threads class SMR info:
_java_thread_list=0x00000204db9d44d0, length=17, elements={
0x00000204d6cfa9c0, 0x00000204d6cfd590, 0x00000204d6cff2b0, 0x00000204d6d01e80,
0x00000204d6d02a40, 0x00000204d6d03730, 0x00000204d6d10ab0, 0x00000204d6d14b80,
0x00000204d6cd5560, 0x00000204d6dac170, 0x00000204db136070, 0x00000204db13cde0,
0x00000204db140960, 0x00000204db814390, 0x00000204b83b2940, 0x00000204db97f8c0,
0x00000204db02ef80
}

Java Threads: ( => current thread )
  0x00000204d6cfa9c0 JavaThread "Reference Handler"          daemon [_thread_blocked, id=19240, stack(0x0000004a97700000,0x0000004a97800000) (1024K)]
  0x00000204d6cfd590 JavaThread "Finalizer"                  daemon [_thread_blocked, id=23516, stack(0x0000004a97800000,0x0000004a97900000) (1024K)]
  0x00000204d6cff2b0 JavaThread "Signal Dispatcher"          daemon [_thread_blocked, id=2864, stack(0x0000004a97900000,0x0000004a97a00000) (1024K)]
  0x00000204d6d01e80 JavaThread "Attach Listener"            daemon [_thread_blocked, id=11624, stack(0x0000004a97a00000,0x0000004a97b00000) (1024K)]
  0x00000204d6d02a40 JavaThread "Service Thread"             daemon [_thread_blocked, id=21732, stack(0x0000004a97b00000,0x0000004a97c00000) (1024K)]
  0x00000204d6d03730 JavaThread "Monitor Deflation Thread"   daemon [_thread_blocked, id=12800, stack(0x0000004a97c00000,0x0000004a97d00000) (1024K)]
  0x00000204d6d10ab0 JavaThread "C2 CompilerThread0"         daemon [_thread_blocked, id=13072, stack(0x0000004a97d00000,0x0000004a97e00000) (1024K)]
=>0x00000204d6d14b80 JavaThread "C1 CompilerThread0"         daemon [_thread_in_vm, id=22624, stack(0x0000004a97e00000,0x0000004a97f00000) (1024K)]
  0x00000204d6cd5560 JavaThread "Notification Thread"        daemon [_thread_blocked, id=26580, stack(0x0000004a97f00000,0x0000004a98000000) (1024K)]
  0x00000204d6dac170 JavaThread "Common-Cleaner"             daemon [_thread_blocked, id=11036, stack(0x0000004a98000000,0x0000004a98100000) (1024K)]
  0x00000204db136070 JavaThread "Java2D Disposer"            daemon [_thread_blocked, id=31240, stack(0x0000004a98100000,0x0000004a98200000) (1024K)]
  0x00000204db13cde0 JavaThread "AWT-Shutdown"                      [_thread_blocked, id=7160, stack(0x0000004a98200000,0x0000004a98300000) (1024K)]
  0x00000204db140960 JavaThread "AWT-Windows"                daemon [_thread_in_native, id=11200, stack(0x0000004a98300000,0x0000004a98400000) (1024K)]
  0x00000204db814390 JavaThread "AWT-EventQueue-0"                  [_thread_blocked, id=17200, stack(0x0000004a98400000,0x0000004a98500000) (1024K)]
  0x00000204b83b2940 JavaThread "DestroyJavaVM"                     [_thread_blocked, id=31292, stack(0x0000004a96f00000,0x0000004a97000000) (1024K)]
  0x00000204db97f8c0 JavaThread "TimerQueue"                 daemon [_thread_blocked, id=3296, stack(0x0000004a98800000,0x0000004a98900000) (1024K)]
  0x00000204db02ef80 JavaThread "mysql-cj-abandoned-connection-cleanup" daemon [_thread_blocked, id=18508, stack(0x0000004a98900000,0x0000004a98a00000) (1024K)]
Total: 17

Other Threads:
  0x00000204d6ce3dc0 VMThread "VM Thread"                           [id=14188, stack(0x0000004a97600000,0x0000004a97700000) (1024K)]
  0x00000204d6cd4a50 WatcherThread "VM Periodic Task Thread"        [id=23312, stack(0x0000004a97500000,0x0000004a97600000) (1024K)]
  0x00000204ba725780 WorkerThread "GC Thread#0"                     [id=27528, stack(0x0000004a97000000,0x0000004a97100000) (1024K)]
  0x00000204db3b51c0 WorkerThread "GC Thread#1"                     [id=21736, stack(0x0000004a98b00000,0x0000004a98c00000) (1024K)]
  0x00000204db3b5a00 WorkerThread "GC Thread#2"                     [id=9148, stack(0x0000004a98c00000,0x0000004a98d00000) (1024K)]
  0x00000204db3b5e30 WorkerThread "GC Thread#3"                     [id=10304, stack(0x0000004a98d00000,0x0000004a98e00000) (1024K)]
  0x00000204ba73fb00 ConcurrentGCThread "G1 Main Marker"            [id=21772, stack(0x0000004a97100000,0x0000004a97200000) (1024K)]
  0x00000204ba7412f0 WorkerThread "G1 Conc#0"                       [id=19972, stack(0x0000004a97200000,0x0000004a97300000) (1024K)]
  0x00000204ba77e1c0 ConcurrentGCThread "G1 Refine#0"               [id=14996, stack(0x0000004a97300000,0x0000004a97400000) (1024K)]
  0x00000204ba77fa90 ConcurrentGCThread "G1 Service"                [id=24048, stack(0x0000004a97400000,0x0000004a97500000) (1024K)]
Total: 10

Threads with active compile tasks:
C1 CompilerThread0  73706890 2879       3       sun.awt.windows.WComponentPeer::getGraphicsConfiguration (23 bytes)
Total: 1

VM state: not at safepoint (normal execution)

VM Mutex/Monitor currently owned by a thread:  ([mutex/lock_event])
[0x00007fff9fad4168] Metaspace_lock - owner thread: 0x00000204d6d14b80

Heap address: 0x0000000084000000, size: 1984 MB, Compressed Oops mode: 32-bit

CDS archive(s) mapped at: [0x000000002c000000-0x000000002cdd0000-0x000000002cdd0000), size 14483456, SharedBaseAddress: 0x000000002c000000, ArchiveRelocationMode: 1.
Compressed class space mapped at: 0x000000002d000000-0x000000006d000000, reserved size: 1073741824
UseCompressedClassPointers 1, UseCompactObjectHeaders 0
Narrow klass pointer bits 32, Max shift 3
Narrow klass base: 0x000000002c000000, Narrow klass shift: 0
Encoding Range: [0x000000002c000000 - 0x000000012c000000), (4294967296 bytes)
Klass Range:    [0x000000002c010000 - 0x000000006d000000), (1090453504 bytes)
Klass ID Range:  [65536 - 1090519033) (1090453497)
Protection zone: [0x000000002c000000 - 0x000000002c010000), (65536 bytes)

GC Precious Log:
 CardTable entry size: 512
 Card Set container configuration: InlinePtr #cards 5 size 8 Array Of Cards #cards 10 size 36 Howl #buckets 4 coarsen threshold 1843 Howl Bitmap #cards 512 size 80 coarsen threshold 460 Card regions per heap region 1 cards per card region 2048
 CPUs: 4 total, 4 available
 Memory: 7932M
 Large Page Support: Disabled
 NUMA Support: Disabled
 Compressed Oops: Enabled (32-bit)
 Heap Region Size: 1M
 Heap Min Capacity: 8M
 Heap Initial Capacity: 124M
 Heap Max Capacity: 1984M
 Pre-touch: Disabled
 Parallel Workers: 4
 Concurrent Workers: 1
 Concurrent Refinement Workers: 4
 Periodic GC: Disabled

Heap:
 garbage-first heap   total reserved 2031616K, committed 129024K, used 16291K [0x0000000084000000, 0x0000000100000000)
  region size 1024K, 12 young (12288K), 4 survivors (4096K)

Heap Regions: E=young(eden), S=young(survivor), O=old, HS=humongous(starts), HC=humongous(continues), CS=collection set, F=free, TAMS=top-at-mark-start, PB=parsable bottom
|   0|0x0000000084000000, 0x0000000084100000, 0x0000000084100000|100%|HS|  |TAMS 0x0000000084000000| PB 0x0000000084000000| Complete |  0
|   1|0x0000000084100000, 0x0000000084200000, 0x0000000084200000|100%|HS|  |TAMS 0x0000000084100000| PB 0x0000000084100000| Complete |  0
|   2|0x0000000084200000, 0x0000000084300000, 0x0000000084300000|100%|HC|  |TAMS 0x0000000084200000| PB 0x0000000084200000| Complete |  0
|   3|0x0000000084300000, 0x0000000084400000, 0x0000000084400000|100%|HC|  |TAMS 0x0000000084300000| PB 0x0000000084300000| Complete |  0
|   4|0x0000000084400000, 0x0000000084400000, 0x0000000084500000|  0%| F|  |TAMS 0x0000000084400000| PB 0x0000000084400000| Untracked |  0
|   5|0x0000000084500000, 0x0000000084500000, 0x0000000084600000|  0%| F|  |TAMS 0x0000000084500000| PB 0x0000000084500000| Untracked |  0
|   6|0x0000000084600000, 0x0000000084600000, 0x0000000084700000|  0%| F|  |TAMS 0x0000000084600000| PB 0x0000000084600000| Untracked |  0
|   7|0x0000000084700000, 0x0000000084700000, 0x0000000084800000|  0%| F|  |TAMS 0x0000000084700000| PB 0x0000000084700000| Untracked |  0
|   8|0x0000000084800000, 0x0000000084800000, 0x0000000084900000|  0%| F|  |TAMS 0x0000000084800000| PB 0x0000000084800000| Untracked |  0
|   9|0x0000000084900000, 0x0000000084900000, 0x0000000084a00000|  0%| F|  |TAMS 0x0000000084900000| PB 0x0000000084900000| Untracked |  0
|  10|0x0000000084a00000, 0x0000000084a00000, 0x0000000084b00000|  0%| F|  |TAMS 0x0000000084a00000| PB 0x0000000084a00000| Untracked |  0
|  11|0x0000000084b00000, 0x0000000084b00000, 0x0000000084c00000|  0%| F|  |TAMS 0x0000000084b00000| PB 0x0000000084b00000| Untracked |  0
|  12|0x0000000084c00000, 0x0000000084c00000, 0x0000000084d00000|  0%| F|  |TAMS 0x0000000084c00000| PB 0x0000000084c00000| Untracked |  0
|  13|0x0000000084d00000, 0x0000000084d00000, 0x0000000084e00000|  0%| F|  |TAMS 0x0000000084d00000| PB 0x0000000084d00000| Untracked |  0
|  14|0x0000000084e00000, 0x0000000084e00000, 0x0000000084f00000|  0%| F|  |TAMS 0x0000000084e00000| PB 0x0000000084e00000| Untracked |  0
|  15|0x0000000084f00000, 0x0000000084f00000, 0x0000000085000000|  0%| F|  |TAMS 0x0000000084f00000| PB 0x0000000084f00000| Untracked |  0
|  16|0x0000000085000000, 0x0000000085000000, 0x0000000085100000|  0%| F|  |TAMS 0x0000000085000000| PB 0x0000000085000000| Untracked |  0
|  17|0x0000000085100000, 0x0000000085100000, 0x0000000085200000|  0%| F|  |TAMS 0x0000000085100000| PB 0x0000000085100000| Untracked |  0
|  18|0x0000000085200000, 0x0000000085200000, 0x0000000085300000|  0%| F|  |TAMS 0x0000000085200000| PB 0x0000000085200000| Untracked |  0
|  19|0x0000000085300000, 0x0000000085300000, 0x0000000085400000|  0%| F|  |TAMS 0x0000000085300000| PB 0x0000000085300000| Untracked |  0
|  20|0x0000000085400000, 0x0000000085400000, 0x0000000085500000|  0%| F|  |TAMS 0x0000000085400000| PB 0x0000000085400000| Untracked |  0
|  21|0x0000000085500000, 0x0000000085500000, 0x0000000085600000|  0%| F|  |TAMS 0x0000000085500000| PB 0x0000000085500000| Untracked |  0
|  22|0x0000000085600000, 0x0000000085600000, 0x0000000085700000|  0%| F|  |TAMS 0x0000000085600000| PB 0x0000000085600000| Untracked |  0
|  23|0x0000000085700000, 0x0000000085700000, 0x0000000085800000|  0%| F|  |TAMS 0x0000000085700000| PB 0x0000000085700000| Untracked |  0
|  24|0x0000000085800000, 0x0000000085800000, 0x0000000085900000|  0%| F|  |TAMS 0x0000000085800000| PB 0x0000000085800000| Untracked |  0
|  25|0x0000000085900000, 0x0000000085900000, 0x0000000085a00000|  0%| F|  |TAMS 0x0000000085900000| PB 0x0000000085900000| Untracked |  0
|  26|0x0000000085a00000, 0x0000000085a00000, 0x0000000085b00000|  0%| F|  |TAMS 0x0000000085a00000| PB 0x0000000085a00000| Untracked |  0
|  27|0x0000000085b00000, 0x0000000085b00000, 0x0000000085c00000|  0%| F|  |TAMS 0x0000000085b00000| PB 0x0000000085b00000| Untracked |  0
|  28|0x0000000085c00000, 0x0000000085c00000, 0x0000000085d00000|  0%| F|  |TAMS 0x0000000085c00000| PB 0x0000000085c00000| Untracked |  0
|  29|0x0000000085d00000, 0x0000000085d00000, 0x0000000085e00000|  0%| F|  |TAMS 0x0000000085d00000| PB 0x0000000085d00000| Untracked |  0
|  30|0x0000000085e00000, 0x0000000085e00000, 0x0000000085f00000|  0%| F|  |TAMS 0x0000000085e00000| PB 0x0000000085e00000| Untracked |  0
|  31|0x0000000085f00000, 0x0000000085f00000, 0x0000000086000000|  0%| F|  |TAMS 0x0000000085f00000| PB 0x0000000085f00000| Untracked |  0
|  32|0x0000000086000000, 0x0000000086000000, 0x0000000086100000|  0%| F|  |TAMS 0x0000000086000000| PB 0x0000000086000000| Untracked |  0
|  33|0x0000000086100000, 0x0000000086100000, 0x0000000086200000|  0%| F|  |TAMS 0x0000000086100000| PB 0x0000000086100000| Untracked |  0
|  34|0x0000000086200000, 0x0000000086200000, 0x0000000086300000|  0%| F|  |TAMS 0x0000000086200000| PB 0x0000000086200000| Untracked |  0
|  35|0x0000000086300000, 0x0000000086300000, 0x0000000086400000|  0%| F|  |TAMS 0x0000000086300000| PB 0x0000000086300000| Untracked |  0
|  36|0x0000000086400000, 0x0000000086400000, 0x0000000086500000|  0%| F|  |TAMS 0x0000000086400000| PB 0x0000000086400000| Untracked |  0
|  37|0x0000000086500000, 0x0000000086500000, 0x0000000086600000|  0%| F|  |TAMS 0x0000000086500000| PB 0x0000000086500000| Untracked |  0
|  38|0x0000000086600000, 0x0000000086600000, 0x0000000086700000|  0%| F|  |TAMS 0x0000000086600000| PB 0x0000000086600000| Untracked |  0
|  39|0x0000000086700000, 0x0000000086700000, 0x0000000086800000|  0%| F|  |TAMS 0x0000000086700000| PB 0x0000000086700000| Untracked |  0
|  40|0x0000000086800000, 0x0000000086800000, 0x0000000086900000|  0%| F|  |TAMS 0x0000000086800000| PB 0x0000000086800000| Untracked |  0
|  41|0x0000000086900000, 0x0000000086900000, 0x0000000086a00000|  0%| F|  |TAMS 0x0000000086900000| PB 0x0000000086900000| Untracked |  0
|  42|0x0000000086a00000, 0x0000000086a00000, 0x0000000086b00000|  0%| F|  |TAMS 0x0000000086a00000| PB 0x0000000086a00000| Untracked |  0
|  43|0x0000000086b00000, 0x0000000086b00000, 0x0000000086c00000|  0%| F|  |TAMS 0x0000000086b00000| PB 0x0000000086b00000| Untracked |  0
|  44|0x0000000086c00000, 0x0000000086c00000, 0x0000000086d00000|  0%| F|  |TAMS 0x0000000086c00000| PB 0x0000000086c00000| Untracked |  0
|  45|0x0000000086d00000, 0x0000000086d00000, 0x0000000086e00000|  0%| F|  |TAMS 0x0000000086d00000| PB 0x0000000086d00000| Untracked |  0
|  46|0x0000000086e00000, 0x0000000086e00000, 0x0000000086f00000|  0%| F|  |TAMS 0x0000000086e00000| PB 0x0000000086e00000| Untracked |  0
|  47|0x0000000086f00000, 0x0000000086f00000, 0x0000000087000000|  0%| F|  |TAMS 0x0000000086f00000| PB 0x0000000086f00000| Untracked |  0
|  48|0x0000000087000000, 0x0000000087000000, 0x0000000087100000|  0%| F|  |TAMS 0x0000000087000000| PB 0x0000000087000000| Untracked |  0
|  49|0x0000000087100000, 0x0000000087100000, 0x0000000087200000|  0%| F|  |TAMS 0x0000000087100000| PB 0x0000000087100000| Untracked |  0
|  50|0x0000000087200000, 0x0000000087200000, 0x0000000087300000|  0%| F|  |TAMS 0x0000000087200000| PB 0x0000000087200000| Untracked |  0
|  51|0x0000000087300000, 0x0000000087300000, 0x0000000087400000|  0%| F|  |TAMS 0x0000000087300000| PB 0x0000000087300000| Untracked |  0
|  52|0x0000000087400000, 0x0000000087400000, 0x0000000087500000|  0%| F|  |TAMS 0x0000000087400000| PB 0x0000000087400000| Untracked |  0
|  53|0x0000000087500000, 0x0000000087500000, 0x0000000087600000|  0%| F|  |TAMS 0x0000000087500000| PB 0x0000000087500000| Untracked |  0
|  54|0x0000000087600000, 0x0000000087600000, 0x0000000087700000|  0%| F|  |TAMS 0x0000000087600000| PB 0x0000000087600000| Untracked |  0
|  55|0x0000000087700000, 0x0000000087700000, 0x0000000087800000|  0%| F|  |TAMS 0x0000000087700000| PB 0x0000000087700000| Untracked |  0
|  56|0x0000000087800000, 0x0000000087800000, 0x0000000087900000|  0%| F|  |TAMS 0x0000000087800000| PB 0x0000000087800000| Untracked |  0
|  57|0x0000000087900000, 0x0000000087900000, 0x0000000087a00000|  0%| F|  |TAMS 0x0000000087900000| PB 0x0000000087900000| Untracked |  0
|  58|0x0000000087a00000, 0x0000000087a00000, 0x0000000087b00000|  0%| F|  |TAMS 0x0000000087a00000| PB 0x0000000087a00000| Untracked |  0
|  59|0x0000000087b00000, 0x0000000087b00000, 0x0000000087c00000|  0%| F|  |TAMS 0x0000000087b00000| PB 0x0000000087b00000| Untracked |  0
|  60|0x0000000087c00000, 0x0000000087c00000, 0x0000000087d00000|  0%| F|  |TAMS 0x0000000087c00000| PB 0x0000000087c00000| Untracked |  0
|  61|0x0000000087d00000, 0x0000000087d00000, 0x0000000087e00000|  0%| F|  |TAMS 0x0000000087d00000| PB 0x0000000087d00000| Untracked |  0
|  62|0x0000000087e00000, 0x0000000087e00000, 0x0000000087f00000|  0%| F|  |TAMS 0x0000000087e00000| PB 0x0000000087e00000| Untracked |  0
|  63|0x0000000087f00000, 0x0000000087f00000, 0x0000000088000000|  0%| F|  |TAMS 0x0000000087f00000| PB 0x0000000087f00000| Untracked |  0
|  64|0x0000000088000000, 0x0000000088000000, 0x0000000088100000|  0%| F|  |TAMS 0x0000000088000000| PB 0x0000000088000000| Untracked |  0
|  65|0x0000000088100000, 0x0000000088100000, 0x0000000088200000|  0%| F|  |TAMS 0x0000000088100000| PB 0x0000000088100000| Untracked |  0
|  66|0x0000000088200000, 0x0000000088200000, 0x0000000088300000|  0%| F|  |TAMS 0x0000000088200000| PB 0x0000000088200000| Untracked |  0
|  67|0x0000000088300000, 0x0000000088300000, 0x0000000088400000|  0%| F|  |TAMS 0x0000000088300000| PB 0x0000000088300000| Untracked |  0
|  68|0x0000000088400000, 0x0000000088400000, 0x0000000088500000|  0%| F|  |TAMS 0x0000000088400000| PB 0x0000000088400000| Untracked |  0
|  69|0x0000000088500000, 0x0000000088500000, 0x0000000088600000|  0%| F|  |TAMS 0x0000000088500000| PB 0x0000000088500000| Untracked |  0
|  70|0x0000000088600000, 0x0000000088600000, 0x0000000088700000|  0%| F|  |TAMS 0x0000000088600000| PB 0x0000000088600000| Untracked |  0
|  71|0x0000000088700000, 0x0000000088700000, 0x0000000088800000|  0%| F|  |TAMS 0x0000000088700000| PB 0x0000000088700000| Untracked |  0
|  72|0x0000000088800000, 0x0000000088800000, 0x0000000088900000|  0%| F|  |TAMS 0x0000000088800000| PB 0x0000000088800000| Untracked |  0
|  73|0x0000000088900000, 0x0000000088900000, 0x0000000088a00000|  0%| F|  |TAMS 0x0000000088900000| PB 0x0000000088900000| Untracked |  0
|  74|0x0000000088a00000, 0x0000000088a00000, 0x0000000088b00000|  0%| F|  |TAMS 0x0000000088a00000| PB 0x0000000088a00000| Untracked |  0
|  75|0x0000000088b00000, 0x0000000088b00000, 0x0000000088c00000|  0%| F|  |TAMS 0x0000000088b00000| PB 0x0000000088b00000| Untracked |  0
|  76|0x0000000088c00000, 0x0000000088c00000, 0x0000000088d00000|  0%| F|  |TAMS 0x0000000088c00000| PB 0x0000000088c00000| Untracked |  0
|  77|0x0000000088d00000, 0x0000000088d00000, 0x0000000088e00000|  0%| F|  |TAMS 0x0000000088d00000| PB 0x0000000088d00000| Untracked |  0
|  78|0x0000000088e00000, 0x0000000088e00000, 0x0000000088f00000|  0%| F|  |TAMS 0x0000000088e00000| PB 0x0000000088e00000| Untracked |  0
|  79|0x0000000088f00000, 0x0000000088f00000, 0x0000000089000000|  0%| F|  |TAMS 0x0000000088f00000| PB 0x0000000088f00000| Untracked |  0
|  80|0x0000000089000000, 0x0000000089000000, 0x0000000089100000|  0%| F|  |TAMS 0x0000000089000000| PB 0x0000000089000000| Untracked |  0
|  81|0x0000000089100000, 0x0000000089100000, 0x0000000089200000|  0%| F|  |TAMS 0x0000000089100000| PB 0x0000000089100000| Untracked |  0
|  82|0x0000000089200000, 0x0000000089200000, 0x0000000089300000|  0%| F|  |TAMS 0x0000000089200000| PB 0x0000000089200000| Untracked |  0
|  83|0x0000000089300000, 0x0000000089300000, 0x0000000089400000|  0%| F|  |TAMS 0x0000000089300000| PB 0x0000000089300000| Untracked |  0
|  84|0x0000000089400000, 0x0000000089400000, 0x0000000089500000|  0%| F|  |TAMS 0x0000000089400000| PB 0x0000000089400000| Untracked |  0
|  85|0x0000000089500000, 0x0000000089500000, 0x0000000089600000|  0%| F|  |TAMS 0x0000000089500000| PB 0x0000000089500000| Untracked |  0
|  86|0x0000000089600000, 0x0000000089600000, 0x0000000089700000|  0%| F|  |TAMS 0x0000000089600000| PB 0x0000000089600000| Untracked |  0
|  87|0x0000000089700000, 0x0000000089700000, 0x0000000089800000|  0%| F|  |TAMS 0x0000000089700000| PB 0x0000000089700000| Untracked |  0
|  88|0x0000000089800000, 0x0000000089800000, 0x0000000089900000|  0%| F|  |TAMS 0x0000000089800000| PB 0x0000000089800000| Untracked |  0
|  89|0x0000000089900000, 0x0000000089900000, 0x0000000089a00000|  0%| F|  |TAMS 0x0000000089900000| PB 0x0000000089900000| Untracked |  0
|  90|0x0000000089a00000, 0x0000000089a00000, 0x0000000089b00000|  0%| F|  |TAMS 0x0000000089a00000| PB 0x0000000089a00000| Untracked |  0
|  91|0x0000000089b00000, 0x0000000089b00000, 0x0000000089c00000|  0%| F|  |TAMS 0x0000000089b00000| PB 0x0000000089b00000| Untracked |  0
|  92|0x0000000089c00000, 0x0000000089cc4010, 0x0000000089d00000| 76%| S|CS|TAMS 0x0000000089c00000| PB 0x0000000089c00000| Complete |  0
|  93|0x0000000089d00000, 0x0000000089e00000, 0x0000000089e00000|100%| S|CS|TAMS 0x0000000089d00000| PB 0x0000000089d00000| Complete |  0
|  94|0x0000000089e00000, 0x0000000089f00000, 0x0000000089f00000|100%| S|CS|TAMS 0x0000000089e00000| PB 0x0000000089e00000| Complete |  0
|  95|0x0000000089f00000, 0x000000008a000000, 0x000000008a000000|100%| S|CS|TAMS 0x0000000089f00000| PB 0x0000000089f00000| Complete |  0
|  96|0x000000008a000000, 0x000000008a000000, 0x000000008a100000|  0%| F|  |TAMS 0x000000008a000000| PB 0x000000008a000000| Untracked |  0
|  97|0x000000008a100000, 0x000000008a100000, 0x000000008a200000|  0%| F|  |TAMS 0x000000008a100000| PB 0x000000008a100000| Untracked |  0
|  98|0x000000008a200000, 0x000000008a200000, 0x000000008a300000|  0%| F|  |TAMS 0x000000008a200000| PB 0x000000008a200000| Untracked |  0
|  99|0x000000008a300000, 0x000000008a300000, 0x000000008a400000|  0%| F|  |TAMS 0x000000008a300000| PB 0x000000008a300000| Untracked |  0
| 100|0x000000008a400000, 0x000000008a400000, 0x000000008a500000|  0%| F|  |TAMS 0x000000008a400000| PB 0x000000008a400000| Untracked |  0
| 101|0x000000008a500000, 0x000000008a500000, 0x000000008a600000|  0%| F|  |TAMS 0x000000008a500000| PB 0x000000008a500000| Untracked |  0
| 102|0x000000008a600000, 0x000000008a600000, 0x000000008a700000|  0%| F|  |TAMS 0x000000008a600000| PB 0x000000008a600000| Untracked |  0
| 103|0x000000008a700000, 0x000000008a700000, 0x000000008a800000|  0%| F|  |TAMS 0x000000008a700000| PB 0x000000008a700000| Untracked |  0
| 104|0x000000008a800000, 0x000000008a800000, 0x000000008a900000|  0%| F|  |TAMS 0x000000008a800000| PB 0x000000008a800000| Untracked |  0
| 105|0x000000008a900000, 0x000000008a900000, 0x000000008aa00000|  0%| F|  |TAMS 0x000000008a900000| PB 0x000000008a900000| Untracked |  0
| 106|0x000000008aa00000, 0x000000008aa00000, 0x000000008ab00000|  0%| F|  |TAMS 0x000000008aa00000| PB 0x000000008aa00000| Untracked |  0
| 107|0x000000008ab00000, 0x000000008ab00000, 0x000000008ac00000|  0%| F|  |TAMS 0x000000008ab00000| PB 0x000000008ab00000| Untracked |  0
| 108|0x000000008ac00000, 0x000000008ac00000, 0x000000008ad00000|  0%| F|  |TAMS 0x000000008ac00000| PB 0x000000008ac00000| Untracked |  0
| 109|0x000000008ad00000, 0x000000008ad00000, 0x000000008ae00000|  0%| F|  |TAMS 0x000000008ad00000| PB 0x000000008ad00000| Untracked |  0
| 110|0x000000008ae00000, 0x000000008ae00000, 0x000000008af00000|  0%| F|  |TAMS 0x000000008ae00000| PB 0x000000008ae00000| Untracked |  0
| 111|0x000000008af00000, 0x000000008af00000, 0x000000008b000000|  0%| F|  |TAMS 0x000000008af00000| PB 0x000000008af00000| Untracked |  0
| 112|0x000000008b000000, 0x000000008b000000, 0x000000008b100000|  0%| F|  |TAMS 0x000000008b000000| PB 0x000000008b000000| Untracked |  0
| 113|0x000000008b100000, 0x000000008b100000, 0x000000008b200000|  0%| F|  |TAMS 0x000000008b100000| PB 0x000000008b100000| Untracked |  0
| 114|0x000000008b200000, 0x000000008b200000, 0x000000008b300000|  0%| F|  |TAMS 0x000000008b200000| PB 0x000000008b200000| Untracked |  0
| 115|0x000000008b300000, 0x000000008b300000, 0x000000008b400000|  0%| F|  |TAMS 0x000000008b300000| PB 0x000000008b300000| Untracked |  0
| 116|0x000000008b400000, 0x000000008b436df8, 0x000000008b500000| 21%| E|  |TAMS 0x000000008b400000| PB 0x000000008b400000| Complete |  0
| 117|0x000000008b500000, 0x000000008b600000, 0x000000008b600000|100%| E|CS|TAMS 0x000000008b500000| PB 0x000000008b500000| Complete |  0
| 118|0x000000008b600000, 0x000000008b700000, 0x000000008b700000|100%| E|CS|TAMS 0x000000008b600000| PB 0x000000008b600000| Complete |  0
| 119|0x000000008b700000, 0x000000008b800000, 0x000000008b800000|100%| E|CS|TAMS 0x000000008b700000| PB 0x000000008b700000| Complete |  0
| 120|0x000000008b800000, 0x000000008b900000, 0x000000008b900000|100%| E|CS|TAMS 0x000000008b800000| PB 0x000000008b800000| Complete |  0
| 121|0x000000008b900000, 0x000000008ba00000, 0x000000008ba00000|100%| E|CS|TAMS 0x000000008b900000| PB 0x000000008b900000| Complete |  0
| 122|0x000000008ba00000, 0x000000008bb00000, 0x000000008bb00000|100%| E|CS|TAMS 0x000000008ba00000| PB 0x000000008ba00000| Complete |  0
| 123|0x000000008bb00000, 0x000000008bc00000, 0x000000008bc00000|100%| E|CS|TAMS 0x000000008bb00000| PB 0x000000008bb00000| Complete |  0
|1982|0x00000000ffe00000, 0x00000000fff00000, 0x00000000fff00000|100%| O|  |TAMS 0x00000000ffe00000| PB 0x00000000ffe00000| Untracked |  0
|1983|0x00000000fff00000, 0x00000000fff24ea8, 0x0000000100000000| 14%| O|  |TAMS 0x00000000fff00000| PB 0x00000000fff00000| Untracked |  0

Card table byte_map: [0x00000204d25a0000,0x00000204d2980000] _byte_map_base: 0x00000204d2180000

Marking Bits: (CMBitMap*) 0x00000204ba727d20
 Bits: [0x00000204d2980000, 0x00000204d4880000)

Polling page: 0x00000204b8580000

Metaspace:
Metaspace        used 15538K, committed 15808K, reserved 1114112K
 class space     used 1379K, committed 1536K, reserved 1048576K

Usage:
  Non-class:     13.83 MB used.
      Class:      1.35 MB used.
       Both:     15.17 MB used.

Virtual space:
  Non-class space:       64.00 MB reserved,      13.94 MB ( 22%) committed,  1 nodes.
      Class space:        1.00 GB reserved,       1.50 MB ( <1%) committed,  1 nodes.
             Both:        1.06 GB reserved,      15.44 MB (  1%) committed. 

Chunk freelists:
   Non-Class:  2.05 MB
       Class:  14.55 MB
        Both:  16.60 MB

MaxMetaspaceSize: unlimited
CompressedClassSpaceSize: 1.00 GB
Initial GC threshold: 21.00 MB
Current GC threshold: 21.00 MB
CDS: on
 - commit_granule_bytes: 65536.
 - commit_granule_words: 8192.
 - virtual_space_node_default_size: 8388608.
 - enlarge_chunks_in_place: 1.
UseCompressedClassPointers 1, UseCompactObjectHeaders 0
Narrow klass pointer bits 32, Max shift 3
Narrow klass base: 0x000000002c000000, Narrow klass shift: 0
Encoding Range: [0x000000002c000000 - 0x000000012c000000), (4294967296 bytes)
Klass Range:    [0x000000002c010000 - 0x000000006d000000), (1090453504 bytes)
Klass ID Range:  [65536 - 1090519033) (1090453497)
Protection zone: [0x000000002c000000 - 0x000000002c010000), (65536 bytes)


Internal statistics:

num_allocs_failed_limit: 0.
num_arena_births: 120.
num_arena_deaths: 0.
num_vsnodes_births: 2.
num_vsnodes_deaths: 0.
num_space_committed: 247.
num_space_uncommitted: 0.
num_chunks_returned_to_freelist: 0.
num_chunks_taken_from_freelist: 290.
num_chunk_merges: 0.
num_chunk_splits: 189.
num_chunks_enlarged: 123.
num_inconsistent_stats: 0.

CodeHeap 'non-profiled nmethods': size=120064Kb used=668Kb max_used=668Kb free=119395Kb
 bounds [0x00000204cac80000, 0x00000204caef0000, 0x00000204d21c0000]
CodeHeap 'profiled nmethods': size=120000Kb used=4585Kb max_used=4585Kb free=115414Kb
 bounds [0x00000204c31c0000, 0x00000204c3640000, 0x00000204ca6f0000]
CodeHeap 'non-nmethods': size=5696Kb used=1780Kb max_used=1857Kb free=3915Kb
 bounds [0x00000204ca6f0000, 0x00000204ca960000, 0x00000204cac80000]
CodeCache: size=245760Kb, used=7033Kb, max_used=7110Kb, free=238724Kb
 total_blobs=3614, nmethods=2877, adapters=639, full_count=0
Compilation: enabled, stopped_count=0, restarted_count=0

Compilation events (20 events):
Event: 72370.124 Thread 0x00000204d6d14b80 nmethod 2869 0x00000204c3638288 code [0x00000204c3638380, 0x00000204c36387f8]
Event: 72370.124 Thread 0x00000204d6d14b80 2871       3       javax.swing.text.GapContent::compare (12 bytes)
Event: 72370.124 Thread 0x00000204d6d10ab0 2873  s    4       java.util.Hashtable::get (69 bytes)
Event: 72370.124 Thread 0x00000204d6d14b80 nmethod 2871 0x00000204c3638808 code [0x00000204c3638900, 0x00000204c3638b48]
Event: 72370.124 Thread 0x00000204d6d14b80 2870       3       javax.swing.event.EventListenerList::<init> (12 bytes)
Event: 72370.124 Thread 0x00000204d6d14b80 nmethod 2870 0x00000204c3638b88 code [0x00000204c3638c80, 0x00000204c3638e48]
Event: 72370.124 Thread 0x00000204d6d14b80 2872  s    3       javax.swing.event.EventListenerList::add (108 bytes)
Event: 72370.125 Thread 0x00000204d6d14b80 nmethod 2872 0x00000204c3638e88 code [0x00000204c3638f80, 0x00000204c3639ff8]
Event: 72370.128 Thread 0x00000204d6d10ab0 nmethod 2873 0x00000204cad25e88 code [0x00000204cad25f80, 0x00000204cad26488]
Event: 72370.167 Thread 0x00000204d6d10ab0 2874       4       java.util.ArrayList::iterator (9 bytes)
Event: 72370.169 Thread 0x00000204d6d10ab0 nmethod 2874 0x00000204cad26508 code [0x00000204cad26600, 0x00000204cad266f0]
Event: 72370.180 Thread 0x00000204d6d10ab0 2875       4       javax.swing.JComponent::getWidth (5 bytes)
Event: 72370.180 Thread 0x00000204d6d14b80 2876       3       javax.swing.plaf.metal.MetalTheme::getWhite (4 bytes)
Event: 72370.180 Thread 0x00000204d6d10ab0 nmethod 2875 0x00000204cad26808 code [0x00000204cad26900, 0x00000204cad26978]
Event: 72370.181 Thread 0x00000204d6d14b80 nmethod 2876 0x00000204c363a008 code [0x00000204c363a100, 0x00000204c363a218]
Event: 72372.053 Thread 0x00000204d6d14b80 2877       3       java.awt.Component::dispatchEvent (6 bytes)
Event: 72372.053 Thread 0x00000204d6d14b80 nmethod 2877 0x00000204c363a308 code [0x00000204c363a400, 0x00000204c363a5c8]
Event: 73228.160 Thread 0x00000204d6d10ab0 2878       4       java.lang.String::replace (42 bytes)
Event: 73228.177 Thread 0x00000204d6d10ab0 nmethod 2878 0x00000204cad26b08 code [0x00000204cad26c00, 0x00000204cad272f8]
Event: 73706.564 Thread 0x00000204d6d14b80 2879       3       sun.awt.windows.WComponentPeer::getGraphicsConfiguration (23 bytes)

GC Heap Usage History (2 events):
Event: 26.139 {heap Before GC invocations=0 (full 0):
 garbage-first heap   total reserved 2031616K, committed 129024K, used 33939K [0x0000000084000000, 0x0000000100000000)
  region size 1024K, 28 young (28672K), 0 survivors (0K)
}
Event: 26.143 {heap After GC invocations=1 (full 0):
 garbage-first heap   total reserved 2031616K, committed 129024K, used 9123K [0x0000000084000000, 0x0000000100000000)
  region size 1024K, 4 young (4096K), 4 survivors (4096K)
}

Metaspace Usage History (2 events):
Event: 26.139 {metaspace Before GC invocations=0 (full 0):
 Metaspace       used 14304K, committed 14528K, reserved 1114112K
  class space    used 1236K, committed 1344K, reserved 1048576K
}
Event: 26.143 {metaspace After GC invocations=1 (full 0):
 Metaspace       used 14304K, committed 14528K, reserved 1114112K
  class space    used 1236K, committed 1344K, reserved 1048576K
}

Dll operation events (9 events):
Event: 0.010 Loaded shared library C:\Program Files\Apache NetBeans\jdk\bin\java.dll
Event: 0.063 Loaded shared library C:\Program Files\Apache NetBeans\jdk\bin\jimage.dll
Event: 0.068 Loaded shared library C:\Program Files\Apache NetBeans\jdk\bin\net.dll
Event: 0.070 Loaded shared library C:\Program Files\Apache NetBeans\jdk\bin\nio.dll
Event: 0.077 Loaded shared library C:\Program Files\Apache NetBeans\jdk\bin\zip.dll
Event: 0.088 Loaded shared library C:\Program Files\Apache NetBeans\jdk\bin\awt.dll
Event: 0.272 Loaded shared library C:\Program Files\Apache NetBeans\jdk\bin\freetype.dll
Event: 0.274 Loaded shared library C:\Program Files\Apache NetBeans\jdk\bin\fontmanager.dll
Event: 18.564 Loaded shared library C:\Program Files\Apache NetBeans\jdk\bin\extnet.dll

Deoptimization events (20 events):
Event: 26.147 Thread 0x00000204db02ef80 Uncommon trap: trap_request=0xffffffde fr.pc=0x00000204caceb774 relative=0x00000000000002f4
Event: 26.147 Thread 0x00000204db02ef80 Uncommon trap: reason=class_check action=maybe_recompile pc=0x00000204caceb774 method=java.util.regex.Pattern$BmpCharPropertyGreedy.match(Ljava/util/regex/Matcher;ILjava/lang/CharSequence;)Z @ 26 c2
Event: 26.147 Thread 0x00000204db02ef80 DEOPT PACKING pc=0x00000204caceb774 sp=0x0000004a989fe4b0
Event: 26.147 Thread 0x00000204db02ef80 DEOPT UNPACKING pc=0x00000204ca820802 sp=0x0000004a989fe448 mode 2
Event: 26.147 Thread 0x00000204db02ef80 Uncommon trap: trap_request=0xffffff45 fr.pc=0x00000204cacef660 relative=0x0000000000000060
Event: 26.147 Thread 0x00000204db02ef80 Uncommon trap: reason=unstable_if action=reinterpret pc=0x00000204cacef660 method=java.lang.ref.ReferenceQueue.poll()Ljava/lang/ref/Reference; @ 4 c2
Event: 26.147 Thread 0x00000204db02ef80 DEOPT PACKING pc=0x00000204cacef660 sp=0x0000004a989fdc10
Event: 26.147 Thread 0x00000204db02ef80 DEOPT UNPACKING pc=0x00000204ca820802 sp=0x0000004a989fdb20 mode 2
Event: 26.147 Thread 0x00000204db02ef80 Uncommon trap: trap_request=0xffffff45 fr.pc=0x00000204cace4658 relative=0x0000000000000058
Event: 26.147 Thread 0x00000204db02ef80 Uncommon trap: reason=unstable_if action=reinterpret pc=0x00000204cace4658 method=java.lang.ref.ReferenceQueue.poll()Ljava/lang/ref/Reference; @ 4 c2
Event: 26.147 Thread 0x00000204db02ef80 DEOPT PACKING pc=0x00000204cace4658 sp=0x0000004a989fdba0
Event: 26.147 Thread 0x00000204db02ef80 DEOPT UNPACKING pc=0x00000204ca820802 sp=0x0000004a989fdb20 mode 2
Event: 35.885 Thread 0x00000204db814390 DEOPT PACKING pc=0x00000204c34b06c5 sp=0x0000004a984fc5a0
Event: 35.885 Thread 0x00000204db814390 DEOPT UNPACKING pc=0x00000204ca7412a2 sp=0x0000004a984fba38 mode 0
Event: 75.766 Thread 0x00000204db814390 Uncommon trap: trap_request=0xffffff45 fr.pc=0x00000204cacf1788 relative=0x0000000000000508
Event: 75.766 Thread 0x00000204db814390 Uncommon trap: reason=unstable_if action=reinterpret pc=0x00000204cacf1788 method=java.lang.ref.SoftReference.get()Ljava/lang/Object; @ 17 c2
Event: 75.766 Thread 0x00000204db814390 DEOPT PACKING pc=0x00000204cacf1788 sp=0x0000004a984fd820
Event: 75.766 Thread 0x00000204db814390 DEOPT UNPACKING pc=0x00000204ca820802 sp=0x0000004a984fd5f0 mode 2
Event: 75.783 Thread 0x00000204db814390 DEOPT PACKING pc=0x00000204c3589b54 sp=0x0000004a984feb80
Event: 75.783 Thread 0x00000204db814390 DEOPT UNPACKING pc=0x00000204ca7412a2 sp=0x0000004a984fe018 mode 0

Classes loaded (20 events):
Event: 75.759 Loading class javax/swing/plaf/metal/MetalComboBoxButton
Event: 75.759 Loading class javax/swing/plaf/metal/MetalComboBoxButton done
Event: 75.759 Loading class javax/swing/plaf/metal/MetalComboBoxIcon
Event: 75.759 Loading class javax/swing/plaf/metal/MetalComboBoxIcon done
Event: 75.759 Loading class javax/swing/plaf/metal/MetalComboBoxButton$1
Event: 75.759 Loading class javax/swing/plaf/metal/MetalComboBoxButton$1 done
Event: 75.759 Loading class javax/swing/plaf/basic/BasicComboBoxUI$DefaultKeySelectionManager
Event: 75.759 Loading class javax/swing/JComboBox$KeySelectionManager
Event: 75.759 Loading class javax/swing/JComboBox$KeySelectionManager done
Event: 75.759 Loading class javax/swing/plaf/basic/BasicComboBoxUI$DefaultKeySelectionManager done
Event: 75.766 Loading class javax/swing/event/ListDataEvent
Event: 75.766 Loading class javax/swing/event/ListDataEvent done
Event: 75.766 Loading class java/awt/event/ItemEvent
Event: 75.767 Loading class java/awt/event/ItemEvent done
Event: 75.785 Loading class javax/swing/event/AncestorEvent
Event: 75.785 Loading class javax/swing/event/AncestorEvent done
Event: 751.299 Loading class java/awt/desktop/SystemSleepListener
Event: 751.299 Loading class java/awt/desktop/SystemEventListener
Event: 751.299 Loading class java/awt/desktop/SystemEventListener done
Event: 751.299 Loading class java/awt/desktop/SystemSleepListener done

Classes unloaded (0 events):
No events

Classes redefined (0 events):
No events

Internal exceptions (20 events):
Event: 0.180 Thread 0x00000204b83b2940 Exception <a 'java/lang/NoSuchMethodError'{0x000000008b761218}: 'java.lang.Object java.lang.invoke.DirectMethodHandle$Holder.invokeStatic(java.lang.Object, int, java.lang.Object)'> (0x000000008b761218) 
thrown [s\src\hotspot\share\interpreter\linkResolver.cpp, line 804]
Event: 0.209 Thread 0x00000204b83b2940 Exception <a 'java/lang/ClassNotFoundException'{0x000000008b58d948}: com/sun/swing/internal/plaf/metal/resources/spi/metalProvider> (0x000000008b58d948) 
thrown [s\src\hotspot\share\classfile\systemDictionary.cpp, line 327]
Event: 0.210 Thread 0x00000204b83b2940 Exception <a 'java/lang/ClassNotFoundException'{0x000000008b5913b8}: com/sun/swing/internal/plaf/basic/resources/spi/basicProvider> (0x000000008b5913b8) 
thrown [s\src\hotspot\share\classfile\systemDictionary.cpp, line 327]
Event: 0.222 Thread 0x00000204b83b2940 Exception <a 'java/lang/NoSuchMethodError'{0x000000008b5bf888}: 'int java.lang.invoke.Invokers$Holder.invokeExact_MT(java.lang.Object, java.lang.Object)'> (0x000000008b5bf888) 
thrown [s\src\hotspot\share\interpreter\linkResolver.cpp, line 804]
Event: 0.256 Thread 0x00000204db140960 Exception <a 'java/lang/NoSuchMethodError'{0x000000008b810698}: 'void java.lang.invoke.DirectMethodHandle$Holder.invokeVirtual(java.lang.Object, java.lang.Object)'> (0x000000008b810698) 
thrown [s\src\hotspot\share\interpreter\linkResolver.cpp, line 804]
Event: 0.268 Thread 0x00000204b83b2940 Exception <a 'java/lang/NoSuchMethodError'{0x000000008b4a2d78}: 'void java.lang.invoke.DirectMethodHandle$Holder.invokeStaticInit(java.lang.Object)'> (0x000000008b4a2d78) 
thrown [s\src\hotspot\share\interpreter\linkResolver.cpp, line 804]
Event: 0.280 Thread 0x00000204b83b2940 Exception <a 'java/lang/NoSuchMethodError'{0x000000008b4d7910}: 'long java.lang.invoke.DirectMethodHandle$Holder.invokeStaticInit(java.lang.Object, long, long, long, long)'> (0x000000008b4d7910) 
thrown [s\src\hotspot\share\interpreter\linkResolver.cpp, line 804]
Event: 0.280 Thread 0x00000204b83b2940 Exception <a 'java/lang/NoSuchMethodError'{0x000000008b4e04e0}: 'java.lang.Object java.lang.invoke.DirectMethodHandle$Holder.invokeInterface(java.lang.Object, java.lang.Object, long, long)'> (0x000000008b4e04e0) 
thrown [s\src\hotspot\share\interpreter\linkResolver.cpp, line 804]
Event: 0.281 Thread 0x00000204b83b2940 Exception <a 'java/lang/NoSuchMethodError'{0x000000008b4f8e98}: 'void java.lang.invoke.DirectMethodHandle$Holder.invokeStaticInit(java.lang.Object, java.lang.Object, long, java.lang.Object)'> (0x000000008b4f8e98) 
thrown [s\src\hotspot\share\interpreter\linkResolver.cpp, line 804]
Event: 0.282 Thread 0x00000204b83b2940 Exception <a 'java/lang/NoSuchMethodError'{0x000000008b301d20}: 'long java.lang.invoke.DirectMethodHandle$Holder.invokeStatic(java.lang.Object, long, long)'> (0x000000008b301d20) 
thrown [s\src\hotspot\share\interpreter\linkResolver.cpp, line 804]
Event: 0.285 Thread 0x00000204b83b2940 Exception <a 'java/lang/NoSuchMethodError'{0x000000008b3240a0}: 'java.lang.Object java.lang.invoke.DirectMethodHandle$Holder.newInvokeSpecial(java.lang.Object, int, java.lang.Object)'> (0x000000008b3240a0) 
thrown [s\src\hotspot\share\interpreter\linkResolver.cpp, line 804]
Event: 0.373 Thread 0x00000204db814390 Exception <a 'java/lang/NoSuchMethodError'{0x000000008b2aa9c8}: 'void java.lang.invoke.DelegatingMethodHandle$Holder.reinvoke_L(java.lang.Object, java.lang.Object, java.lang.Object, long, float)'> (0x000000008b2aa9c8) 
thrown [s\src\hotspot\share\interpreter\linkResolver.cpp, line 804]
Event: 0.377 Thread 0x00000204db814390 Exception <a 'java/lang/NoSuchMethodError'{0x000000008b2c2ed8}: 'java.lang.Object java.lang.invoke.DirectMethodHandle$Holder.invokeStatic(java.lang.Object, java.lang.Object, java.lang.Object, java.lang.Object, long)'> (0x000000008b2c2ed8) 
thrown [s\src\hotspot\share\interpreter\linkResolver.cpp, line 804]
Event: 0.380 Thread 0x00000204db814390 Exception <a 'java/lang/NoSuchMethodError'{0x000000008b2e5238}: 'float java.lang.invoke.DelegatingMethodHandle$Holder.reinvoke_L(java.lang.Object, java.lang.Object, java.lang.Object, long)'> (0x000000008b2e5238) 
thrown [s\src\hotspot\share\interpreter\linkResolver.cpp, line 804]
Event: 18.411 Thread 0x00000204db814390 Exception <a 'java/lang/NoSuchMethodError'{0x000000008b0bbb78}: 'void java.lang.invoke.DirectMethodHandle$Holder.invokeStatic(java.lang.Object, java.lang.Object)'> (0x000000008b0bbb78) 
thrown [s\src\hotspot\share\interpreter\linkResolver.cpp, line 804]
Event: 18.429 Thread 0x00000204db814390 Exception <a 'java/lang/NoSuchMethodError'{0x000000008aff5090}: 'java.lang.Object java.lang.invoke.DirectMethodHandle$Holder.invokeInterface(java.lang.Object, java.lang.Object)'> (0x000000008aff5090) 
thrown [s\src\hotspot\share\interpreter\linkResolver.cpp, line 804]
Event: 18.464 Thread 0x00000204db814390 Exception <a 'java/lang/NoSuchMethodError'{0x000000008acaf538}: 'void java.lang.invoke.DirectMethodHandle$Holder.invokeStatic(java.lang.Object, java.lang.Object, java.lang.Object)'> (0x000000008acaf538) 
thrown [s\src\hotspot\share\interpreter\linkResolver.cpp, line 804]
Event: 18.466 Thread 0x00000204db814390 Exception <a 'java/lang/NoSuchMethodError'{0x000000008acc7390}: 'java.lang.Object java.lang.invoke.DirectMethodHandle$Holder.invokeVirtual(java.lang.Object, java.lang.Object, java.lang.Object)'> (0x000000008acc7390) 
thrown [s\src\hotspot\share\interpreter\linkResolver.cpp, line 804]
Event: 26.148 Thread 0x00000204db02ef80 Exception <a 'java/lang/NoSuchMethodError'{0x000000008ba174e8}: 'void java.lang.invoke.DirectMethodHandle$Holder.invokeStaticInit(java.lang.Object, java.lang.Object)'> (0x000000008ba174e8) 
thrown [s\src\hotspot\share\interpreter\linkResolver.cpp, line 804]
Event: 26.183 Thread 0x00000204db814390 Exception <a 'java/lang/NoSuchMethodError'{0x000000008ba5e390}: 'int java.lang.invoke.DirectMethodHandle$Holder.invokeStatic(java.lang.Object)'> (0x000000008ba5e390) 
thrown [s\src\hotspot\share\interpreter\linkResolver.cpp, line 804]

VM Operations (20 events):
Event: 26.152 Executing non-safepoint VM operation: HandshakeAllThreads (Deoptimize)
Event: 26.152 Executing non-safepoint VM operation: HandshakeAllThreads (Deoptimize) done
Event: 60.050 Executing non-safepoint VM operation: HandshakeAllThreads (HandshakeForDeflation)
Event: 60.050 Executing non-safepoint VM operation: HandshakeAllThreads (HandshakeForDeflation) done
Event: 60.050 Executing non-safepoint VM operation: RendezvousGCThreads
Event: 60.050 Executing non-safepoint VM operation: RendezvousGCThreads done
Event: 75.750 Executing non-safepoint VM operation: HandshakeAllThreads (Deoptimize)
Event: 75.750 Executing non-safepoint VM operation: HandshakeAllThreads (Deoptimize) done
Event: 120.120 Executing non-safepoint VM operation: HandshakeAllThreads (HandshakeForDeflation)
Event: 120.120 Executing non-safepoint VM operation: HandshakeAllThreads (HandshakeForDeflation) done
Event: 120.120 Executing non-safepoint VM operation: RendezvousGCThreads
Event: 120.120 Executing non-safepoint VM operation: RendezvousGCThreads done
Event: 13196.656 Executing non-safepoint VM operation: HandshakeAllThreads (HandshakeForDeflation)
Event: 13196.656 Executing non-safepoint VM operation: HandshakeAllThreads (HandshakeForDeflation) done
Event: 13196.656 Executing non-safepoint VM operation: RendezvousGCThreads
Event: 13196.656 Executing non-safepoint VM operation: RendezvousGCThreads done
Event: 72381.000 Executing non-safepoint VM operation: HandshakeAllThreads (HandshakeForDeflation)
Event: 72381.001 Executing non-safepoint VM operation: HandshakeAllThreads (HandshakeForDeflation) done
Event: 72381.003 Executing non-safepoint VM operation: RendezvousGCThreads
Event: 72381.003 Executing non-safepoint VM operation: RendezvousGCThreads done

Memory protections (0 events):
No events

Nmethod flushes (0 events):
No events

Events (20 events):
Event: 0.039 Thread 0x00000204b83b2940 Thread added: 0x00000204d6cff2b0
Event: 0.039 Thread 0x00000204b83b2940 Thread added: 0x00000204d6d01e80
Event: 0.039 Thread 0x00000204b83b2940 Thread added: 0x00000204d6d02a40
Event: 0.039 Thread 0x00000204b83b2940 Thread added: 0x00000204d6d03730
Event: 0.039 Thread 0x00000204b83b2940 Thread added: 0x00000204d6d10ab0
Event: 0.039 Thread 0x00000204b83b2940 Thread added: 0x00000204d6d14b80
Event: 0.046 Thread 0x00000204b83b2940 Thread added: 0x00000204d6cd5560
Event: 0.048 Thread 0x00000204b83b2940 Thread added: 0x00000204d6dac170
Event: 0.130 Thread 0x00000204b83b2940 Thread added: 0x00000204db136070
Event: 0.131 Thread 0x00000204b83b2940 Thread added: 0x00000204db13cde0
Event: 0.131 Thread 0x00000204b83b2940 Thread added: 0x00000204db140960
Event: 0.255 Thread 0x00000204db140960 Thread added: 0x00000204db814390
Event: 0.341 Thread 0x00000204b83b2940 Thread exited: 0x00000204b83b2940
Event: 0.341 Thread 0x00000204b83b2940 Thread added: 0x00000204b83b2940
Event: 0.408 Thread 0x00000204db814390 Thread added: 0x00000204db97f8c0
Event: 18.412 Thread 0x00000204db814390 Thread added: 0x00000204db02ef80
Event: 18.436 Thread 0x00000204d6d14b80 Thread added: 0x00000204db2e5090
Event: 19.116 Thread 0x00000204db2e5090 Thread exited: 0x00000204db2e5090
Event: 26.138 Thread 0x00000204db814390 Thread added: 0x00000204d6d6e0f0
Event: 31.146 Thread 0x00000204d6d6e0f0 Thread exited: 0x00000204d6d6e0f0


Dynamic libraries:
0x00007ff66f690000 - 0x00007ff66f69e000 	C:\Program Files\Apache NetBeans\jdk\bin\java.exe
0x00007ff844ec0000 - 0x00007ff845127000 	C:\WINDOWS\SYSTEM32\ntdll.dll
0x00007ff8441d0000 - 0x00007ff844299000 	C:\WINDOWS\System32\KERNEL32.DLL
0x00007ff841c90000 - 0x00007ff842081000 	C:\WINDOWS\System32\KERNELBASE.dll
0x00007ff8422a0000 - 0x00007ff8423eb000 	C:\WINDOWS\System32\ucrtbase.dll
0x00007ff83b020000 - 0x00007ff83b03e000 	C:\Program Files\Apache NetBeans\jdk\bin\VCRUNTIME140.dll
0x00007ff833160000 - 0x00007ff833176000 	C:\Program Files\Apache NetBeans\jdk\bin\jli.dll
0x00007ff8442b0000 - 0x00007ff844475000 	C:\WINDOWS\System32\USER32.dll
0x00007ff8421c0000 - 0x00007ff8421e7000 	C:\WINDOWS\System32\win32u.dll
0x00007ff844e50000 - 0x00007ff844e7b000 	C:\WINDOWS\System32\GDI32.dll
0x00007ff82e010000 - 0x00007ff82e2a3000 	C:\WINDOWS\WinSxS\amd64_microsoft.windows.common-controls_6595b64144ccf1df_6.0.26100.8037_none_3e092faae333b53b\COMCTL32.dll
0x00007ff842f20000 - 0x00007ff842fc9000 	C:\WINDOWS\System32\msvcrt.dll
0x00007ff842090000 - 0x00007ff8421bb000 	C:\WINDOWS\System32\gdi32full.dll
0x00007ff841b20000 - 0x00007ff841bc3000 	C:\WINDOWS\System32\msvcp_win.dll
0x00007ff843740000 - 0x00007ff843771000 	C:\WINDOWS\System32\IMM32.DLL
0x00007ff83af10000 - 0x00007ff83af1c000 	C:\Program Files\Apache NetBeans\jdk\bin\vcruntime140_1.dll
0x00007fffeb850000 - 0x00007fffeb8dd000 	C:\Program Files\Apache NetBeans\jdk\bin\msvcp140.dll
0x00007fff9eca0000 - 0x00007fff9fbc6000 	C:\Program Files\Apache NetBeans\jdk\bin\server\jvm.dll
0x00007ff844000000 - 0x00007ff8440bb000 	C:\WINDOWS\System32\ADVAPI32.dll
0x00007ff843ee0000 - 0x00007ff843f87000 	C:\WINDOWS\System32\sechost.dll
0x00007ff843c80000 - 0x00007ff843d98000 	C:\WINDOWS\System32\RPCRT4.dll
0x00007ff842da0000 - 0x00007ff842e14000 	C:\WINDOWS\System32\WS2_32.dll
0x00007ff841600000 - 0x00007ff84165e000 	C:\WINDOWS\SYSTEM32\POWRPROF.dll
0x00007ff82b480000 - 0x00007ff82b4b5000 	C:\WINDOWS\SYSTEM32\WINMM.dll
0x00007ff83b960000 - 0x00007ff83b96b000 	C:\WINDOWS\SYSTEM32\VERSION.dll
0x00007ff8415e0000 - 0x00007ff8415f4000 	C:\WINDOWS\SYSTEM32\UMPDC.dll
0x00007ff840530000 - 0x00007ff84054b000 	C:\WINDOWS\SYSTEM32\kernel.appcore.dll
0x00007ff83af00000 - 0x00007ff83af0a000 	C:\Program Files\Apache NetBeans\jdk\bin\jimage.dll
0x00007ff83f850000 - 0x00007ff83fa92000 	C:\WINDOWS\SYSTEM32\DBGHELP.DLL
0x00007ff844480000 - 0x00007ff844802000 	C:\WINDOWS\System32\combase.dll
0x00007ff843ba0000 - 0x00007ff843c77000 	C:\WINDOWS\System32\OLEAUT32.dll
0x00007ff8153a0000 - 0x00007ff8153db000 	C:\WINDOWS\SYSTEM32\dbgcore.DLL
0x00007ff8421f0000 - 0x00007ff842295000 	C:\WINDOWS\System32\bcryptPrimitives.dll
0x00007ff83ab30000 - 0x00007ff83ab4e000 	C:\Program Files\Apache NetBeans\jdk\bin\java.dll
0x00007ff843a00000 - 0x00007ff843b95000 	C:\WINDOWS\System32\ole32.dll
0x00007ff842fd0000 - 0x00007ff84372f000 	C:\WINDOWS\System32\SHELL32.dll
0x00007ff8419b0000 - 0x00007ff841b1a000 	C:\WINDOWS\System32\wintypes.dll
0x00007ff8423f0000 - 0x00007ff842c54000 	C:\WINDOWS\System32\windows.storage.dll
0x00007ff8440d0000 - 0x00007ff8441c7000 	C:\WINDOWS\System32\SHCORE.dll
0x00007ff843f90000 - 0x00007ff843ff7000 	C:\WINDOWS\System32\shlwapi.dll
0x00007ff8416c0000 - 0x00007ff8416e9000 	C:\WINDOWS\SYSTEM32\profapi.dll
0x00007ff8327d0000 - 0x00007ff8327e1000 	C:\Program Files\Apache NetBeans\jdk\bin\net.dll
0x00007ff840aa0000 - 0x00007ff840b0b000 	C:\WINDOWS\system32\mswsock.dll
0x00007ff832400000 - 0x00007ff832416000 	C:\Program Files\Apache NetBeans\jdk\bin\nio.dll
0x00007ff833070000 - 0x00007ff833087000 	C:\Program Files\Apache NetBeans\jdk\bin\zip.dll
0x00007fffe7470000 - 0x00007fffe75f0000 	C:\Program Files\Apache NetBeans\jdk\bin\awt.dll
0x00007ff83ea90000 - 0x00007ff83eb2f000 	C:\WINDOWS\SYSTEM32\apphelp.dll
0x00007ff83f0a0000 - 0x00007ff83f0ce000 	C:\WINDOWS\system32\DWMAPI.DLL
0x00007ff83ee00000 - 0x00007ff83eeaa000 	C:\WINDOWS\system32\uxtheme.dll
0x00007ff823c10000 - 0x00007ff823d1e000 	C:\WINDOWS\system32\opengl32.dll
0x00007ff82d100000 - 0x00007ff82d12d000 	C:\WINDOWS\SYSTEM32\GLU32.dll
0x00007ff83eee0000 - 0x00007ff83ef23000 	C:\WINDOWS\SYSTEM32\dxcore.dll
0x00007ff844cf0000 - 0x00007ff844e4d000 	C:\WINDOWS\System32\MSCTF.dll
0x00007fffe8cf0000 - 0x00007fffe8d77000 	C:\Program Files\Apache NetBeans\jdk\bin\freetype.dll
0x00007fffe80d0000 - 0x00007fffe81bf000 	C:\Program Files\Apache NetBeans\jdk\bin\fontmanager.dll
0x00007ff843e20000 - 0x00007ff843ece000 	C:\WINDOWS\System32\clbcatq.dll
0x00007ff83d040000 - 0x00007ff83d26d000 	C:\WINDOWS\SYSTEM32\WindowsCodecs.dll
0x00007ff820390000 - 0x00007ff8203ea000 	C:\WINDOWS\system32\dataexchange.dll
0x00007ff8341f0000 - 0x00007ff834434000 	C:\WINDOWS\system32\twinapi.appcore.dll
0x00007ff82ade0000 - 0x00007ff82af28000 	C:\WINDOWS\SYSTEM32\textinputframework.dll
0x00007ff83e590000 - 0x00007ff83e6b7000 	C:\WINDOWS\SYSTEM32\CoreMessaging.dll
0x00007ff83abd0000 - 0x00007ff83aeb2000 	C:\WINDOWS\SYSTEM32\CoreUIComponents.dll
0x00007ff840da0000 - 0x00007ff840dac000 	C:\WINDOWS\SYSTEM32\CRYPTBASE.DLL
0x00007ff83ffd0000 - 0x00007ff8400fa000 	C:\WINDOWS\SYSTEM32\DNSAPI.dll
0x00007ff83ff40000 - 0x00007ff83ff73000 	C:\WINDOWS\SYSTEM32\IPHLPAPI.DLL
0x00007ff8439f0000 - 0x00007ff8439fa000 	C:\WINDOWS\System32\NSI.dll
0x00007ff830a80000 - 0x00007ff830a8b000 	C:\Windows\System32\rasadhlp.dll
0x00007ff833a00000 - 0x00007ff833a86000 	C:\WINDOWS\System32\fwpuclnt.dll
0x00007ff839d50000 - 0x00007ff839d59000 	C:\Program Files\Apache NetBeans\jdk\bin\extnet.dll

JVMTI agents: none

dbghelp: loaded successfully - version: 4.0.5 - missing functions: none
symbol engine: initialized successfully - sym options: 0x614 - pdb path: .;C:\Program Files\Apache NetBeans\jdk\bin;C:\WINDOWS\SYSTEM32;C:\WINDOWS\WinSxS\amd64_microsoft.windows.common-controls_6595b64144ccf1df_6.0.26100.8037_none_3e092faae333b53b;C:\Program Files\Apache NetBeans\jdk\bin\server

VM Arguments:
java_command: com.mycompany.sewa_camping.FormLogin
java_class_path (initial): C:\PBO-SMT-2\sewa_camping\target\classes;C:\Users\ASUS\.m2\repository\com\mysql\mysql-connector-j\9.0.0\mysql-connector-j-9.0.0.jar;C:\Users\ASUS\.m2\repository\com\google\protobuf\protobuf-java\4.26.1\protobuf-java-4.26.1.jar
Launcher Type: SUN_STANDARD

[Global flags]
     intx CICompilerCount                          = 3                                         {product} {ergonomic}
     uint ConcGCThreads                            = 1                                         {product} {ergonomic}
     uint G1ConcRefinementThreads                  = 4                                         {product} {ergonomic}
   size_t G1HeapRegionSize                         = 1048576                                   {product} {ergonomic}
   size_t InitialHeapSize                          = 130023424                                 {product} {ergonomic}
   size_t MarkStackSize                            = 4194304                                   {product} {ergonomic}
   size_t MarkStackSizeMax                         = 536870912                                 {product} {ergonomic}
   size_t MaxHeapSize                              = 2080374784                                {product} {ergonomic}
   size_t MaxNewSize                               = 1247805440                                {product} {ergonomic}
   size_t MinHeapDeltaBytes                        = 1048576                                   {product} {ergonomic}
   size_t MinHeapSize                              = 8388608                                   {product} {ergonomic}
    uintx NonNMethodCodeHeapSize                   = 5832704                                {pd product} {ergonomic}
    uintx NonProfiledCodeHeapSize                  = 122945536                              {pd product} {ergonomic}
    uintx ProfiledCodeHeapSize                     = 122880000                              {pd product} {ergonomic}
    uintx ReservedCodeCacheSize                    = 251658240                              {pd product} {ergonomic}
     bool SegmentedCodeCache                       = true                                      {product} {ergonomic}
   size_t SoftMaxHeapSize                          = 2080374784                             {manageable} {ergonomic}
     bool UseCompressedOops                        = true                           {product lp64_product} {ergonomic}
     bool UseG1GC                                  = true                                      {product} {ergonomic}
     bool UseLargePagesIndividualAllocation        = false                                  {pd product} {ergonomic}

Logging:
Log output configuration:
 #0: stdout all=warning uptime,level,tags foldmultilines=false
 #1: stderr all=off uptime,level,tags foldmultilines=false

Release file:
IMPLEMENTOR="Eclipse Adoptium" 
IMPLEMENTOR_VERSION="Temurin-25.0.1+8" 
JAVA_RUNTIME_VERSION="25.0.1+8-LTS" 
JAVA_VERSION="25.0.1" 
JAVA_VERSION_DATE="2025-10-21" 
LIBC="default" 
MODULES="java.base java.compiler java.datatransfer java.xml java.prefs java.desktop java.instrument java.logging java.management java.security.sasl java.naming java.rmi java.management.rmi java.net.http java.scripting java.security.jgss java.transaction.xa java.sql java.sql.rowset java.xml.crypto java.se java.smartcardio jdk.accessibility jdk.internal.jvmstat jdk.attach jdk.charsets jdk.internal.opt jdk.zipfs jdk.compiler jdk.crypto.cryptoki jdk.crypto.ec jdk.crypto.mscapi jdk.dynalink jdk.internal.ed jdk.editpad jdk.internal.vm.ci jdk.graal.compiler jdk.graal.compiler.management jdk.hotspot.agent jdk.httpserver jdk.incubator.vector jdk.internal.le jdk.internal.md jdk.jartool jdk.javadoc jdk.jcmd jdk.management jdk.management.agent jdk.jconsole jdk.jdeps jdk.jdwp.agent jdk.jdi jdk.jfr jdk.jlink jdk.jpackage jdk.jshell jdk.jsobject jdk.jstatd jdk.localedata jdk.management.jfr jdk.naming.dns jdk.naming.rmi jdk.net jdk.nio.mapmode jdk.sctp jdk.security.auth jdk.security.jgss jdk.unsupported jdk.unsupported.desktop jdk.xml.dom" 
OS_ARCH="x86_64" 
OS_NAME="Windows" 
SOURCE=".:git:61d6a2c1b35e" 
BUILD_SOURCE="git:839fa0b45d809157cffd3dc8515aad262a4a1776"
BUILD_SOURCE_REPO="https://github.com/adoptium/temurin-build.git"
SOURCE_REPO="https://github.com/adoptium/jdk25u.git"
FULL_VERSION="25.0.1+8-LTS"
SEMANTIC_VERSION="25.0.1+8"
BUILD_INFO="OS: Windows Server 2022 Version: 10.0"
JVM_VARIANT="Hotspot"
JVM_VERSION="25.0.1+8-LTS"
IMAGE_TYPE="JDK"

Environment Variables:
JAVA_HOME=C:\Program Files\Apache NetBeans\jdk
PATH=C:\Program Files\Common Files\Oracle\Java\javapath;C:\Windows\system32;C:\Windows;C:\Windows\System32\Wbem;C:\Windows\System32\WindowsPowerShell\v1.0\;C:\Windows\System32\OpenSSH\;C:\Program Files (x86)\NVIDIA Corporation\PhysX\Common;C:\WINDOWS\system32;C:\WINDOWS;C:\WINDOWS\System32\Wbem;C:\WINDOWS\System32\WindowsPowerShell\v1.0\;C:\WINDOWS\System32\OpenSSH\;C:\MinGW\bin;C:\Program Files\Java\jdk-25.0.2\bin;C:\Users\ASUS\AppData\Local\Microsoft\WindowsApps;C:\Users\ASUS\AppData\Local\Programs\Microsoft VS Code\bin
USERNAME=ASUS
OS=Windows_NT
PROCESSOR_IDENTIFIER=Intel64 Family 6 Model 126 Stepping 5, GenuineIntel
TMP=C:\Users\ASUS\AppData\Local\Temp
TEMP=C:\Users\ASUS\AppData\Local\Temp




Compilation memory statistics disabled.

Periodic native trim disabled

---------------  S Y S T E M  ---------------

OS:
 Windows 11 , 64 bit Build 26100 (10.0.26100.7920)
OS uptime: 13 days 11:48 hours

CPU: total 4 (initial active 4) (2 cores per cpu, 2 threads per core) family 6 model 126 stepping 5 microcode 0xa0, cx8, cmov, fxsr, ht, mmx, 3dnowpref, sse, sse2, sse3, ssse3, sse4.1, sse4.2, popcnt, lzcnt, tsc, tscinvbit, avx, avx2, aes, erms, clmul, bmi1, bmi2, adx, avx512f, avx512dq, avx512cd, avx512bw, avx512vl, sha, fma, vzeroupper, avx512_vpopcntdq, avx512_vpclmulqdq, avx512_vaes, avx512_vnni, clflush, clflushopt, avx512_vbmi2, avx512_vbmi, rdtscp, rdpid, fsrm, gfni, avx512_bitalg, f16c, pku, avx512_ifma
Processor Information for the first 4 processors :
  Max Mhz: 1190, Current Mhz: 1190, Mhz Limit: 1190

Memory: 4k page, system-wide physical 7932M (440M free)
TotalPageFile size 16124M (AvailPageFile size 0M)
current process WorkingSet (physical memory assigned to process): 16M, peak: 118M
current process commit charge ("private bytes"): 233M, peak: 247M

vm_info: OpenJDK 64-Bit Server VM (25.0.1+8-LTS) for windows-amd64 JRE (25.0.1+8-LTS), built on 2025-10-21T00:00:00Z with unknown MS VC++:1942

END.
