#
# There is insufficient memory for the Java Runtime Environment to continue.
# Native memory allocation (malloc) failed to allocate 1332552 bytes. Error detail: Chunk::new
# Possible reasons:
#   The system is out of physical RAM or swap space
#   This process is running with CompressedOops enabled, and the Java Heap may be blocking the growth of the native heap
# Possible solutions:
#   Reduce memory load on the system
#   Increase physical memory or swap space
#   Check if swap backing store is full
#   Decrease Java heap size (-Xmx/-Xms)
#   Decrease number of Java threads
#   Decrease Java thread stack sizes (-Xss)
#   Set larger code cache with -XX:ReservedCodeCacheSize=
#   JVM is running with Unscaled Compressed Oops mode in which the Java heap is
#     placed in the first 4GB address space. The Java Heap base address is the
#     maximum limit for the native heap growth. Please use -XX:HeapBaseMinAddress
#     to set the Java Heap base and to place the Java Heap above 4GB virtual address.
# This output file may be truncated or incomplete.
#
#  Out of Memory Error (arena.cpp:186), pid=22608, tid=19240
#
# JRE version: OpenJDK Runtime Environment Temurin-25.0.1+8 (25.0.1+8) (build 25.0.1+8-LTS)
# Java VM: OpenJDK 64-Bit Server VM Temurin-25.0.1+8 (25.0.1+8-LTS, mixed mode, sharing, tiered, compressed oops, compressed class ptrs, g1 gc, windows-amd64)
# No core dump will be written. Minidumps are not enabled by default on client versions of Windows
#

---------------  S U M M A R Y ------------

Command Line: --enable-native-access=ALL-UNNAMED -Dclassworlds.conf=C:\Program Files\Apache NetBeans\java\maven\bin\m2.conf -Dmaven.home=C:\Program Files\Apache NetBeans\java\maven -Dlibrary.jansi.path=C:\Program Files\Apache NetBeans\java\maven\lib\jansi-native -Dmaven.multiModuleProjectDirectory=C:\PBO-SMT-2\sewa_camping org.codehaus.plexus.classworlds.launcher.Launcher -Dexec.vmArgs= -Dexec.args=${exec.vmArgs} -classpath %classpath ${exec.mainClass} ${exec.appArgs} -Dexec.appArgs= -Dexec.mainClass=com.mycompany.sewa_camping.FormLogin -Dexec.executable=C:\Program Files\Apache NetBeans\jdk\bin\java.exe -Dmaven.ext.class.path=C:\Program Files\Apache NetBeans\java\maven-nblib\netbeans-eventspy.jar --no-transfer-progress process-classes org.codehaus.mojo:exec-maven-plugin:3.5.1:exec

Host: Intel(R) Core(TM) i3-1005G1 CPU @ 1.20GHz, 4 cores, 7G,  Windows 11 , 64 bit Build 26100 (10.0.26100.7920)
Time: Thu Apr  9 16:00:36 2026 SE Asia Standard Time elapsed time: 3.265045 seconds (0d 0h 0m 3s)

---------------  T H R E A D  ---------------

Current thread (0x00000294af92c3c0):  JavaThread "C2 CompilerThread0" daemon [_thread_in_native, id=19240, stack(0x000000e4f7b00000,0x000000e4f7c00000) (1024K)]


Current CompileTask:
C2:3265 4438       4       java.lang.invoke.MethodType::makeImpl (109 bytes)

Stack: [0x000000e4f7b00000,0x000000e4f7c00000]
Native frames: (J=compiled Java code, j=interpreted, Vv=VM code, C=native code)
V  [jvm.dll+0x7a8379]  (no source info available)
V  [jvm.dll+0x7729fd]  (no source info available)
V  [jvm.dll+0x9f57b3]  (no source info available)
V  [jvm.dll+0x9f7da1]  (no source info available)
V  [jvm.dll+0x9f84a3]  (no source info available)
V  [jvm.dll+0x2fcd26]  (no source info available)
V  [jvm.dll+0x111086]  (no source info available)
V  [jvm.dll+0x1113ae]  (no source info available)
V  [jvm.dll+0x453177]  (no source info available)
V  [jvm.dll+0x25407a]  (no source info available)
V  [jvm.dll+0x2c019c]  (no source info available)
V  [jvm.dll+0x2bf2ef]  (no source info available)
V  [jvm.dll+0x237300]  (no source info available)
V  [jvm.dll+0x2cf386]  (no source info available)
V  [jvm.dll+0x2cd60a]  (no source info available)
V  [jvm.dll+0x48f64e]  (no source info available)
V  [jvm.dll+0x99630d]  (no source info available)
V  [jvm.dll+0x7a6955]  (no source info available)
C  [ucrtbase.dll+0x37b0]  (no source info available)
C  [KERNEL32.DLL+0x2e8d7]  (no source info available)
C  [ntdll.dll+0x8c48c]  (no source info available)

Lock stack of current Java thread (top to bottom):


---------------  P R O C E S S  ---------------

Threads class SMR info:
_java_thread_list=0x00000294b4876fa0, length=12, elements={
0x0000029490e90db0, 0x00000294af910480, 0x00000294af911190, 0x00000294af916c60,
0x00000294af91a990, 0x00000294af91c0c0, 0x00000294af91f930, 0x00000294af92c3c0,
0x00000294af937b90, 0x00000294afa70270, 0x00000294afa88110, 0x00000294b498f9e0
}

Java Threads: ( => current thread )
  0x0000029490e90db0 JavaThread "main"                              [_thread_in_vm, id=23416, stack(0x000000e4f6d00000,0x000000e4f6e00000) (1024K)]
  0x00000294af910480 JavaThread "Reference Handler"          daemon [_thread_blocked, id=25700, stack(0x000000e4f7500000,0x000000e4f7600000) (1024K)]
  0x00000294af911190 JavaThread "Finalizer"                  daemon [_thread_blocked, id=21680, stack(0x000000e4f7600000,0x000000e4f7700000) (1024K)]
  0x00000294af916c60 JavaThread "Signal Dispatcher"          daemon [_thread_blocked, id=28508, stack(0x000000e4f7700000,0x000000e4f7800000) (1024K)]
  0x00000294af91a990 JavaThread "Attach Listener"            daemon [_thread_blocked, id=27752, stack(0x000000e4f7800000,0x000000e4f7900000) (1024K)]
  0x00000294af91c0c0 JavaThread "Service Thread"             daemon [_thread_blocked, id=29816, stack(0x000000e4f7900000,0x000000e4f7a00000) (1024K)]
  0x00000294af91f930 JavaThread "Monitor Deflation Thread"   daemon [_thread_blocked, id=33028, stack(0x000000e4f7a00000,0x000000e4f7b00000) (1024K)]
=>0x00000294af92c3c0 JavaThread "C2 CompilerThread0"         daemon [_thread_in_native, id=19240, stack(0x000000e4f7b00000,0x000000e4f7c00000) (1024K)]
  0x00000294af937b90 JavaThread "C1 CompilerThread0"         daemon [_thread_blocked, id=18236, stack(0x000000e4f7c00000,0x000000e4f7d00000) (1024K)]
  0x00000294afa70270 JavaThread "Notification Thread"        daemon [_thread_blocked, id=33736, stack(0x000000e4f7d00000,0x000000e4f7e00000) (1024K)]
  0x00000294afa88110 JavaThread "Common-Cleaner"             daemon [_thread_blocked, id=35668, stack(0x000000e4f7e00000,0x000000e4f7f00000) (1024K)]
  0x00000294b498f9e0 JavaThread "C2 CompilerThread1"         daemon [_thread_in_native, id=17888, stack(0x000000e4f7f00000,0x000000e4f8000000) (1024K)]
Total: 12

Other Threads:
  0x00000294af8fc770 VMThread "VM Thread"                           [id=30380, stack(0x000000e4f7400000,0x000000e4f7500000) (1024K)]
  0x00000294af8ef530 WatcherThread "VM Periodic Task Thread"        [id=15944, stack(0x000000e4f7300000,0x000000e4f7400000) (1024K)]
  0x0000029493347af0 WorkerThread "GC Thread#0"                     [id=14380, stack(0x000000e4f6e00000,0x000000e4f6f00000) (1024K)]
  0x00000294b46f8590 WorkerThread "GC Thread#1"                     [id=10516, stack(0x000000e4f8000000,0x000000e4f8100000) (1024K)]
  0x00000294b46fb0b0 WorkerThread "GC Thread#2"                     [id=26572, stack(0x000000e4f8100000,0x000000e4f8200000) (1024K)]
  0x00000294b46fb500 WorkerThread "GC Thread#3"                     [id=31900, stack(0x000000e4f8200000,0x000000e4f8300000) (1024K)]
  0x000002949335ffc0 ConcurrentGCThread "G1 Main Marker"            [id=18008, stack(0x000000e4f6f00000,0x000000e4f7000000) (1024K)]
  0x0000029493364970 WorkerThread "G1 Conc#0"                       [id=29548, stack(0x000000e4f7000000,0x000000e4f7100000) (1024K)]
  0x0000029493399b90 ConcurrentGCThread "G1 Refine#0"               [id=35108, stack(0x000000e4f7100000,0x000000e4f7200000) (1024K)]
  0x000002949339c5b0 ConcurrentGCThread "G1 Service"                [id=22320, stack(0x000000e4f7200000,0x000000e4f7300000) (1024K)]
Total: 10

Threads with active compile tasks:
C2 CompilerThread0  3382 4438       4       java.lang.invoke.MethodType::makeImpl (109 bytes)
C2 CompilerThread1  3382 4595       4       jdk.nio.zipfs.ZipFileSystem::makeParentDirs (133 bytes)
Total: 2

VM state: not at safepoint (normal execution)

VM Mutex/Monitor currently owned by a thread: None

Heap address: 0x0000000084000000, size: 1984 MB, Compressed Oops mode: 32-bit

CDS archive(s) mapped at: [0x000000002b000000-0x000000002bdd0000-0x000000002bdd0000), size 14483456, SharedBaseAddress: 0x000000002b000000, ArchiveRelocationMode: 1.
Compressed class space mapped at: 0x000000002c000000-0x000000006c000000, reserved size: 1073741824
UseCompressedClassPointers 1, UseCompactObjectHeaders 0
Narrow klass pointer bits 32, Max shift 3
Narrow klass base: 0x000000002b000000, Narrow klass shift: 0
Encoding Range: [0x000000002b000000 - 0x000000012b000000), (4294967296 bytes)
Klass Range:    [0x000000002b010000 - 0x000000006c000000), (1090453504 bytes)
Klass ID Range:  [65536 - 1090519033) (1090453497)
Protection zone: [0x000000002b000000 - 0x000000002b010000), (65536 bytes)

GC Precious Log:
 CardTable entry size: 512
 Card Set container configuration: InlinePtr #cards 5 size 8 Array Of Cards #cards 10 size 36 Howl #buckets 4 coarsen threshold 1843 Howl Bitmap #cards 512 size 80 coarsen threshold 460 Card regions per heap region 1 cards per card region 2048
 CPUs: 4 total, 4 available
 Memory: 7932M
 Large Page Support: Disabled
 NUMA Support: Disabled
 Compressed Oops: Enabled (32-bit)
 Heap Region Size: 1M
 Heap Min Capacity: 8M
 Heap Initial Capacity: 124M
 Heap Max Capacity: 1984M
 Pre-touch: Disabled
 Parallel Workers: 4
 Concurrent Workers: 1
 Concurrent Refinement Workers: 4
 Periodic GC: Disabled

Heap:
 garbage-first heap   total reserved 2031616K, committed 129024K, used 55623K [0x0000000084000000, 0x0000000100000000)
  region size 1024K, 50 young (51200K), 7 survivors (7168K)

Heap Regions: E=young(eden), S=young(survivor), O=old, HS=humongous(starts), HC=humongous(continues), CS=collection set, F=free, TAMS=top-at-mark-start, PB=parsable bottom
|   0|0x0000000084000000, 0x000000008402cd58, 0x0000000084100000| 17%| O|  |TAMS 0x0000000084000000| PB 0x0000000084000000| Untracked |  0
|   1|0x0000000084100000, 0x0000000084200000, 0x0000000084200000|100%|HS|  |TAMS 0x0000000084100000| PB 0x0000000084100000| Complete |  0
|   2|0x0000000084200000, 0x0000000084300000, 0x0000000084300000|100%|HC|  |TAMS 0x0000000084200000| PB 0x0000000084200000| Complete |  0
|   3|0x0000000084300000, 0x0000000084400000, 0x0000000084400000|100%|HS|  |TAMS 0x0000000084300000| PB 0x0000000084300000| Complete |  0
|   4|0x0000000084400000, 0x0000000084500000, 0x0000000084500000|100%|HC|  |TAMS 0x0000000084400000| PB 0x0000000084400000| Complete |  0
|   5|0x0000000084500000, 0x0000000084500000, 0x0000000084600000|  0%| F|  |TAMS 0x0000000084500000| PB 0x0000000084500000| Untracked |  0
|   6|0x0000000084600000, 0x0000000084600000, 0x0000000084700000|  0%| F|  |TAMS 0x0000000084600000| PB 0x0000000084600000| Untracked |  0
|   7|0x0000000084700000, 0x0000000084700000, 0x0000000084800000|  0%| F|  |TAMS 0x0000000084700000| PB 0x0000000084700000| Untracked |  0
|   8|0x0000000084800000, 0x0000000084800000, 0x0000000084900000|  0%| F|  |TAMS 0x0000000084800000| PB 0x0000000084800000| Untracked |  0
|   9|0x0000000084900000, 0x0000000084900000, 0x0000000084a00000|  0%| F|  |TAMS 0x0000000084900000| PB 0x0000000084900000| Untracked |  0
|  10|0x0000000084a00000, 0x0000000084a00000, 0x0000000084b00000|  0%| F|  |TAMS 0x0000000084a00000| PB 0x0000000084a00000| Untracked |  0
|  11|0x0000000084b00000, 0x0000000084b00000, 0x0000000084c00000|  0%| F|  |TAMS 0x0000000084b00000| PB 0x0000000084b00000| Untracked |  0
|  12|0x0000000084c00000, 0x0000000084c00000, 0x0000000084d00000|  0%| F|  |TAMS 0x0000000084c00000| PB 0x0000000084c00000| Untracked |  0
|  13|0x0000000084d00000, 0x0000000084d00000, 0x0000000084e00000|  0%| F|  |TAMS 0x0000000084d00000| PB 0x0000000084d00000| Untracked |  0
|  14|0x0000000084e00000, 0x0000000084e00000, 0x0000000084f00000|  0%| F|  |TAMS 0x0000000084e00000| PB 0x0000000084e00000| Untracked |  0
|  15|0x0000000084f00000, 0x0000000084f00000, 0x0000000085000000|  0%| F|  |TAMS 0x0000000084f00000| PB 0x0000000084f00000| Untracked |  0
|  16|0x0000000085000000, 0x0000000085000000, 0x0000000085100000|  0%| F|  |TAMS 0x0000000085000000| PB 0x0000000085000000| Untracked |  0
|  17|0x0000000085100000, 0x0000000085100000, 0x0000000085200000|  0%| F|  |TAMS 0x0000000085100000| PB 0x0000000085100000| Untracked |  0
|  18|0x0000000085200000, 0x0000000085200000, 0x0000000085300000|  0%| F|  |TAMS 0x0000000085200000| PB 0x0000000085200000| Untracked |  0
|  19|0x0000000085300000, 0x0000000085300000, 0x0000000085400000|  0%| F|  |TAMS 0x0000000085300000| PB 0x0000000085300000| Untracked |  0
|  20|0x0000000085400000, 0x0000000085400000, 0x0000000085500000|  0%| F|  |TAMS 0x0000000085400000| PB 0x0000000085400000| Untracked |  0
|  21|0x0000000085500000, 0x0000000085500000, 0x0000000085600000|  0%| F|  |TAMS 0x0000000085500000| PB 0x0000000085500000| Untracked |  0
|  22|0x0000000085600000, 0x0000000085600000, 0x0000000085700000|  0%| F|  |TAMS 0x0000000085600000| PB 0x0000000085600000| Untracked |  0
|  23|0x0000000085700000, 0x0000000085700000, 0x0000000085800000|  0%| F|  |TAMS 0x0000000085700000| PB 0x0000000085700000| Untracked |  0
|  24|0x0000000085800000, 0x0000000085800000, 0x0000000085900000|  0%| F|  |TAMS 0x0000000085800000| PB 0x0000000085800000| Untracked |  0
|  25|0x0000000085900000, 0x0000000085900000, 0x0000000085a00000|  0%| F|  |TAMS 0x0000000085900000| PB 0x0000000085900000| Untracked |  0
|  26|0x0000000085a00000, 0x0000000085a00000, 0x0000000085b00000|  0%| F|  |TAMS 0x0000000085a00000| PB 0x0000000085a00000| Untracked |  0
|  27|0x0000000085b00000, 0x0000000085b00000, 0x0000000085c00000|  0%| F|  |TAMS 0x0000000085b00000| PB 0x0000000085b00000| Untracked |  0
|  28|0x0000000085c00000, 0x0000000085c00000, 0x0000000085d00000|  0%| F|  |TAMS 0x0000000085c00000| PB 0x0000000085c00000| Untracked |  0
|  29|0x0000000085d00000, 0x0000000085d00000, 0x0000000085e00000|  0%| F|  |TAMS 0x0000000085d00000| PB 0x0000000085d00000| Untracked |  0
|  30|0x0000000085e00000, 0x0000000085e00000, 0x0000000085f00000|  0%| F|  |TAMS 0x0000000085e00000| PB 0x0000000085e00000| Untracked |  0
|  31|0x0000000085f00000, 0x0000000085f00000, 0x0000000086000000|  0%| F|  |TAMS 0x0000000085f00000| PB 0x0000000085f00000| Untracked |  0
|  32|0x0000000086000000, 0x0000000086000000, 0x0000000086100000|  0%| F|  |TAMS 0x0000000086000000| PB 0x0000000086000000| Untracked |  0
|  33|0x0000000086100000, 0x0000000086100000, 0x0000000086200000|  0%| F|  |TAMS 0x0000000086100000| PB 0x0000000086100000| Untracked |  0
|  34|0x0000000086200000, 0x0000000086200000, 0x0000000086300000|  0%| F|  |TAMS 0x0000000086200000| PB 0x0000000086200000| Untracked |  0
|  35|0x0000000086300000, 0x0000000086300000, 0x0000000086400000|  0%| F|  |TAMS 0x0000000086300000| PB 0x0000000086300000| Untracked |  0
|  36|0x0000000086400000, 0x0000000086400000, 0x0000000086500000|  0%| F|  |TAMS 0x0000000086400000| PB 0x0000000086400000| Untracked |  0
|  37|0x0000000086500000, 0x0000000086500000, 0x0000000086600000|  0%| F|  |TAMS 0x0000000086500000| PB 0x0000000086500000| Untracked |  0
|  38|0x0000000086600000, 0x0000000086600000, 0x0000000086700000|  0%| F|  |TAMS 0x0000000086600000| PB 0x0000000086600000| Untracked |  0
|  39|0x0000000086700000, 0x0000000086700000, 0x0000000086800000|  0%| F|  |TAMS 0x0000000086700000| PB 0x0000000086700000| Untracked |  0
|  40|0x0000000086800000, 0x0000000086800000, 0x0000000086900000|  0%| F|  |TAMS 0x0000000086800000| PB 0x0000000086800000| Untracked |  0
|  41|0x0000000086900000, 0x0000000086900000, 0x0000000086a00000|  0%| F|  |TAMS 0x0000000086900000| PB 0x0000000086900000| Untracked |  0
|  42|0x0000000086a00000, 0x0000000086a00000, 0x0000000086b00000|  0%| F|  |TAMS 0x0000000086a00000| PB 0x0000000086a00000| Untracked |  0
|  43|0x0000000086b00000, 0x0000000086b00000, 0x0000000086c00000|  0%| F|  |TAMS 0x0000000086b00000| PB 0x0000000086b00000| Untracked |  0
|  44|0x0000000086c00000, 0x0000000086c00000, 0x0000000086d00000|  0%| F|  |TAMS 0x0000000086c00000| PB 0x0000000086c00000| Untracked |  0
|  45|0x0000000086d00000, 0x0000000086d00000, 0x0000000086e00000|  0%| F|  |TAMS 0x0000000086d00000| PB 0x0000000086d00000| Untracked |  0
|  46|0x0000000086e00000, 0x0000000086e00000, 0x0000000086f00000|  0%| F|  |TAMS 0x0000000086e00000| PB 0x0000000086e00000| Untracked |  0
|  47|0x0000000086f00000, 0x0000000086f00000, 0x0000000087000000|  0%| F|  |TAMS 0x0000000086f00000| PB 0x0000000086f00000| Untracked |  0
|  48|0x0000000087000000, 0x0000000087000000, 0x0000000087100000|  0%| F|  |TAMS 0x0000000087000000| PB 0x0000000087000000| Untracked |  0
|  49|0x0000000087100000, 0x0000000087100000, 0x0000000087200000|  0%| F|  |TAMS 0x0000000087100000| PB 0x0000000087100000| Untracked |  0
|  50|0x0000000087200000, 0x0000000087200000, 0x0000000087300000|  0%| F|  |TAMS 0x0000000087200000| PB 0x0000000087200000| Untracked |  0
|  51|0x0000000087300000, 0x0000000087300000, 0x0000000087400000|  0%| F|  |TAMS 0x0000000087300000| PB 0x0000000087300000| Untracked |  0
|  52|0x0000000087400000, 0x0000000087400000, 0x0000000087500000|  0%| F|  |TAMS 0x0000000087400000| PB 0x0000000087400000| Untracked |  0
|  53|0x0000000087500000, 0x0000000087500000, 0x0000000087600000|  0%| F|  |TAMS 0x0000000087500000| PB 0x0000000087500000| Untracked |  0
|  54|0x0000000087600000, 0x0000000087600000, 0x0000000087700000|  0%| F|  |TAMS 0x0000000087600000| PB 0x0000000087600000| Untracked |  0
|  55|0x0000000087700000, 0x0000000087700000, 0x0000000087800000|  0%| F|  |TAMS 0x0000000087700000| PB 0x0000000087700000| Untracked |  0
|  56|0x0000000087800000, 0x0000000087800000, 0x0000000087900000|  0%| F|  |TAMS 0x0000000087800000| PB 0x0000000087800000| Untracked |  0
|  57|0x0000000087900000, 0x0000000087900000, 0x0000000087a00000|  0%| F|  |TAMS 0x0000000087900000| PB 0x0000000087900000| Untracked |  0
|  58|0x0000000087a00000, 0x0000000087a00000, 0x0000000087b00000|  0%| F|  |TAMS 0x0000000087a00000| PB 0x0000000087a00000| Untracked |  0
|  59|0x0000000087b00000, 0x0000000087b00000, 0x0000000087c00000|  0%| F|  |TAMS 0x0000000087b00000| PB 0x0000000087b00000| Untracked |  0
|  60|0x0000000087c00000, 0x0000000087c00000, 0x0000000087d00000|  0%| F|  |TAMS 0x0000000087c00000| PB 0x0000000087c00000| Untracked |  0
|  61|0x0000000087d00000, 0x0000000087e00000, 0x0000000087e00000|100%| S|CS|TAMS 0x0000000087d00000| PB 0x0000000087d00000| Complete |  0
|  62|0x0000000087e00000, 0x0000000087f00000, 0x0000000087f00000|100%| S|CS|TAMS 0x0000000087e00000| PB 0x0000000087e00000| Complete |  0
|  63|0x0000000087f00000, 0x0000000088000000, 0x0000000088000000|100%| S|CS|TAMS 0x0000000087f00000| PB 0x0000000087f00000| Complete |  0
|  64|0x0000000088000000, 0x0000000088100000, 0x0000000088100000|100%| S|CS|TAMS 0x0000000088000000| PB 0x0000000088000000| Complete |  0
|  65|0x0000000088100000, 0x0000000088200000, 0x0000000088200000|100%| S|CS|TAMS 0x0000000088100000| PB 0x0000000088100000| Complete |  0
|  66|0x0000000088200000, 0x0000000088300000, 0x0000000088300000|100%| S|CS|TAMS 0x0000000088200000| PB 0x0000000088200000| Complete |  0
|  67|0x0000000088300000, 0x0000000088400000, 0x0000000088400000|100%| S|CS|TAMS 0x0000000088300000| PB 0x0000000088300000| Complete |  0
|  68|0x0000000088400000, 0x0000000088400000, 0x0000000088500000|  0%| F|  |TAMS 0x0000000088400000| PB 0x0000000088400000| Untracked |  0
|  69|0x0000000088500000, 0x0000000088500000, 0x0000000088600000|  0%| F|  |TAMS 0x0000000088500000| PB 0x0000000088500000| Untracked |  0
|  70|0x0000000088600000, 0x0000000088600000, 0x0000000088700000|  0%| F|  |TAMS 0x0000000088600000| PB 0x0000000088600000| Untracked |  0
|  71|0x0000000088700000, 0x0000000088700000, 0x0000000088800000|  0%| F|  |TAMS 0x0000000088700000| PB 0x0000000088700000| Untracked |  0
|  72|0x0000000088800000, 0x0000000088800000, 0x0000000088900000|  0%| F|  |TAMS 0x0000000088800000| PB 0x0000000088800000| Untracked |  0
|  73|0x0000000088900000, 0x0000000088900000, 0x0000000088a00000|  0%| F|  |TAMS 0x0000000088900000| PB 0x0000000088900000| Untracked |  0
|  74|0x0000000088a00000, 0x0000000088a00000, 0x0000000088b00000|  0%| F|  |TAMS 0x0000000088a00000| PB 0x0000000088a00000| Untracked |  0
|  75|0x0000000088b00000, 0x0000000088b00000, 0x0000000088c00000|  0%| F|  |TAMS 0x0000000088b00000| PB 0x0000000088b00000| Untracked |  0
|  76|0x0000000088c00000, 0x0000000088c00000, 0x0000000088d00000|  0%| F|  |TAMS 0x0000000088c00000| PB 0x0000000088c00000| Untracked |  0
|  77|0x0000000088d00000, 0x0000000088d00000, 0x0000000088e00000|  0%| F|  |TAMS 0x0000000088d00000| PB 0x0000000088d00000| Untracked |  0
|  78|0x0000000088e00000, 0x0000000088e00000, 0x0000000088f00000|  0%| F|  |TAMS 0x0000000088e00000| PB 0x0000000088e00000| Untracked |  0
|  79|0x0000000088f00000, 0x0000000088f00000, 0x0000000089000000|  0%| F|  |TAMS 0x0000000088f00000| PB 0x0000000088f00000| Untracked |  0
|  80|0x0000000089000000, 0x0000000089000000, 0x0000000089100000|  0%| F|  |TAMS 0x0000000089000000| PB 0x0000000089000000| Untracked |  0
|  81|0x0000000089100000, 0x0000000089184010, 0x0000000089200000| 51%| E|  |TAMS 0x0000000089100000| PB 0x0000000089100000| Complete |  0
|  82|0x0000000089200000, 0x0000000089300000, 0x0000000089300000|100%| E|CS|TAMS 0x0000000089200000| PB 0x0000000089200000| Complete |  0
|  83|0x0000000089300000, 0x0000000089400000, 0x0000000089400000|100%| E|CS|TAMS 0x0000000089300000| PB 0x0000000089300000| Complete |  0
|  84|0x0000000089400000, 0x0000000089500000, 0x0000000089500000|100%| E|CS|TAMS 0x0000000089400000| PB 0x0000000089400000| Complete |  0
|  85|0x0000000089500000, 0x0000000089600000, 0x0000000089600000|100%| E|CS|TAMS 0x0000000089500000| PB 0x0000000089500000| Complete |  0
|  86|0x0000000089600000, 0x0000000089700000, 0x0000000089700000|100%| E|CS|TAMS 0x0000000089600000| PB 0x0000000089600000| Complete |  0
|  87|0x0000000089700000, 0x0000000089800000, 0x0000000089800000|100%| E|CS|TAMS 0x0000000089700000| PB 0x0000000089700000| Complete |  0
|  88|0x0000000089800000, 0x0000000089900000, 0x0000000089900000|100%| E|CS|TAMS 0x0000000089800000| PB 0x0000000089800000| Complete |  0
|  89|0x0000000089900000, 0x0000000089a00000, 0x0000000089a00000|100%| E|CS|TAMS 0x0000000089900000| PB 0x0000000089900000| Complete |  0
|  90|0x0000000089a00000, 0x0000000089b00000, 0x0000000089b00000|100%| E|CS|TAMS 0x0000000089a00000| PB 0x0000000089a00000| Complete |  0
|  91|0x0000000089b00000, 0x0000000089c00000, 0x0000000089c00000|100%| E|CS|TAMS 0x0000000089b00000| PB 0x0000000089b00000| Complete |  0
|  92|0x0000000089c00000, 0x0000000089d00000, 0x0000000089d00000|100%| E|CS|TAMS 0x0000000089c00000| PB 0x0000000089c00000| Complete |  0
|  93|0x0000000089d00000, 0x0000000089e00000, 0x0000000089e00000|100%| E|CS|TAMS 0x0000000089d00000| PB 0x0000000089d00000| Complete |  0
|  94|0x0000000089e00000, 0x0000000089f00000, 0x0000000089f00000|100%| E|CS|TAMS 0x0000000089e00000| PB 0x0000000089e00000| Complete |  0
|  95|0x0000000089f00000, 0x000000008a000000, 0x000000008a000000|100%| E|CS|TAMS 0x0000000089f00000| PB 0x0000000089f00000| Complete |  0
|  96|0x000000008a000000, 0x000000008a100000, 0x000000008a100000|100%| E|CS|TAMS 0x000000008a000000| PB 0x000000008a000000| Complete |  0
|  97|0x000000008a100000, 0x000000008a200000, 0x000000008a200000|100%| E|CS|TAMS 0x000000008a100000| PB 0x000000008a100000| Complete |  0
|  98|0x000000008a200000, 0x000000008a300000, 0x000000008a300000|100%| E|CS|TAMS 0x000000008a200000| PB 0x000000008a200000| Complete |  0
|  99|0x000000008a300000, 0x000000008a400000, 0x000000008a400000|100%| E|CS|TAMS 0x000000008a300000| PB 0x000000008a300000| Complete |  0
| 100|0x000000008a400000, 0x000000008a500000, 0x000000008a500000|100%| E|CS|TAMS 0x000000008a400000| PB 0x000000008a400000| Complete |  0
| 101|0x000000008a500000, 0x000000008a600000, 0x000000008a600000|100%| E|CS|TAMS 0x000000008a500000| PB 0x000000008a500000| Complete |  0
| 102|0x000000008a600000, 0x000000008a700000, 0x000000008a700000|100%| E|CS|TAMS 0x000000008a600000| PB 0x000000008a600000| Complete |  0
| 103|0x000000008a700000, 0x000000008a800000, 0x000000008a800000|100%| E|CS|TAMS 0x000000008a700000| PB 0x000000008a700000| Complete |  0
| 104|0x000000008a800000, 0x000000008a900000, 0x000000008a900000|100%| E|CS|TAMS 0x000000008a800000| PB 0x000000008a800000| Complete |  0
| 105|0x000000008a900000, 0x000000008aa00000, 0x000000008aa00000|100%| E|CS|TAMS 0x000000008a900000| PB 0x000000008a900000| Complete |  0
| 106|0x000000008aa00000, 0x000000008ab00000, 0x000000008ab00000|100%| E|CS|TAMS 0x000000008aa00000| PB 0x000000008aa00000| Complete |  0
| 107|0x000000008ab00000, 0x000000008ac00000, 0x000000008ac00000|100%| E|CS|TAMS 0x000000008ab00000| PB 0x000000008ab00000| Complete |  0
| 108|0x000000008ac00000, 0x000000008ad00000, 0x000000008ad00000|100%| E|CS|TAMS 0x000000008ac00000| PB 0x000000008ac00000| Complete |  0
| 109|0x000000008ad00000, 0x000000008ae00000, 0x000000008ae00000|100%| E|CS|TAMS 0x000000008ad00000| PB 0x000000008ad00000| Complete |  0
| 110|0x000000008ae00000, 0x000000008af00000, 0x000000008af00000|100%| E|CS|TAMS 0x000000008ae00000| PB 0x000000008ae00000| Complete |  0
| 111|0x000000008af00000, 0x000000008b000000, 0x000000008b000000|100%| E|CS|TAMS 0x000000008af00000| PB 0x000000008af00000| Complete |  0
| 112|0x000000008b000000, 0x000000008b100000, 0x000000008b100000|100%| E|CS|TAMS 0x000000008b000000| PB 0x000000008b000000| Complete |  0
| 113|0x000000008b100000, 0x000000008b200000, 0x000000008b200000|100%| E|CS|TAMS 0x000000008b100000| PB 0x000000008b100000| Complete |  0
| 114|0x000000008b200000, 0x000000008b300000, 0x000000008b300000|100%| E|CS|TAMS 0x000000008b200000| PB 0x000000008b200000| Complete |  0
| 115|0x000000008b300000, 0x000000008b400000, 0x000000008b400000|100%| E|CS|TAMS 0x000000008b300000| PB 0x000000008b300000| Complete |  0
| 116|0x000000008b400000, 0x000000008b500000, 0x000000008b500000|100%| E|CS|TAMS 0x000000008b400000| PB 0x000000008b400000| Complete |  0
| 117|0x000000008b500000, 0x000000008b600000, 0x000000008b600000|100%| E|CS|TAMS 0x000000008b500000| PB 0x000000008b500000| Complete |  0
| 118|0x000000008b600000, 0x000000008b700000, 0x000000008b700000|100%| E|CS|TAMS 0x000000008b600000| PB 0x000000008b600000| Complete |  0
| 119|0x000000008b700000, 0x000000008b800000, 0x000000008b800000|100%| E|CS|TAMS 0x000000008b700000| PB 0x000000008b700000| Complete |  0
| 120|0x000000008b800000, 0x000000008b900000, 0x000000008b900000|100%| E|CS|TAMS 0x000000008b800000| PB 0x000000008b800000| Complete |  0
| 121|0x000000008b900000, 0x000000008ba00000, 0x000000008ba00000|100%| E|CS|TAMS 0x000000008b900000| PB 0x000000008b900000| Complete |  0
| 122|0x000000008ba00000, 0x000000008bb00000, 0x000000008bb00000|100%| E|CS|TAMS 0x000000008ba00000| PB 0x000000008ba00000| Complete |  0
| 123|0x000000008bb00000, 0x000000008bc00000, 0x000000008bc00000|100%| E|CS|TAMS 0x000000008bb00000| PB 0x000000008bb00000| Complete |  0
|1982|0x00000000ffe00000, 0x00000000fff00000, 0x00000000fff00000|100%| O|  |TAMS 0x00000000ffe00000| PB 0x00000000ffe00000| Untracked |  0
|1983|0x00000000fff00000, 0x00000000fff24ea8, 0x0000000100000000| 14%| O|  |TAMS 0x00000000fff00000| PB 0x00000000fff00000| Untracked |  0

Card table byte_map: [0x00000294ab1c0000,0x00000294ab5a0000] _byte_map_base: 0x00000294aada0000

Marking Bits: (CMBitMap*) 0x0000029493348280
 Bits: [0x00000294ab5a0000, 0x00000294ad4a0000)

Polling page: 0x0000029491120000

Metaspace:
Metaspace        used 20749K, committed 21056K, reserved 1114112K
 class space     used 2016K, committed 2176K, reserved 1048576K

Usage:
  Non-class:     18.29 MB used.
      Class:      1.97 MB used.
       Both:     20.26 MB used.

Virtual space:
  Non-class space:       64.00 MB reserved,      18.44 MB ( 29%) committed,  1 nodes.
      Class space:        1.00 GB reserved,       2.12 MB ( <1%) committed,  1 nodes.
             Both:        1.06 GB reserved,      20.56 MB (  2%) committed. 

Chunk freelists:
   Non-Class:  13.59 MB
       Class:  13.72 MB
        Both:  27.31 MB

MaxMetaspaceSize: unlimited
CompressedClassSpaceSize: 1.00 GB
Initial GC threshold: 21.00 MB
Current GC threshold: 21.00 MB
CDS: on
 - commit_granule_bytes: 65536.
 - commit_granule_words: 8192.
 - virtual_space_node_default_size: 8388608.
 - enlarge_chunks_in_place: 1.
UseCompressedClassPointers 1, UseCompactObjectHeaders 0
Narrow klass pointer bits 32, Max shift 3
Narrow klass base: 0x000000002b000000, Narrow klass shift: 0
Encoding Range: [0x000000002b000000 - 0x000000012b000000), (4294967296 bytes)
Klass Range:    [0x000000002b010000 - 0x000000006c000000), (1090453504 bytes)
Klass ID Range:  [65536 - 1090519033) (1090453497)
Protection zone: [0x000000002b000000 - 0x000000002b010000), (65536 bytes)


Internal statistics:

num_allocs_failed_limit: 0.
num_arena_births: 198.
num_arena_deaths: 0.
num_vsnodes_births: 2.
num_vsnodes_deaths: 0.
num_space_committed: 329.
num_space_uncommitted: 0.
num_chunks_returned_to_freelist: 0.
num_chunks_taken_from_freelist: 939.
num_chunk_merges: 0.
num_chunk_splits: 649.
num_chunks_enlarged: 508.
num_inconsistent_stats: 0.

CodeHeap 'non-profiled nmethods': size=120064Kb used=1448Kb max_used=1448Kb free=118615Kb
 bounds [0x00000294a38a0000, 0x00000294a3b10000, 0x00000294aade0000]
CodeHeap 'profiled nmethods': size=120000Kb used=7461Kb max_used=7461Kb free=112538Kb
 bounds [0x000002949bde0000, 0x000002949c530000, 0x00000294a3310000]
CodeHeap 'non-nmethods': size=5696Kb used=1563Kb max_used=1588Kb free=4132Kb
 bounds [0x00000294a3310000, 0x00000294a3580000, 0x00000294a38a0000]
CodeCache: size=245760Kb, used=10472Kb, max_used=10497Kb, free=235285Kb
 total_blobs=5277, nmethods=4725, adapters=454, full_count=0
Compilation: enabled, stopped_count=0, restarted_count=0

Compilation events (20 events):
Event: 3.241 Thread 0x00000294b498f9e0 4593       4       jdk.nio.zipfs.ZipFileSystem$ParentLookup::name (43 bytes)
Event: 3.241 Thread 0x00000294af937b90 nmethod 4589 0x000002949c4f8c88 code [0x000002949c4f8d80, 0x000002949c4f8f48]
Event: 3.241 Thread 0x00000294af937b90 4590       3       jdk.nio.zipfs.ZipFileSystem$IndexNode::<init> (10 bytes)
Event: 3.241 Thread 0x00000294af937b90 nmethod 4590 0x000002949c4f8f88 code [0x000002949c4f9080, 0x000002949c4f91e8]
Event: 3.241 Thread 0x00000294af937b90 4591       3       jdk.nio.zipfs.ZipFileSystem$ParentLookup::equals (34 bytes)
Event: 3.241 Thread 0x00000294af937b90 nmethod 4591 0x000002949c4f9288 code [0x000002949c4f9380, 0x000002949c4f96d8]
Event: 3.241 Thread 0x00000294af937b90 4592       3       java.util.Arrays::equals (56 bytes)
Event: 3.242 Thread 0x00000294af937b90 nmethod 4592 0x000002949c4f9708 code [0x000002949c4f9800, 0x000002949c4f9a88]
Event: 3.244 Thread 0x00000294b498f9e0 nmethod 4593 0x00000294a3a07508 code [0x00000294a3a07600, 0x00000294a3a07910]
Event: 3.244 Thread 0x00000294b498f9e0 4594       4       jdk.nio.zipfs.ZipFileSystem::getParentOff (40 bytes)
Event: 3.246 Thread 0x00000294b498f9e0 nmethod 4594 0x00000294a3a07988 code [0x00000294a3a07a80, 0x00000294a3a07c60]
Event: 3.246 Thread 0x00000294b498f9e0 4595       4       jdk.nio.zipfs.ZipFileSystem::makeParentDirs (133 bytes)
Event: 3.251 Thread 0x00000294af937b90 4598       3       jdk.internal.jimage.ImageReader::findLocation (14 bytes)
Event: 3.251 Thread 0x00000294af937b90 nmethod 4598 0x000002949c4f9b08 code [0x000002949c4f9c00, 0x000002949c4f9f48]
Event: 3.251 Thread 0x00000294af937b90 4599       3       jdk.internal.jimage.BasicImageReader::findLocation (57 bytes)
Event: 3.252 Thread 0x00000294af937b90 nmethod 4599 0x000002949c4f9f88 code [0x000002949c4fa080, 0x000002949c4fab10]
Event: 3.252 Thread 0x00000294af937b90 4600       3       java.nio.DirectByteBuffer::<init> (60 bytes)
Event: 3.252 Thread 0x00000294af937b90 nmethod 4600 0x000002949c4fab88 code [0x000002949c4fac80, 0x000002949c4fb088]
Event: 3.252 Thread 0x00000294af937b90 4601       3       java.nio.MappedByteBuffer::<init> (24 bytes)
Event: 3.252 Thread 0x00000294af937b90 nmethod 4601 0x000002949c4fb108 code [0x000002949c4fb200, 0x000002949c4fb3b0]

GC Heap Usage History (4 events):
Event: 0.896 {heap Before GC invocations=0 (full 0):
 garbage-first heap   total reserved 2031616K, committed 129024K, used 29843K [0x0000000084000000, 0x0000000100000000)
  region size 1024K, 28 young (28672K), 0 survivors (0K)
}
Event: 0.900 {heap After GC invocations=1 (full 0):
 garbage-first heap   total reserved 2031616K, committed 129024K, used 4499K [0x0000000084000000, 0x0000000100000000)
  region size 1024K, 4 young (4096K), 4 survivors (4096K)
}
Event: 2.382 {heap Before GC invocations=1 (full 0):
 garbage-first heap   total reserved 2031616K, committed 129024K, used 57747K [0x0000000084000000, 0x0000000100000000)
  region size 1024K, 56 young (57344K), 4 survivors (4096K)
}
Event: 2.392 {heap After GC invocations=2 (full 0):
 garbage-first heap   total reserved 2031616K, committed 129024K, used 8519K [0x0000000084000000, 0x0000000100000000)
  region size 1024K, 7 young (7168K), 7 survivors (7168K)
}

Metaspace Usage History (4 events):
Event: 0.896 {metaspace Before GC invocations=0 (full 0):
 Metaspace       used 6119K, committed 6272K, reserved 1114112K
  class space    used 527K, committed 576K, reserved 1048576K
}
Event: 0.900 {metaspace After GC invocations=1 (full 0):
 Metaspace       used 6119K, committed 6272K, reserved 1114112K
  class space    used 527K, committed 576K, reserved 1048576K
}
Event: 2.382 {metaspace Before GC invocations=1 (full 0):
 Metaspace       used 15192K, committed 15488K, reserved 1114112K
  class space    used 1486K, committed 1600K, reserved 1048576K
}
Event: 2.392 {metaspace After GC invocations=2 (full 0):
 Metaspace       used 15192K, committed 15488K, reserved 1114112K
  class space    used 1486K, committed 1600K, reserved 1048576K
}

Dll operation events (7 events):
Event: 0.010 Loaded shared library C:\Program Files\Apache NetBeans\jdk\bin\java.dll
Event: 0.049 Loaded shared library C:\Program Files\Apache NetBeans\jdk\bin\net.dll
Event: 0.052 Loaded shared library C:\Program Files\Apache NetBeans\jdk\bin\nio.dll
Event: 0.057 Loaded shared library C:\Program Files\Apache NetBeans\jdk\bin\zip.dll
Event: 0.230 Loaded shared library C:\Program Files\Apache NetBeans\java\maven\lib\jansi-native\Windows\x86_64\jansi.dll
Event: 0.230 Loaded shared library C:\Program Files\Apache NetBeans\jdk\bin\jimage.dll
Event: 0.245 Loaded shared library C:\Program Files\Apache NetBeans\jdk\bin\verify.dll

Deoptimization events (20 events):
Event: 3.031 Thread 0x0000029490e90db0 Uncommon trap: trap_request=0xffffffc6 fr.pc=0x00000294a38f5074 relative=0x0000000000000274
Event: 3.031 Thread 0x0000029490e90db0 Uncommon trap: reason=bimorphic_or_optimized_type_check action=maybe_recompile pc=0x00000294a38f5074 method=java.nio.Buffer.<init>(IIIILjava/lang/foreign/MemorySegment;)V @ 39 c2
Event: 3.031 Thread 0x0000029490e90db0 DEOPT PACKING pc=0x00000294a38f5074 sp=0x000000e4f6df8a50
Event: 3.031 Thread 0x0000029490e90db0 DEOPT UNPACKING pc=0x00000294a343fe82 sp=0x000000e4f6df89d8 mode 2
Event: 3.081 Thread 0x0000029490e90db0 Uncommon trap: trap_request=0xffffffbe fr.pc=0x00000294a39635c4 relative=0x0000000000000e44
Event: 3.081 Thread 0x0000029490e90db0 Uncommon trap: reason=profile_predicate action=maybe_recompile pc=0x00000294a39635c4 method=java.util.TimSort.binarySort([Ljava/lang/Object;IIILjava/util/Comparator;)V @ 34 c2
Event: 3.081 Thread 0x0000029490e90db0 DEOPT PACKING pc=0x00000294a39635c4 sp=0x000000e4f6dfdf20
Event: 3.081 Thread 0x0000029490e90db0 DEOPT UNPACKING pc=0x00000294a343fe82 sp=0x000000e4f6dfdef0 mode 2
Event: 3.175 Thread 0x0000029490e90db0 Uncommon trap: trap_request=0xffffff45 fr.pc=0x00000294a3928278 relative=0x0000000000000df8
Event: 3.175 Thread 0x0000029490e90db0 Uncommon trap: reason=unstable_if action=reinterpret pc=0x00000294a3928278 method=jdk.internal.jimage.ImageLocation.verifyName(Ljava/lang/String;Ljava/lang/String;IIIIIILjdk/internal/jimage/ImageStrings;)Z @ 45 c2
Event: 3.175 Thread 0x0000029490e90db0 DEOPT PACKING pc=0x00000294a3928278 sp=0x000000e4f6dfd1e0
Event: 3.175 Thread 0x0000029490e90db0 DEOPT UNPACKING pc=0x00000294a343fe82 sp=0x000000e4f6dfcef8 mode 2
Event: 3.207 Thread 0x0000029490e90db0 Uncommon trap: trap_request=0xffffff45 fr.pc=0x00000294a38b1688 relative=0x0000000000000188
Event: 3.207 Thread 0x0000029490e90db0 Uncommon trap: reason=unstable_if action=reinterpret pc=0x00000294a38b1688 method=jdk.internal.util.ArraysSupport.vectorizedHashCode(Ljava/lang/Object;IIII)I @ 2 c2
Event: 3.207 Thread 0x0000029490e90db0 DEOPT PACKING pc=0x00000294a38b1688 sp=0x000000e4f6dfc9f0
Event: 3.207 Thread 0x0000029490e90db0 DEOPT UNPACKING pc=0x00000294a343fe82 sp=0x000000e4f6dfc9a0 mode 2
Event: 3.217 Thread 0x0000029490e90db0 Uncommon trap: trap_request=0xffffff45 fr.pc=0x00000294a3a04e04 relative=0x0000000000000204
Event: 3.217 Thread 0x0000029490e90db0 Uncommon trap: reason=unstable_if action=reinterpret pc=0x00000294a3a04e04 method=jdk.nio.zipfs.ZipFileSystem$IndexNode.normalize([B)[B @ 66 c2
Event: 3.217 Thread 0x0000029490e90db0 DEOPT PACKING pc=0x00000294a3a04e04 sp=0x000000e4f6dfcb30
Event: 3.217 Thread 0x0000029490e90db0 DEOPT UNPACKING pc=0x00000294a343fe82 sp=0x000000e4f6dfca98 mode 2

Classes loaded (20 events):
Event: 3.177 Loading class jdk/internal/jimage/ImageBufferCache$2 done
Event: 3.177 Loading class java/util/AbstractMap$SimpleEntry
Event: 3.177 Loading class java/util/AbstractMap$SimpleEntry done
Event: 3.195 Loading class java/nio/file/attribute/PosixFileAttributes
Event: 3.195 Loading class java/nio/file/attribute/PosixFileAttributes done
Event: 3.195 Loading class java/nio/file/ClosedFileSystemException
Event: 3.195 Loading class java/nio/file/ClosedFileSystemException done
Event: 3.195 Loading class java/nio/file/FileAlreadyExistsException
Event: 3.195 Loading class java/nio/file/FileAlreadyExistsException done
Event: 3.197 Loading class java/util/zip/DeflaterOutputStream
Event: 3.197 Loading class java/util/zip/DeflaterOutputStream done
Event: 3.197 Loading class java/nio/file/DirectoryNotEmptyException
Event: 3.197 Loading class java/nio/file/DirectoryNotEmptyException done
Event: 3.197 Loading class java/nio/file/ReadOnlyFileSystemException
Event: 3.197 Loading class java/nio/file/ReadOnlyFileSystemException done
Event: 3.198 Loading class java/nio/file/NotDirectoryException
Event: 3.198 Loading class java/nio/file/NotDirectoryException done
Event: 3.251 Loading class java/nio/file/attribute/PosixFileAttributeView
Event: 3.251 Loading class java/nio/file/attribute/FileOwnerAttributeView
Event: 3.251 Loading class java/nio/file/attribute/FileOwnerAttributeView done

Classes unloaded (0 events):
No events

Classes redefined (0 events):
No events

Internal exceptions (20 events):
Event: 1.826 Thread 0x0000029490e90db0 Exception <a 'java/lang/NoClassDefFoundError'{0x000000008953eb90}: com/google/inject/servlet/ServletModuleTargetVisitor> (0x000000008953eb90) 
thrown [s\src\hotspot\share\classfile\systemDictionary.cpp, line 316]
Event: 1.919 Thread 0x0000029490e90db0 Exception <a 'java/lang/NoSuchMethodError'{0x00000000893ee608}: 'void java.lang.invoke.DirectMethodHandle$Holder.invokeVirtual(java.lang.Object, java.lang.Object)'> (0x00000000893ee608) 
thrown [s\src\hotspot\share\interpreter\linkResolver.cpp, line 804]
Event: 1.943 Thread 0x0000029490e90db0 Exception <a 'java/lang/NoSuchMethodError'{0x000000008929ed08}: 'java.lang.Object java.lang.invoke.DirectMethodHandle$Holder.invokeStaticInit(java.lang.Object, int, int, int, int)'> (0x000000008929ed08) 
thrown [s\src\hotspot\share\interpreter\linkResolver.cpp, line 804]
Event: 2.061 Thread 0x0000029490e90db0 Exception <a 'java/lang/NoSuchMethodError'{0x0000000088d4ae20}: 'void java.lang.invoke.DirectMethodHandle$Holder.invokeSpecial(java.lang.Object, java.lang.Object, java.lang.Object, java.lang.Object, java.lang.Object)'> (0x0000000088d4ae20) 
thrown [s\src\hotspot\share\interpreter\linkResolver.cpp, line 804]
Event: 2.065 Thread 0x0000029490e90db0 Exception <a 'java/lang/NoSuchMethodError'{0x0000000088d82000}: 'java.lang.Object java.lang.invoke.DirectMethodHandle$Holder.invokeVirtual(java.lang.Object, java.lang.Object, java.lang.Object)'> (0x0000000088d82000) 
thrown [s\src\hotspot\share\interpreter\linkResolver.cpp, line 804]
Event: 2.068 Thread 0x0000029490e90db0 Exception <a 'java/lang/NoSuchMethodError'{0x0000000088da85d8}: 'void java.lang.invoke.DirectMethodHandle$Holder.invokeSpecial(java.lang.Object, java.lang.Object, java.lang.Object, java.lang.Object, java.lang.Object, java.lang.Object)'> (0x0000000088da85d8) 
thrown [s\src\hotspot\share\interpreter\linkResolver.cpp, line 804]
Event: 2.110 Thread 0x0000029490e90db0 Exception <a 'java/lang/NoSuchMethodError'{0x0000000088b5e140}: 'void java.lang.invoke.DirectMethodHandle$Holder.invokeVirtual(java.lang.Object, java.lang.Object, int)'> (0x0000000088b5e140) 
thrown [s\src\hotspot\share\interpreter\linkResolver.cpp, line 804]
Event: 2.111 Thread 0x0000029490e90db0 Exception <a 'java/lang/NoSuchMethodError'{0x0000000088b66930}: 'void java.lang.invoke.DirectMethodHandle$Holder.invokeSpecial(java.lang.Object, java.lang.Object, java.lang.Object, int)'> (0x0000000088b66930) 
thrown [s\src\hotspot\share\interpreter\linkResolver.cpp, line 804]
Event: 2.111 Thread 0x0000029490e90db0 Exception <a 'java/lang/NoSuchMethodError'{0x0000000088b6ecc8}: 'void java.lang.invoke.DelegatingMethodHandle$Holder.reinvoke_L(java.lang.Object, java.lang.Object, int)'> (0x0000000088b6ecc8) 
thrown [s\src\hotspot\share\interpreter\linkResolver.cpp, line 804]
Event: 2.414 Thread 0x0000029490e90db0 Implicit null exception at 0x00000294a397544a to 0x00000294a397564c
Event: 2.414 Thread 0x0000029490e90db0 Implicit null exception at 0x00000294a398ab86 to 0x00000294a398b858
Event: 2.415 Thread 0x0000029490e90db0 Implicit null exception at 0x00000294a39a42ca to 0x00000294a39a44d0
Event: 2.415 Thread 0x0000029490e90db0 Implicit null exception at 0x00000294a399b039 to 0x00000294a399b678
Event: 2.466 Thread 0x0000029490e90db0 Exception <a 'java/lang/NoSuchMethodError'{0x000000008b8d0c28}: 'java.lang.Object java.lang.invoke.DirectMethodHandle$Holder.newInvokeSpecial(java.lang.Object, java.lang.Object, java.lang.Object, java.lang.Object, java.lang.Object, java.lang.Object, java.lang.Object)'> (0x000000008b8d0c28) 
thrown [s\src\hotspot\share\interpreter\linkResolver.cpp, line 804]
Event: 2.700 Thread 0x0000029490e90db0 Exception <a 'java/lang/NoSuchMethodError'{0x000000008aea5718}: 'int java.lang.invoke.DirectMethodHandle$Holder.invokeVirtual(java.lang.Object, java.lang.Object)'> (0x000000008aea5718) 
thrown [s\src\hotspot\share\interpreter\linkResolver.cpp, line 804]
Event: 2.725 Thread 0x0000029490e90db0 Exception <a 'java/lang/NoSuchMethodError'{0x000000008add4390}: 'void java.lang.invoke.Invokers$Holder.invokeExact_MT(java.lang.Object, java.lang.Object, int, java.lang.Object)'> (0x000000008add4390) 
thrown [s\src\hotspot\share\interpreter\linkResolver.cpp, line 804]
Event: 3.089 Thread 0x0000029490e90db0 Exception <a 'java/lang/IncompatibleClassChangeError'{0x0000000089ff9d20}: Found class java.lang.Object, but interface was expected> (0x0000000089ff9d20) 
thrown [s\src\hotspot\share\interpreter\linkResolver.cpp, line 871]
Event: 3.090 Thread 0x0000029490e90db0 Exception <a 'java/lang/NoSuchMethodError'{0x0000000089e094f8}: 'void java.lang.invoke.DirectMethodHandle$Holder.invokeInterface(java.lang.Object, java.lang.Object, java.lang.Object)'> (0x0000000089e094f8) 
thrown [s\src\hotspot\share\interpreter\linkResolver.cpp, line 804]
Event: 3.171 Thread 0x0000029490e90db0 Exception <a 'java/lang/NoSuchMethodError'{0x0000000089db4618}: 'int java.lang.invoke.DirectMethodHandle$Holder.invokeInterface(java.lang.Object, java.lang.Object)'> (0x0000000089db4618) 
thrown [s\src\hotspot\share\interpreter\linkResolver.cpp, line 804]
Event: 3.190 Thread 0x0000029490e90db0 Exception <a 'java/lang/NoSuchMethodError'{0x0000000089c71cc8}: 'int java.lang.invoke.DirectMethodHandle$Holder.invokeVirtual(java.lang.Object, java.lang.Object, java.lang.Object)'> (0x0000000089c71cc8) 
thrown [s\src\hotspot\share\interpreter\linkResolver.cpp, line 804]

VM Operations (20 events):
Event: 1.982 Executing non-safepoint VM operation: HandshakeAllThreads (Deoptimize)
Event: 1.982 Executing non-safepoint VM operation: HandshakeAllThreads (Deoptimize) done
Event: 2.025 Executing non-safepoint VM operation: HandshakeAllThreads (Deoptimize)
Event: 2.025 Executing non-safepoint VM operation: HandshakeAllThreads (Deoptimize) done
Event: 2.026 Executing non-safepoint VM operation: HandshakeAllThreads (Deoptimize)
Event: 2.026 Executing non-safepoint VM operation: HandshakeAllThreads (Deoptimize) done
Event: 2.382 Executing safepoint VM operation: G1CollectForAllocation (G1 Evacuation Pause)
Event: 2.392 Executing safepoint VM operation: G1CollectForAllocation (G1 Evacuation Pause) done
Event: 2.724 Executing non-safepoint VM operation: HandshakeAllThreads (Deoptimize)
Event: 2.724 Executing non-safepoint VM operation: HandshakeAllThreads (Deoptimize) done
Event: 3.118 Executing non-safepoint VM operation: HandshakeAllThreads (Deoptimize)
Event: 3.118 Executing non-safepoint VM operation: HandshakeAllThreads (Deoptimize) done
Event: 3.168 Executing non-safepoint VM operation: HandshakeAllThreads (Deoptimize)
Event: 3.168 Executing non-safepoint VM operation: HandshakeAllThreads (Deoptimize) done
Event: 3.194 Executing non-safepoint VM operation: HandshakeAllThreads (Deoptimize)
Event: 3.195 Executing non-safepoint VM operation: HandshakeAllThreads (Deoptimize) done
Event: 3.250 Executing non-safepoint VM operation: HandshakeAllThreads (Deoptimize)
Event: 3.250 Executing non-safepoint VM operation: HandshakeAllThreads (Deoptimize) done
Event: 3.251 Executing non-safepoint VM operation: HandshakeAllThreads (Deoptimize)
Event: 3.251 Executing non-safepoint VM operation: HandshakeAllThreads (Deoptimize) done

Memory protections (0 events):
No events

Nmethod flushes (0 events):
No events

Events (16 events):
Event: 0.022 Thread 0x0000029490e90db0 Thread added: 0x0000029490e90db0
Event: 0.032 Thread 0x0000029490e90db0 Thread added: 0x00000294af910480
Event: 0.033 Thread 0x0000029490e90db0 Thread added: 0x00000294af911190
Event: 0.033 Thread 0x0000029490e90db0 Thread added: 0x00000294af916c60
Event: 0.033 Thread 0x0000029490e90db0 Thread added: 0x00000294af91a990
Event: 0.033 Thread 0x0000029490e90db0 Thread added: 0x00000294af91c0c0
Event: 0.033 Thread 0x0000029490e90db0 Thread added: 0x00000294af91f930
Event: 0.033 Thread 0x0000029490e90db0 Thread added: 0x00000294af92c3c0
Event: 0.033 Thread 0x0000029490e90db0 Thread added: 0x00000294af937b90
Event: 0.043 Thread 0x0000029490e90db0 Thread added: 0x00000294afa70270
Event: 0.046 Thread 0x0000029490e90db0 Thread added: 0x00000294afa88110
Event: 0.115 Thread 0x00000294af92c3c0 Thread added: 0x00000294afb354c0
Event: 0.226 Thread 0x0000029490e90db0 Thread added: 0x00000294b4071e00
Event: 0.248 Thread 0x00000294b4071e00 Thread exited: 0x00000294b4071e00
Event: 0.580 Thread 0x00000294afb354c0 Thread exited: 0x00000294afb354c0
Event: 0.716 Thread 0x00000294af937b90 Thread added: 0x00000294b498f9e0


Dynamic libraries:
0x00007ff6ba830000 - 0x00007ff6ba83e000 	C:\Program Files\Apache NetBeans\jdk\bin\java.exe
0x00007ff844ec0000 - 0x00007ff845127000 	C:\WINDOWS\SYSTEM32\ntdll.dll
0x00007ff8441d0000 - 0x00007ff844299000 	C:\WINDOWS\System32\KERNEL32.DLL
0x00007ff841c90000 - 0x00007ff842081000 	C:\WINDOWS\System32\KERNELBASE.dll
0x00007ff8422a0000 - 0x00007ff8423eb000 	C:\WINDOWS\System32\ucrtbase.dll
0x00007ff82abd0000 - 0x00007ff82abe6000 	C:\Program Files\Apache NetBeans\jdk\bin\jli.dll
0x00007ff82ae40000 - 0x00007ff82ae5e000 	C:\Program Files\Apache NetBeans\jdk\bin\VCRUNTIME140.dll
0x00007ff8442b0000 - 0x00007ff844475000 	C:\WINDOWS\System32\USER32.dll
0x00007ff8421c0000 - 0x00007ff8421e7000 	C:\WINDOWS\System32\win32u.dll
0x00007ff82e010000 - 0x00007ff82e2a3000 	C:\WINDOWS\WinSxS\amd64_microsoft.windows.common-controls_6595b64144ccf1df_6.0.26100.8037_none_3e092faae333b53b\COMCTL32.dll
0x00007ff844e50000 - 0x00007ff844e7b000 	C:\WINDOWS\System32\GDI32.dll
0x00007ff842f20000 - 0x00007ff842fc9000 	C:\WINDOWS\System32\msvcrt.dll
0x00007ff842090000 - 0x00007ff8421bb000 	C:\WINDOWS\System32\gdi32full.dll
0x00007ff841b20000 - 0x00007ff841bc3000 	C:\WINDOWS\System32\msvcp_win.dll
0x00007ff843740000 - 0x00007ff843771000 	C:\WINDOWS\System32\IMM32.DLL
0x00007ff82d810000 - 0x00007ff82d81c000 	C:\Program Files\Apache NetBeans\jdk\bin\vcruntime140_1.dll
0x00007ff80c770000 - 0x00007ff80c7fd000 	C:\Program Files\Apache NetBeans\jdk\bin\msvcp140.dll
0x00007fffca4c0000 - 0x00007fffcb3e6000 	C:\Program Files\Apache NetBeans\jdk\bin\server\jvm.dll
0x00007ff844000000 - 0x00007ff8440bb000 	C:\WINDOWS\System32\ADVAPI32.dll
0x00007ff843ee0000 - 0x00007ff843f87000 	C:\WINDOWS\System32\sechost.dll
0x00007ff843c80000 - 0x00007ff843d98000 	C:\WINDOWS\System32\RPCRT4.dll
0x00007ff842da0000 - 0x00007ff842e14000 	C:\WINDOWS\System32\WS2_32.dll
0x00007ff83b960000 - 0x00007ff83b96b000 	C:\WINDOWS\SYSTEM32\VERSION.dll
0x00007ff841600000 - 0x00007ff84165e000 	C:\WINDOWS\SYSTEM32\POWRPROF.dll
0x00007ff82b480000 - 0x00007ff82b4b5000 	C:\WINDOWS\SYSTEM32\WINMM.dll
0x00007ff8415e0000 - 0x00007ff8415f4000 	C:\WINDOWS\SYSTEM32\UMPDC.dll
0x00007ff840530000 - 0x00007ff84054b000 	C:\WINDOWS\SYSTEM32\kernel.appcore.dll
0x00007ff82d7c0000 - 0x00007ff82d7ca000 	C:\Program Files\Apache NetBeans\jdk\bin\jimage.dll
0x00007ff83f850000 - 0x00007ff83fa92000 	C:\WINDOWS\SYSTEM32\DBGHELP.DLL
0x00007ff844480000 - 0x00007ff844802000 	C:\WINDOWS\System32\combase.dll
0x00007ff843ba0000 - 0x00007ff843c77000 	C:\WINDOWS\System32\OLEAUT32.dll
0x00007ff832830000 - 0x00007ff83286b000 	C:\WINDOWS\SYSTEM32\dbgcore.DLL
0x00007ff8421f0000 - 0x00007ff842295000 	C:\WINDOWS\System32\bcryptPrimitives.dll
0x00007ff82ac80000 - 0x00007ff82ac9e000 	C:\Program Files\Apache NetBeans\jdk\bin\java.dll
0x00007ff843a00000 - 0x00007ff843b95000 	C:\WINDOWS\System32\ole32.dll
0x00007ff842fd0000 - 0x00007ff84372f000 	C:\WINDOWS\System32\SHELL32.dll
0x00007ff8419b0000 - 0x00007ff841b1a000 	C:\WINDOWS\System32\wintypes.dll
0x00007ff8423f0000 - 0x00007ff842c54000 	C:\WINDOWS\System32\windows.storage.dll
0x00007ff8440d0000 - 0x00007ff8441c7000 	C:\WINDOWS\System32\SHCORE.dll
0x00007ff843f90000 - 0x00007ff843ff7000 	C:\WINDOWS\System32\shlwapi.dll
0x00007ff8416c0000 - 0x00007ff8416e9000 	C:\WINDOWS\SYSTEM32\profapi.dll
0x00007ff82a410000 - 0x00007ff82a421000 	C:\Program Files\Apache NetBeans\jdk\bin\net.dll
0x00007ff840aa0000 - 0x00007ff840b0b000 	C:\WINDOWS\system32\mswsock.dll
0x00007ff828440000 - 0x00007ff828456000 	C:\Program Files\Apache NetBeans\jdk\bin\nio.dll
0x00007ff82a430000 - 0x00007ff82a447000 	C:\Program Files\Apache NetBeans\jdk\bin\zip.dll
0x00007ff825f60000 - 0x00007ff825f84000 	C:\Program Files\Apache NetBeans\java\maven\lib\jansi-native\Windows\x86_64\jansi.dll
0x00007ff82ce10000 - 0x00007ff82ce20000 	C:\Program Files\Apache NetBeans\jdk\bin\verify.dll

JVMTI agents: none

dbghelp: loaded successfully - version: 4.0.5 - missing functions: none
symbol engine: initialized successfully - sym options: 0x614 - pdb path: .;C:\Program Files\Apache NetBeans\jdk\bin;C:\WINDOWS\SYSTEM32;C:\WINDOWS\WinSxS\amd64_microsoft.windows.common-controls_6595b64144ccf1df_6.0.26100.8037_none_3e092faae333b53b;C:\Program Files\Apache NetBeans\jdk\bin\server;C:\Program Files\Apache NetBeans\java\maven\lib\jansi-native\Windows\x86_64

VM Arguments:
jvm_args: --enable-native-access=ALL-UNNAMED -Dclassworlds.conf=C:\Program Files\Apache NetBeans\java\maven\bin\m2.conf -Dmaven.home=C:\Program Files\Apache NetBeans\java\maven -Dlibrary.jansi.path=C:\Program Files\Apache NetBeans\java\maven\lib\jansi-native -Dmaven.multiModuleProjectDirectory=C:\PBO-SMT-2\sewa_camping 
java_command: org.codehaus.plexus.classworlds.launcher.Launcher -Dexec.vmArgs= -Dexec.args=${exec.vmArgs} -classpath %classpath ${exec.mainClass} ${exec.appArgs} -Dexec.appArgs= -Dexec.mainClass=com.mycompany.sewa_camping.FormLogin -Dexec.executable=C:\Program Files\Apache NetBeans\jdk\bin\java.exe -Dmaven.ext.class.path=C:\Program Files\Apache NetBeans\java\maven-nblib\netbeans-eventspy.jar --no-transfer-progress process-classes org.codehaus.mojo:exec-maven-plugin:3.5.1:exec
java_class_path (initial): C:\Program Files\Apache NetBeans\java\maven\boot\plexus-classworlds-2.9.0.jar
Launcher Type: SUN_STANDARD

[Global flags]
     intx CICompilerCount                          = 3                                         {product} {ergonomic}
     uint ConcGCThreads                            = 1                                         {product} {ergonomic}
     uint G1ConcRefinementThreads                  = 4                                         {product} {ergonomic}
   size_t G1HeapRegionSize                         = 1048576                                   {product} {ergonomic}
   size_t InitialHeapSize                          = 130023424                                 {product} {ergonomic}
   size_t MarkStackSize                            = 4194304                                   {product} {ergonomic}
   size_t MarkStackSizeMax                         = 536870912                                 {product} {ergonomic}
   size_t MaxHeapSize                              = 2080374784                                {product} {ergonomic}
   size_t MaxNewSize                               = 1247805440                                {product} {ergonomic}
   size_t MinHeapDeltaBytes                        = 1048576                                   {product} {ergonomic}
   size_t MinHeapSize                              = 8388608                                   {product} {ergonomic}
    uintx NonNMethodCodeHeapSize                   = 5832704                                {pd product} {ergonomic}
    uintx NonProfiledCodeHeapSize                  = 122945536                              {pd product} {ergonomic}
    uintx ProfiledCodeHeapSize                     = 122880000                              {pd product} {ergonomic}
    uintx ReservedCodeCacheSize                    = 251658240                              {pd product} {ergonomic}
     bool SegmentedCodeCache                       = true                                      {product} {ergonomic}
   size_t SoftMaxHeapSize                          = 2080374784                             {manageable} {ergonomic}
     bool UseCompressedOops                        = true                           {product lp64_product} {ergonomic}
     bool UseG1GC                                  = true                                      {product} {ergonomic}
     bool UseLargePagesIndividualAllocation        = false                                  {pd product} {ergonomic}

Logging:
Log output configuration:
 #0: stdout all=warning uptime,level,tags foldmultilines=false
 #1: stderr all=off uptime,level,tags foldmultilines=false

Release file:
IMPLEMENTOR="Eclipse Adoptium" 
IMPLEMENTOR_VERSION="Temurin-25.0.1+8" 
JAVA_RUNTIME_VERSION="25.0.1+8-LTS" 
JAVA_VERSION="25.0.1" 
JAVA_VERSION_DATE="2025-10-21" 
LIBC="default" 
MODULES="java.base java.compiler java.datatransfer java.xml java.prefs java.desktop java.instrument java.logging java.management java.security.sasl java.naming java.rmi java.management.rmi java.net.http java.scripting java.security.jgss java.transaction.xa java.sql java.sql.rowset java.xml.crypto java.se java.smartcardio jdk.accessibility jdk.internal.jvmstat jdk.attach jdk.charsets jdk.internal.opt jdk.zipfs jdk.compiler jdk.crypto.cryptoki jdk.crypto.ec jdk.crypto.mscapi jdk.dynalink jdk.internal.ed jdk.editpad jdk.internal.vm.ci jdk.graal.compiler jdk.graal.compiler.management jdk.hotspot.agent jdk.httpserver jdk.incubator.vector jdk.internal.le jdk.internal.md jdk.jartool jdk.javadoc jdk.jcmd jdk.management jdk.management.agent jdk.jconsole jdk.jdeps jdk.jdwp.agent jdk.jdi jdk.jfr jdk.jlink jdk.jpackage jdk.jshell jdk.jsobject jdk.jstatd jdk.localedata jdk.management.jfr jdk.naming.dns jdk.naming.rmi jdk.net jdk.nio.mapmode jdk.sctp jdk.security.auth jdk.security.jgss jdk.unsupported jdk.unsupported.desktop jdk.xml.dom" 
OS_ARCH="x86_64" 
OS_NAME="Windows" 
SOURCE=".:git:61d6a2c1b35e" 
BUILD_SOURCE="git:839fa0b45d809157cffd3dc8515aad262a4a1776"
BUILD_SOURCE_REPO="https://github.com/adoptium/temurin-build.git"
SOURCE_REPO="https://github.com/adoptium/jdk25u.git"
FULL_VERSION="25.0.1+8-LTS"
SEMANTIC_VERSION="25.0.1+8"
BUILD_INFO="OS: Windows Server 2022 Version: 10.0"
JVM_VARIANT="Hotspot"
JVM_VERSION="25.0.1+8-LTS"
IMAGE_TYPE="JDK"

Environment Variables:
JAVA_HOME=C:\Program Files\Apache NetBeans\jdk
PATH=C:\Program Files\Common Files\Oracle\Java\javapath;C:\Windows\system32;C:\Windows;C:\Windows\System32\Wbem;C:\Windows\System32\WindowsPowerShell\v1.0\;C:\Windows\System32\OpenSSH\;C:\Program Files (x86)\NVIDIA Corporation\PhysX\Common;C:\WINDOWS\system32;C:\WINDOWS;C:\WINDOWS\System32\Wbem;C:\WINDOWS\System32\WindowsPowerShell\v1.0\;C:\WINDOWS\System32\OpenSSH\;C:\MinGW\bin;C:\Program Files\Java\jdk-25.0.2\bin;C:\Users\ASUS\AppData\Local\Microsoft\WindowsApps;C:\Users\ASUS\AppData\Local\Programs\Microsoft VS Code\bin
USERNAME=ASUS
OS=Windows_NT
PROCESSOR_IDENTIFIER=Intel64 Family 6 Model 126 Stepping 5, GenuineIntel
TMP=C:\Users\ASUS\AppData\Local\Temp
TEMP=C:\Users\ASUS\AppData\Local\Temp




Compilation memory statistics disabled.

Periodic native trim disabled

---------------  S Y S T E M  ---------------

OS:
 Windows 11 , 64 bit Build 26100 (10.0.26100.7920)
OS uptime: 19 days 19:27 hours

CPU: total 4 (initial active 4) (2 cores per cpu, 2 threads per core) family 6 model 126 stepping 5 microcode 0xa0, cx8, cmov, fxsr, ht, mmx, 3dnowpref, sse, sse2, sse3, ssse3, sse4.1, sse4.2, popcnt, lzcnt, tsc, tscinvbit, avx, avx2, aes, erms, clmul, bmi1, bmi2, adx, avx512f, avx512dq, avx512cd, avx512bw, avx512vl, sha, fma, vzeroupper, avx512_vpopcntdq, avx512_vpclmulqdq, avx512_vaes, avx512_vnni, clflush, clflushopt, avx512_vbmi2, avx512_vbmi, rdtscp, rdpid, fsrm, gfni, avx512_bitalg, f16c, pku, avx512_ifma
Processor Information for the first 4 processors :
  Max Mhz: 1190, Current Mhz: 1190, Mhz Limit: 1190

Memory: 4k page, system-wide physical 7932M (848M free)
TotalPageFile size 16124M (AvailPageFile size 5M)
current process WorkingSet (physical memory assigned to process): 178M, peak: 178M
current process commit charge ("private bytes"): 262M, peak: 263M

vm_info: OpenJDK 64-Bit Server VM (25.0.1+8-LTS) for windows-amd64 JRE (25.0.1+8-LTS), built on 2025-10-21T00:00:00Z with unknown MS VC++:1942

END.
